2024-01-24 /home/gearhead/Projects/temp/qwerty_240124
2024-01-24    /home/gearhead/Projects/temp/qwerty_240124/aazz_240124.az	3KB
2024-01-24    /home/gearhead/Projects/temp/qwerty_240124/aaazz_240124.az	3KB
2024-01-24    /home/gearhead/Projects/temp/qwerty_240124/aaaazz_240124.az	3KB
2024-01-24    /home/gearhead/Projects/temp/qwerty_240124/aaaaazz_240124.az	3KB
2024-01-24    /home/gearhead/Projects/temp/qwerty_240124/aaaaaazz_240124.az	3KB
2024-01-24    /home/gearhead/Projects/temp/qwerty_240124/aaaaaaazz_240124.az	3KB
2024-01-24    /home/gearhead/Projects/temp/qwerty_240124/aaaaaaaazz_240124.az	3KB
2024-01-24    /home/gearhead/Projects/temp/qwerty_240124/aaaaaaaaazz_240124.az	3KB
2024-01-24    /home/gearhead/Projects/temp/qwerty_240124/aaaaaaaaaazz_240124.az	3KB
2024-01-24    /home/gearhead/Projects/temp/qwerty_240124/aaaaaaaaaaazz_240124.az	3KB
2024-01-24    /home/gearhead/Projects/temp/qwerty_240124/aaaaaaaaaaaazz_240124.az	3KB
2024-01-24    /home/gearhead/Projects/temp/qwerty_240124/aaaaaaaaaaaaazz_240124.az	3KB
2024-01-24    /home/gearhead/Projects/temp/qwerty_240124/aaaaaaaaaaaaaazz_240124.az	3KB
2024-01-24    /home/gearhead/Projects/temp/qwerty_240124/aaaaaaaaaaaaaaazz_240124.az	3KB
2024-01-24    /home/gearhead/Projects/temp/qwerty_240124/aaaaaaaaaaaaaaaazz_240124.az	3KB
2024-01-24 /home/gearhead/Projects/temp/qwerty_240124
2024-01-24    /home/gearhead/Projects/temp/qqwerty_240124/aazz_240124.az	3KB
2024-01-24    /home/gearhead/Projects/temp/qqwerty_240124/aaazz_240124.az	3KB
2024-01-24    /home/gearhead/Projects/temp/qqwerty_240124/aaaazz_240124.az	3KB
2024-01-24    /home/gearhead/Projects/temp/qqwerty_240124/aaaaazz_240124.az	3KB
2024-01-24    /home/gearhead/Projects/temp/qqwerty_240124/aaaaaazz_240124.az	3KB
2024-01-24    /home/gearhead/Projects/temp/qqwerty_240124/aaaaaaazz_240124.az	3KB
2024-01-24    /home/gearhead/Projects/temp/qqwerty_240124/aaaaaaaazz_240124.az	3KB
2024-01-24    /home/gearhead/Projects/temp/qqwerty_240124/aaaaaaaaazz_240124.az	3KB
2024-01-24    /home/gearhead/Projects/temp/qqwerty_240124/aaaaaaaaaazz_240124.az	3KB
2024-01-24    /home/gearhead/Projects/temp/qqwerty_240124/aaaaaaaaaaazz_240124.az	3KB
2024-01-24    /home/gearhead/Projects/temp/qqwerty_240124/aaaaaaaaaaaazz_240124.az	3KB
2024-01-24    /home/gearhead/Projects/temp/qqwerty_240124/aaaaaaaaaaaaazz_240124.az	3KB
2024-01-24    /home/gearhead/Projects/temp/qqwerty_240124/aaaaaaaaaaaaaazz_240124.az	3KB
2024-01-24    /home/gearhead/Projects/temp/qqwerty_240124/aaaaaaaaaaaaaaazz_240124.az	3KB
2024-01-24    /home/gearhead/Projects/temp/qqwerty_240124/aaaaaaaaaaaaaaaazz_240124.az	3KB
2024-01-24 /home/gearhead/Projects/temp/qwerty_240124
2024-01-24    /home/gearhead/Projects/temp/qqqwerty_240124/aazz_240124.az	3KB
2024-01-24    /home/gearhead/Projects/temp/qqqwerty_240124/aaazz_240124.az	3KB
2024-01-24    /home/gearhead/Projects/temp/qqqwerty_240124/aaaazz_240124.az	3KB
2024-01-24    /home/gearhead/Projects/temp/qqqwerty_240124/aaaaazz_240124.az	3KB
2024-01-24    /home/gearhead/Projects/temp/qqqwerty_240124/aaaaaazz_240124.az	3KB
2024-01-24    /home/gearhead/Projects/temp/qqqwerty_240124/aaaaaaazz_240124.az	3KB
2024-01-24    /home/gearhead/Projects/temp/qqqwerty_240124/aaaaaaaazz_240124.az	3KB
2024-01-24    /home/gearhead/Projects/temp/qqqwerty_240124/aaaaaaaaazz_240124.az	3KB
2024-01-24    /home/gearhead/Projects/temp/qqqwerty_240124/aaaaaaaaaazz_240124.az	3KB
2024-01-24    /home/gearhead/Projects/temp/qqqwerty_240124/aaaaaaaaaaazz_240124.az	3KB
2024-01-24    /home/gearhead/Projects/temp/qqqwerty_240124/aaaaaaaaaaaazz_240124.az	3KB
2024-01-24    /home/gearhead/Projects/temp/qqqwerty_240124/aaaaaaaaaaaaazz_240124.az	3KB
2024-01-24    /home/gearhead/Projects/temp/qqqwerty_240124/aaaaaaaaaaaaaazz_240124.az	3KB
2024-01-24    /home/gearhead/Projects/temp/qqqwerty_240124/aaaaaaaaaaaaaaazz_240124.az	3KB
2024-01-24    /home/gearhead/Projects/temp/qqqwerty_240124/aaaaaaaaaaaaaaaazz_240124.az	3KB
2024-01-24 /home/gearhead/Projects/temp/qwerty_240124
2024-01-24    /home/gearhead/Projects/temp/qqqqwerty_240124/aazz_240124.az	3KB
2024-01-24    /home/gearhead/Projects/temp/qqqqwerty_240124/aaazz_240124.az	3KB
2024-01-24    /home/gearhead/Projects/temp/qqqqwerty_240124/aaaazz_240124.az	3KB
2024-01-24    /home/gearhead/Projects/temp/qqqqwerty_240124/aaaaazz_240124.az	3KB
2024-01-24    /home/gearhead/Projects/temp/qqqqwerty_240124/aaaaaazz_240124.az	3KB
2024-01-24    /home/gearhead/Projects/temp/qqqqwerty_240124/aaaaaaazz_240124.az	3KB
2024-01-24    /home/gearhead/Projects/temp/qqqqwerty_240124/aaaaaaaazz_240124.az	3KB
2024-01-24    /home/gearhead/Projects/temp/qqqqwerty_240124/aaaaaaaaazz_240124.az	3KB
2024-01-24    /home/gearhead/Projects/temp/qqqqwerty_240124/aaaaaaaaaazz_240124.az	3KB
2024-01-24    /home/gearhead/Projects/temp/qqqqwerty_240124/aaaaaaaaaaazz_240124.az	3KB
2024-01-24    /home/gearhead/Projects/temp/qqqqwerty_240124/aaaaaaaaaaaazz_240124.az	3KB
2024-01-24    /home/gearhead/Projects/temp/qqqqwerty_240124/aaaaaaaaaaaaazz_240124.az	3KB
2024-01-24    /home/gearhead/Projects/temp/qqqqwerty_240124/aaaaaaaaaaaaaazz_240124.az	3KB
2024-01-24    /home/gearhead/Projects/temp/qqqqwerty_240124/aaaaaaaaaaaaaaazz_240124.az	3KB
2024-01-24    /home/gearhead/Projects/temp/qqqqwerty_240124/aaaaaaaaaaaaaaaazz_240124.az	3KB
