"PATCH /8/users.log HTTP/1.1"
"PATCH /9/stuff.html HTTP/1.1"
"POST /83/api/data HTTP/1.1"
"POST /9/stuff.html HTTP/1.1"
"DELETE /49/index.html HTTP/1.1"
"PUT /33/index.html HTTP/1.1"
"DELETE /22/users.log HTTP/1.1"
"PUT /1/resources/file.txt HTTP/1.1"
"DELETE /58/resources/file.txt HTTP/1.1"
"PATCH /73/stuff.html HTTP/1.1"
"PUT /39/users.log HTTP/1.1"
"PUT /4/info.htnl HTTP/1.1"
"GET /51/index.html HTTP/1.1"
"GET /35/api/data HTTP/1.1"
"PATCH /25/stuff.html HTTP/1.1"
"PATCH /40/resources/file.txt HTTP/1.1"
"PATCH /54/users.log HTTP/1.1"
"POST /1/info.htnl HTTP/1.1"
"PATCH /81/info.htnl HTTP/1.1"
"PUT /93/api/data HTTP/1.1"
"PATCH /92/info.htnl HTTP/1.1"
"PATCH /24/index.html HTTP/1.1"
"DELETE /93/resources/file.txt HTTP/1.1"
"POST /51/api/data HTTP/1.1"
"DELETE /40/api/data HTTP/1.1"
"PUT /34/index.html HTTP/1.1"
"GET /29/users.log HTTP/1.1"
"POST /71/api/data HTTP/1.1"
"POST /73/index.html HTTP/1.1"
"PUT /54/stuff.html HTTP/1.1"
"PATCH /61/index.html HTTP/1.1"
"GET /88/api/data HTTP/1.1"
"DELETE /6/users.log HTTP/1.1"
"PUT /78/info.htnl HTTP/1.1"
"POST /2/stuff.html HTTP/1.1"
"DELETE /73/resources/file.txt HTTP/1.1"
"PUT /57/api/data HTTP/1.1"
"PUT /92/index.html HTTP/1.1"
"PUT /66/resources/file.txt HTTP/1.1"
"PATCH /74/info.htnl HTTP/1.1"
"POST /87/users.log HTTP/1.1"
"PATCH /58/index.html HTTP/1.1"
"DELETE /27/info.htnl HTTP/1.1"
"POST /23/index.html HTTP/1.1"
"GET /43/info.htnl HTTP/1.1"
"PATCH /53/resources/file.txt HTTP/1.1"
"DELETE /24/api/data HTTP/1.1"
"PATCH /54/info.htnl HTTP/1.1"
"DELETE /97/stuff.html HTTP/1.1"
"PUT /69/api/data HTTP/1.1"
"PATCH /22/users.log HTTP/1.1"
"PUT /90/index.html HTTP/1.1"
"GET /3/resources/file.txt HTTP/1.1"
"POST /80/info.htnl HTTP/1.1"
"GET /93/api/data HTTP/1.1"
"PATCH /85/users.log HTTP/1.1"
"GET /7/resources/file.txt HTTP/1.1"
"PATCH /7/resources/file.txt HTTP/1.1"
"PATCH /46/info.htnl HTTP/1.1"
"PUT /84/info.htnl HTTP/1.1"
"GET /35/info.htnl HTTP/1.1"
"GET /28/resources/file.txt HTTP/1.1"
"PATCH /5/resources/file.txt HTTP/1.1"
"GET /86/resources/file.txt HTTP/1.1"
"GET /97/users.log HTTP/1.1"
"GET /59/stuff.html HTTP/1.1"
"DELETE /56/stuff.html HTTP/1.1"
"GET /47/info.htnl HTTP/1.1"
"PUT /49/api/data HTTP/1.1"
"POST /19/users.log HTTP/1.1"
"PATCH /83/resources/file.txt HTTP/1.1"
"GET /89/api/data HTTP/1.1"
"GET /34/info.htnl HTTP/1.1"
"GET /61/stuff.html HTTP/1.1"
"DELETE /95/stuff.html HTTP/1.1"
"POST /43/api/data HTTP/1.1"
"PUT /63/index.html HTTP/1.1"
"GET /5/api/data HTTP/1.1"
"PUT /57/resources/file.txt HTTP/1.1"
"PUT /0/resources/file.txt HTTP/1.1"
"POST /56/info.htnl HTTP/1.1"
"POST /82/index.html HTTP/1.1"
"PATCH /8/users.log HTTP/1.1"
"DELETE /8/stuff.html HTTP/1.1"
"GET /6/index.html HTTP/1.1"
"PATCH /27/resources/file.txt HTTP/1.1"
"PUT /32/resources/file.txt HTTP/1.1"
"PATCH /21/stuff.html HTTP/1.1"
"POST /47/users.log HTTP/1.1"
"POST /30/info.htnl HTTP/1.1"
"PATCH /78/api/data HTTP/1.1"
"PUT /86/index.html HTTP/1.1"
"PATCH /54/users.log HTTP/1.1"
"PUT /94/users.log HTTP/1.1"
"PATCH /58/index.html HTTP/1.1"
"PATCH /30/info.htnl HTTP/1.1"
"PATCH /63/users.log HTTP/1.1"
"POST /46/api/data HTTP/1.1"
"PATCH /36/api/data HTTP/1.1"
"POST /96/api/data HTTP/1.1"
"DELETE /73/index.html HTTP/1.1"
"GET /70/info.htnl HTTP/1.1"
"POST /8/info.htnl HTTP/1.1"
"PATCH /54/info.htnl HTTP/1.1"
"GET /96/resources/file.txt HTTP/1.1"
"DELETE /30/users.log HTTP/1.1"
"DELETE /96/index.html HTTP/1.1"
"GET /74/index.html HTTP/1.1"
"PUT /40/resources/file.txt HTTP/1.1"
"PUT /32/stuff.html HTTP/1.1"
"PATCH /6/resources/file.txt HTTP/1.1"
"POST /92/resources/file.txt HTTP/1.1"
"PATCH /93/users.log HTTP/1.1"
"PATCH /42/resources/file.txt HTTP/1.1"
"PATCH /21/resources/file.txt HTTP/1.1"
"POST /37/resources/file.txt HTTP/1.1"
"PUT /46/stuff.html HTTP/1.1"
"PATCH /55/index.html HTTP/1.1"
"GET /57/users.log HTTP/1.1"
"POST /12/resources/file.txt HTTP/1.1"
"POST /13/users.log HTTP/1.1"
"POST /75/stuff.html HTTP/1.1"
"PATCH /95/api/data HTTP/1.1"
"PATCH /65/stuff.html HTTP/1.1"
"PUT /93/users.log HTTP/1.1"
"GET /11/index.html HTTP/1.1"
"POST /11/index.html HTTP/1.1"
"PATCH /16/resources/file.txt HTTP/1.1"
"PUT /56/api/data HTTP/1.1"
"DELETE /71/resources/file.txt HTTP/1.1"
"DELETE /19/users.log HTTP/1.1"
"DELETE /75/users.log HTTP/1.1"
"DELETE /79/resources/file.txt HTTP/1.1"
"PATCH /6/users.log HTTP/1.1"
"DELETE /7/resources/file.txt HTTP/1.1"
"DELETE /85/api/data HTTP/1.1"
"DELETE /71/stuff.html HTTP/1.1"
"POST /45/resources/file.txt HTTP/1.1"
"PUT /79/index.html HTTP/1.1"
"PATCH /8/info.htnl HTTP/1.1"
"PATCH /30/users.log HTTP/1.1"
"POST /56/index.html HTTP/1.1"
"PUT /54/info.htnl HTTP/1.1"
"PATCH /64/stuff.html HTTP/1.1"
"GET /38/api/data HTTP/1.1"
"POST /64/index.html HTTP/1.1"
"DELETE /65/info.htnl HTTP/1.1"
"PUT /95/info.htnl HTTP/1.1"
"POST /84/users.log HTTP/1.1"
"PATCH /69/index.html HTTP/1.1"
"PUT /67/api/data HTTP/1.1"
"PUT /13/api/data HTTP/1.1"
"DELETE /54/index.html HTTP/1.1"
"GET /0/info.htnl HTTP/1.1"
"POST /15/index.html HTTP/1.1"
"PATCH /9/api/data HTTP/1.1"
"POST /54/resources/file.txt HTTP/1.1"
"PUT /52/users.log HTTP/1.1"
"POST /84/index.html HTTP/1.1"
"PATCH /4/api/data HTTP/1.1"
"POST /13/info.htnl HTTP/1.1"
"DELETE /73/users.log HTTP/1.1"
"PUT /17/info.htnl HTTP/1.1"
"DELETE /23/info.htnl HTTP/1.1"
"PATCH /14/index.html HTTP/1.1"
"GET /60/users.log HTTP/1.1"
"DELETE /56/stuff.html HTTP/1.1"
"PATCH /39/stuff.html HTTP/1.1"
"DELETE /34/index.html HTTP/1.1"
"POST /10/api/data HTTP/1.1"
"PUT /5/stuff.html HTTP/1.1"
"GET /25/users.log HTTP/1.1"
"POST /52/index.html HTTP/1.1"
"PATCH /16/users.log HTTP/1.1"
"POST /25/api/data HTTP/1.1"
"DELETE /68/info.htnl HTTP/1.1"
"PATCH /29/info.htnl HTTP/1.1"
"PATCH /44/resources/file.txt HTTP/1.1"
"GET /65/users.log HTTP/1.1"
"GET /25/resources/file.txt HTTP/1.1"
"DELETE /47/api/data HTTP/1.1"
"PATCH /52/api/data HTTP/1.1"
"DELETE /86/index.html HTTP/1.1"
"DELETE /36/stuff.html HTTP/1.1"
"PUT /31/api/data HTTP/1.1"
"PATCH /85/resources/file.txt HTTP/1.1"
"POST /94/index.html HTTP/1.1"
"PUT /27/index.html HTTP/1.1"
"PUT /84/info.htnl HTTP/1.1"
"PATCH /23/api/data HTTP/1.1"
"DELETE /74/users.log HTTP/1.1"
"DELETE /80/stuff.html HTTP/1.1"
"PUT /89/users.log HTTP/1.1"
"DELETE /45/index.html HTTP/1.1"
"GET /7/users.log HTTP/1.1"
"DELETE /35/info.htnl HTTP/1.1"
"PUT /95/stuff.html HTTP/1.1"
"PATCH /50/users.log HTTP/1.1"
"DELETE /21/info.htnl HTTP/1.1"
"DELETE /15/api/data HTTP/1.1"
"DELETE /84/index.html HTTP/1.1"
"POST /59/api/data HTTP/1.1"
"PUT /59/info.htnl HTTP/1.1"
"POST /46/stuff.html HTTP/1.1"
"PATCH /73/index.html HTTP/1.1"
"POST /83/api/data HTTP/1.1"
"PATCH /83/index.html HTTP/1.1"
"POST /51/info.htnl HTTP/1.1"
"GET /32/index.html HTTP/1.1"
"PATCH /74/index.html HTTP/1.1"
"POST /58/index.html HTTP/1.1"
"GET /48/api/data HTTP/1.1"
"DELETE /96/stuff.html HTTP/1.1"
"GET /24/index.html HTTP/1.1"
"PATCH /74/index.html HTTP/1.1"
"PUT /77/index.html HTTP/1.1"
"PUT /42/stuff.html HTTP/1.1"
"PUT /63/users.log HTTP/1.1"
"DELETE /52/index.html HTTP/1.1"
"GET /31/info.htnl HTTP/1.1"
"GET /1/info.htnl HTTP/1.1"
"PATCH /86/api/data HTTP/1.1"
"GET /69/users.log HTTP/1.1"
"POST /99/index.html HTTP/1.1"
"POST /93/stuff.html HTTP/1.1"
"POST /57/api/data HTTP/1.1"
"DELETE /67/resources/file.txt HTTP/1.1"
"DELETE /50/index.html HTTP/1.1"
"PUT /36/users.log HTTP/1.1"
"PUT /93/resources/file.txt HTTP/1.1"
"POST /82/stuff.html HTTP/1.1"
"PUT /48/stuff.html HTTP/1.1"
"PATCH /17/info.htnl HTTP/1.1"
"PUT /38/resources/file.txt HTTP/1.1"
"POST /93/api/data HTTP/1.1"
"PATCH /70/users.log HTTP/1.1"
"PUT /3/info.htnl HTTP/1.1"
"POST /83/index.html HTTP/1.1"
"PATCH /60/info.htnl HTTP/1.1"
"PUT /70/users.log HTTP/1.1"
"PUT /96/stuff.html HTTP/1.1"
"GET /97/stuff.html HTTP/1.1"
"GET /62/info.htnl HTTP/1.1"
"POST /6/index.html HTTP/1.1"
"POST /67/resources/file.txt HTTP/1.1"
"PATCH /67/resources/file.txt HTTP/1.1"
"GET /54/info.htnl HTTP/1.1"
"POST /12/info.htnl HTTP/1.1"
"GET /32/index.html HTTP/1.1"
"POST /85/stuff.html HTTP/1.1"
"PUT /39/resources/file.txt HTTP/1.1"
"PUT /19/info.htnl HTTP/1.1"
"DELETE /45/info.htnl HTTP/1.1"
"DELETE /88/info.htnl HTTP/1.1"
"DELETE /97/resources/file.txt HTTP/1.1"
"GET /74/info.htnl HTTP/1.1"
"PATCH /54/index.html HTTP/1.1"
"POST /86/api/data HTTP/1.1"
"GET /9/index.html HTTP/1.1"
"PUT /40/users.log HTTP/1.1"
"GET /62/stuff.html HTTP/1.1"
"POST /22/stuff.html HTTP/1.1"
"DELETE /89/users.log HTTP/1.1"
"POST /20/api/data HTTP/1.1"
"POST /66/users.log HTTP/1.1"
"GET /31/resources/file.txt HTTP/1.1"
"PATCH /19/info.htnl HTTP/1.1"
"PATCH /6/resources/file.txt HTTP/1.1"
"GET /7/users.log HTTP/1.1"
"GET /93/resources/file.txt HTTP/1.1"
"DELETE /6/info.htnl HTTP/1.1"
"GET /30/info.htnl HTTP/1.1"
"POST /98/api/data HTTP/1.1"
"PUT /79/stuff.html HTTP/1.1"
"PATCH /60/index.html HTTP/1.1"
"PATCH /1/stuff.html HTTP/1.1"
"POST /57/info.htnl HTTP/1.1"
"GET /97/api/data HTTP/1.1"
"POST /47/users.log HTTP/1.1"
"GET /88/stuff.html HTTP/1.1"
"DELETE /63/api/data HTTP/1.1"
"PATCH /15/users.log HTTP/1.1"
"DELETE /97/resources/file.txt HTTP/1.1"
"GET /0/info.htnl HTTP/1.1"
"DELETE /54/info.htnl HTTP/1.1"
"GET /92/api/data HTTP/1.1"
"DELETE /18/api/data HTTP/1.1"
"PATCH /58/users.log HTTP/1.1"
"POST /31/resources/file.txt HTTP/1.1"
"DELETE /56/api/data HTTP/1.1"
"GET /55/stuff.html HTTP/1.1"
"POST /49/stuff.html HTTP/1.1"
"PATCH /85/api/data HTTP/1.1"
"POST /7/api/data HTTP/1.1"
"POST /20/resources/file.txt HTTP/1.1"
"DELETE /57/api/data HTTP/1.1"
"POST /33/stuff.html HTTP/1.1"
"PUT /96/info.htnl HTTP/1.1"
"DELETE /56/stuff.html HTTP/1.1"
"DELETE /59/users.log HTTP/1.1"
"DELETE /55/info.htnl HTTP/1.1"
"PUT /17/index.html HTTP/1.1"
"PATCH /92/info.htnl HTTP/1.1"
"PUT /69/info.htnl HTTP/1.1"
"PATCH /38/info.htnl HTTP/1.1"
"DELETE /33/stuff.html HTTP/1.1"
"POST /96/info.htnl HTTP/1.1"
"GET /28/resources/file.txt HTTP/1.1"
"PATCH /21/users.log HTTP/1.1"
"PUT /86/stuff.html HTTP/1.1"
"PATCH /92/resources/file.txt HTTP/1.1"
"GET /73/users.log HTTP/1.1"
"DELETE /44/api/data HTTP/1.1"
"PUT /4/index.html HTTP/1.1"
"POST /71/info.htnl HTTP/1.1"
"GET /27/info.htnl HTTP/1.1"
"GET /81/users.log HTTP/1.1"
"PUT /70/users.log HTTP/1.1"
"GET /46/api/data HTTP/1.1"
"GET /27/index.html HTTP/1.1"
"PUT /18/resources/file.txt HTTP/1.1"
"PUT /80/info.htnl HTTP/1.1"
"GET /40/index.html HTTP/1.1"
"DELETE /88/info.htnl HTTP/1.1"
"DELETE /17/stuff.html HTTP/1.1"
"PUT /49/api/data HTTP/1.1"
"PATCH /29/users.log HTTP/1.1"
"GET /85/info.htnl HTTP/1.1"
"DELETE /5/info.htnl HTTP/1.1"
"PUT /15/api/data HTTP/1.1"
"PATCH /54/api/data HTTP/1.1"
"POST /19/info.htnl HTTP/1.1"
"PUT /41/stuff.html HTTP/1.1"
"GET /28/info.htnl HTTP/1.1"
"PUT /77/stuff.html HTTP/1.1"
"PATCH /37/users.log HTTP/1.1"
"DELETE /31/users.log HTTP/1.1"
"DELETE /85/api/data HTTP/1.1"
"DELETE /82/index.html HTTP/1.1"
"DELETE /39/info.htnl HTTP/1.1"
"PATCH /23/resources/file.txt HTTP/1.1"
"POST /84/api/data HTTP/1.1"
"PUT /81/users.log HTTP/1.1"
"PUT /63/resources/file.txt HTTP/1.1"
"PATCH /27/index.html HTTP/1.1"
"DELETE /15/resources/file.txt HTTP/1.1"
"GET /77/api/data HTTP/1.1"
"PUT /91/stuff.html HTTP/1.1"
"PUT /74/stuff.html HTTP/1.1"
"PATCH /8/api/data HTTP/1.1"
"PUT /63/users.log HTTP/1.1"
"PATCH /16/info.htnl HTTP/1.1"
"POST /0/users.log HTTP/1.1"
"PUT /53/users.log HTTP/1.1"
"PATCH /48/users.log HTTP/1.1"
"PUT /96/stuff.html HTTP/1.1"
"PUT /43/users.log HTTP/1.1"
"PATCH /98/resources/file.txt HTTP/1.1"
"PUT /88/api/data HTTP/1.1"
"DELETE /39/index.html HTTP/1.1"
"GET /76/users.log HTTP/1.1"
"GET /18/info.htnl HTTP/1.1"
"PATCH /84/resources/file.txt HTTP/1.1"
"GET /79/index.html HTTP/1.1"
"PUT /9/resources/file.txt HTTP/1.1"
"DELETE /67/index.html HTTP/1.1"
"PUT /67/resources/file.txt HTTP/1.1"
"GET /87/info.htnl HTTP/1.1"
"POST /75/info.htnl HTTP/1.1"
"GET /76/stuff.html HTTP/1.1"
"POST /5/resources/file.txt HTTP/1.1"
"DELETE /8/users.log HTTP/1.1"
"PATCH /89/resources/file.txt HTTP/1.1"
"GET /97/api/data HTTP/1.1"
"DELETE /15/api/data HTTP/1.1"
"DELETE /91/resources/file.txt HTTP/1.1"
"POST /23/index.html HTTP/1.1"
"GET /96/info.htnl HTTP/1.1"
"DELETE /98/resources/file.txt HTTP/1.1"
"DELETE /87/users.log HTTP/1.1"
"POST /3/api/data HTTP/1.1"
"POST /67/stuff.html HTTP/1.1"
"PUT /63/users.log HTTP/1.1"
"DELETE /35/resources/file.txt HTTP/1.1"
"POST /71/api/data HTTP/1.1"
"DELETE /70/stuff.html HTTP/1.1"
"DELETE /27/stuff.html HTTP/1.1"
"PUT /69/api/data HTTP/1.1"
"DELETE /13/api/data HTTP/1.1"
"PATCH /82/info.htnl HTTP/1.1"
"PATCH /31/info.htnl HTTP/1.1"
"PUT /29/users.log HTTP/1.1"
"POST /57/index.html HTTP/1.1"
"GET /19/users.log HTTP/1.1"
"POST /7/info.htnl HTTP/1.1"
"DELETE /77/resources/file.txt HTTP/1.1"
"PUT /91/users.log HTTP/1.1"
"PATCH /19/users.log HTTP/1.1"
"PATCH /42/stuff.html HTTP/1.1"
"GET /95/users.log HTTP/1.1"
"POST /73/index.html HTTP/1.1"
"PUT /88/resources/file.txt HTTP/1.1"
"PATCH /50/api/data HTTP/1.1"
"PUT /84/info.htnl HTTP/1.1"
"PUT /91/info.htnl HTTP/1.1"
"GET /50/resources/file.txt HTTP/1.1"
"POST /96/index.html HTTP/1.1"
"PUT /55/users.log HTTP/1.1"
"DELETE /93/stuff.html HTTP/1.1"
"DELETE /67/api/data HTTP/1.1"
"GET /32/users.log HTTP/1.1"
"PATCH /18/api/data HTTP/1.1"
"DELETE /54/api/data HTTP/1.1"
"PUT /72/info.htnl HTTP/1.1"
"POST /9/resources/file.txt HTTP/1.1"
"PUT /37/index.html HTTP/1.1"
"GET /77/users.log HTTP/1.1"
"DELETE /25/stuff.html HTTP/1.1"
"PUT /99/resources/file.txt HTTP/1.1"
"PUT /16/info.htnl HTTP/1.1"
"PATCH /76/resources/file.txt HTTP/1.1"
"PATCH /33/index.html HTTP/1.1"
"POST /89/index.html HTTP/1.1"
"DELETE /57/resources/file.txt HTTP/1.1"
"GET /15/api/data HTTP/1.1"
"GET /91/api/data HTTP/1.1"
"PUT /73/info.htnl HTTP/1.1"
"PUT /33/users.log HTTP/1.1"
"DELETE /35/resources/file.txt HTTP/1.1"
"PATCH /49/stuff.html HTTP/1.1"
"PUT /58/api/data HTTP/1.1"
"GET /25/api/data HTTP/1.1"
"POST /63/index.html HTTP/1.1"
"DELETE /4/stuff.html HTTP/1.1"
"DELETE /86/index.html HTTP/1.1"
"GET /11/info.htnl HTTP/1.1"
"DELETE /73/stuff.html HTTP/1.1"
"POST /17/index.html HTTP/1.1"
"POST /90/resources/file.txt HTTP/1.1"
"PATCH /95/users.log HTTP/1.1"
"GET /74/info.htnl HTTP/1.1"
"PUT /63/api/data HTTP/1.1"
"PATCH /20/api/data HTTP/1.1"
"PUT /69/info.htnl HTTP/1.1"
"PUT /65/info.htnl HTTP/1.1"
"GET /32/users.log HTTP/1.1"
"GET /48/resources/file.txt HTTP/1.1"
"POST /47/resources/file.txt HTTP/1.1"
"PUT /55/resources/file.txt HTTP/1.1"
"GET /73/api/data HTTP/1.1"
"POST /23/resources/file.txt HTTP/1.1"
"PUT /17/users.log HTTP/1.1"
"POST /56/info.htnl HTTP/1.1"
"GET /99/resources/file.txt HTTP/1.1"
"PATCH /9/stuff.html HTTP/1.1"
"PATCH /37/users.log HTTP/1.1"
"PATCH /54/users.log HTTP/1.1"
"PATCH /51/info.htnl HTTP/1.1"
"POST /93/users.log HTTP/1.1"
"PUT /3/resources/file.txt HTTP/1.1"
"GET /60/api/data HTTP/1.1"
"GET /46/index.html HTTP/1.1"
"DELETE /48/users.log HTTP/1.1"
"PATCH /69/api/data HTTP/1.1"
"POST /23/resources/file.txt HTTP/1.1"
"PUT /14/users.log HTTP/1.1"
"POST /88/resources/file.txt HTTP/1.1"
"PUT /15/api/data HTTP/1.1"
"PATCH /35/info.htnl HTTP/1.1"
"GET /25/api/data HTTP/1.1"
"POST /11/index.html HTTP/1.1"
"POST /38/index.html HTTP/1.1"
"POST /90/api/data HTTP/1.1"
"POST /56/info.htnl HTTP/1.1"
"GET /18/stuff.html HTTP/1.1"
"PUT /74/stuff.html HTTP/1.1"
"PUT /76/api/data HTTP/1.1"
"PUT /31/index.html HTTP/1.1"
"GET /63/api/data HTTP/1.1"
"DELETE /73/resources/file.txt HTTP/1.1"
"GET /5/users.log HTTP/1.1"
"GET /72/stuff.html HTTP/1.1"
"POST /51/stuff.html HTTP/1.1"
"GET /69/stuff.html HTTP/1.1"
"PATCH /77/info.htnl HTTP/1.1"
"PUT /61/api/data HTTP/1.1"
"DELETE /6/stuff.html HTTP/1.1"
"PUT /59/index.html HTTP/1.1"
"PUT /29/resources/file.txt HTTP/1.1"
"PATCH /93/stuff.html HTTP/1.1"
"PATCH /95/info.htnl HTTP/1.1"
"POST /96/users.log HTTP/1.1"
"DELETE /57/stuff.html HTTP/1.1"
"DELETE /87/api/data HTTP/1.1"
"PUT /3/info.htnl HTTP/1.1"
"GET /88/users.log HTTP/1.1"
"PUT /57/resources/file.txt HTTP/1.1"
"GET /79/api/data HTTP/1.1"
"POST /44/stuff.html HTTP/1.1"
"PUT /17/resources/file.txt HTTP/1.1"
"PUT /2/resources/file.txt HTTP/1.1"
"POST /22/resources/file.txt HTTP/1.1"
"DELETE /34/index.html HTTP/1.1"
"DELETE /74/users.log HTTP/1.1"
"DELETE /27/api/data HTTP/1.1"
"GET /49/api/data HTTP/1.1"
"POST /87/users.log HTTP/1.1"
"PUT /24/resources/file.txt HTTP/1.1"
"PATCH /38/users.log HTTP/1.1"
"GET /69/users.log HTTP/1.1"
"PATCH /59/index.html HTTP/1.1"
"GET /28/users.log HTTP/1.1"
"PUT /72/index.html HTTP/1.1"
"PATCH /10/api/data HTTP/1.1"
"POST /21/users.log HTTP/1.1"
"GET /39/info.htnl HTTP/1.1"
"PATCH /50/stuff.html HTTP/1.1"
"DELETE /57/api/data HTTP/1.1"
"GET /87/api/data HTTP/1.1"
"PUT /21/stuff.html HTTP/1.1"
"PUT /17/info.htnl HTTP/1.1"
"DELETE /17/users.log HTTP/1.1"
"DELETE /8/index.html HTTP/1.1"
"PATCH /73/resources/file.txt HTTP/1.1"
"GET /0/stuff.html HTTP/1.1"
"POST /14/index.html HTTP/1.1"
"POST /29/info.htnl HTTP/1.1"
"DELETE /24/stuff.html HTTP/1.1"
"POST /35/info.htnl HTTP/1.1"
"GET /28/stuff.html HTTP/1.1"
"PUT /17/info.htnl HTTP/1.1"
"PUT /61/info.htnl HTTP/1.1"
"PUT /2/users.log HTTP/1.1"
"PUT /41/api/data HTTP/1.1"
"DELETE /83/users.log HTTP/1.1"
"POST /82/index.html HTTP/1.1"
"DELETE /78/resources/file.txt HTTP/1.1"
"PATCH /42/resources/file.txt HTTP/1.1"
"GET /34/stuff.html HTTP/1.1"
"POST /72/api/data HTTP/1.1"
"GET /55/stuff.html HTTP/1.1"
"GET /18/index.html HTTP/1.1"
"GET /81/stuff.html HTTP/1.1"
"POST /60/index.html HTTP/1.1"
"PATCH /3/api/data HTTP/1.1"
"PUT /72/index.html HTTP/1.1"
"POST /46/resources/file.txt HTTP/1.1"
"POST /59/users.log HTTP/1.1"
"DELETE /29/info.htnl HTTP/1.1"
"DELETE /15/info.htnl HTTP/1.1"
"PUT /95/index.html HTTP/1.1"
"POST /28/index.html HTTP/1.1"
"POST /31/info.htnl HTTP/1.1"
"POST /66/index.html HTTP/1.1"
"POST /93/users.log HTTP/1.1"
"DELETE /2/stuff.html HTTP/1.1"
"PUT /29/api/data HTTP/1.1"
"PUT /16/api/data HTTP/1.1"
"POST /45/resources/file.txt HTTP/1.1"
"GET /22/info.htnl HTTP/1.1"
"POST /6/resources/file.txt HTTP/1.1"
"PATCH /19/index.html HTTP/1.1"
"POST /48/users.log HTTP/1.1"
"DELETE /14/info.htnl HTTP/1.1"
"DELETE /95/api/data HTTP/1.1"
"PATCH /30/api/data HTTP/1.1"
"PATCH /11/info.htnl HTTP/1.1"
"GET /44/info.htnl HTTP/1.1"
"PATCH /49/index.html HTTP/1.1"
"DELETE /88/info.htnl HTTP/1.1"
"DELETE /53/users.log HTTP/1.1"
"PUT /53/info.htnl HTTP/1.1"
"GET /24/stuff.html HTTP/1.1"
"PATCH /25/info.htnl HTTP/1.1"
"GET /22/api/data HTTP/1.1"
"DELETE /10/info.htnl HTTP/1.1"
"PATCH /5/users.log HTTP/1.1"
"DELETE /21/index.html HTTP/1.1"
"GET /32/index.html HTTP/1.1"
"PATCH /15/api/data HTTP/1.1"
"GET /83/stuff.html HTTP/1.1"
"GET /23/index.html HTTP/1.1"
"PUT /22/users.log HTTP/1.1"
"PUT /11/stuff.html HTTP/1.1"
"POST /28/index.html HTTP/1.1"
"PATCH /95/resources/file.txt HTTP/1.1"
"DELETE /59/index.html HTTP/1.1"
"PUT /13/stuff.html HTTP/1.1"
"PUT /67/users.log HTTP/1.1"
"PUT /87/users.log HTTP/1.1"
"PATCH /9/info.htnl HTTP/1.1"
"GET /64/index.html HTTP/1.1"
"PATCH /0/api/data HTTP/1.1"
"PUT /2/resources/file.txt HTTP/1.1"
"PATCH /83/users.log HTTP/1.1"
"PUT /10/resources/file.txt HTTP/1.1"
"DELETE /30/index.html HTTP/1.1"
"PUT /17/api/data HTTP/1.1"
"GET /90/index.html HTTP/1.1"
"PATCH /91/info.htnl HTTP/1.1"
"PUT /78/stuff.html HTTP/1.1"
"GET /18/stuff.html HTTP/1.1"
"DELETE /17/stuff.html HTTP/1.1"
"PUT /1/api/data HTTP/1.1"
"PATCH /45/stuff.html HTTP/1.1"
"POST /3/index.html HTTP/1.1"
"POST /22/api/data HTTP/1.1"
"POST /77/info.htnl HTTP/1.1"
"POST /40/resources/file.txt HTTP/1.1"
"PATCH /83/api/data HTTP/1.1"
"POST /49/api/data HTTP/1.1"
"PATCH /10/users.log HTTP/1.1"
"GET /17/resources/file.txt HTTP/1.1"
"POST /51/stuff.html HTTP/1.1"
"PUT /29/stuff.html HTTP/1.1"
"PATCH /80/info.htnl HTTP/1.1"
"POST /19/info.htnl HTTP/1.1"
"PATCH /57/users.log HTTP/1.1"
"DELETE /24/info.htnl HTTP/1.1"
"GET /66/users.log HTTP/1.1"
"DELETE /9/stuff.html HTTP/1.1"
"POST /95/index.html HTTP/1.1"
"GET /21/stuff.html HTTP/1.1"
"PATCH /46/stuff.html HTTP/1.1"
"GET /82/users.log HTTP/1.1"
"PATCH /76/users.log HTTP/1.1"
"GET /9/users.log HTTP/1.1"
"PATCH /46/resources/file.txt HTTP/1.1"
"PATCH /18/index.html HTTP/1.1"
"DELETE /37/index.html HTTP/1.1"
"PUT /78/stuff.html HTTP/1.1"
"PUT /43/stuff.html HTTP/1.1"
"POST /36/resources/file.txt HTTP/1.1"
"GET /4/api/data HTTP/1.1"
"DELETE /50/resources/file.txt HTTP/1.1"
"PUT /76/stuff.html HTTP/1.1"
"POST /46/resources/file.txt HTTP/1.1"
"DELETE /10/info.htnl HTTP/1.1"
"GET /77/index.html HTTP/1.1"
"PATCH /4/api/data HTTP/1.1"
"GET /66/index.html HTTP/1.1"
"PATCH /14/resources/file.txt HTTP/1.1"
"PUT /10/info.htnl HTTP/1.1"
"PUT /31/index.html HTTP/1.1"
"GET /21/info.htnl HTTP/1.1"
"POST /0/index.html HTTP/1.1"
"PUT /85/resources/file.txt HTTP/1.1"
"PUT /74/users.log HTTP/1.1"
"PATCH /73/resources/file.txt HTTP/1.1"
"PATCH /99/index.html HTTP/1.1"
"GET /15/index.html HTTP/1.1"
"PUT /10/users.log HTTP/1.1"
"PUT /53/stuff.html HTTP/1.1"
"PUT /26/api/data HTTP/1.1"
"PATCH /89/api/data HTTP/1.1"
"PUT /47/resources/file.txt HTTP/1.1"
"POST /79/users.log HTTP/1.1"
"GET /38/info.htnl HTTP/1.1"
"POST /36/info.htnl HTTP/1.1"
"PUT /13/index.html HTTP/1.1"
"DELETE /55/resources/file.txt HTTP/1.1"
"PATCH /76/stuff.html HTTP/1.1"
"GET /50/resources/file.txt HTTP/1.1"
"PATCH /21/index.html HTTP/1.1"
"PATCH /87/users.log HTTP/1.1"
"GET /39/api/data HTTP/1.1"
"PATCH /63/api/data HTTP/1.1"
"PUT /67/info.htnl HTTP/1.1"
"PATCH /99/info.htnl HTTP/1.1"
"POST /35/api/data HTTP/1.1"
"POST /8/api/data HTTP/1.1"
"DELETE /32/users.log HTTP/1.1"
"POST /12/users.log HTTP/1.1"
"GET /13/api/data HTTP/1.1"
"PUT /53/users.log HTTP/1.1"
"PATCH /77/stuff.html HTTP/1.1"
"DELETE /93/api/data HTTP/1.1"
"POST /26/users.log HTTP/1.1"
"POST /54/stuff.html HTTP/1.1"
"PATCH /83/index.html HTTP/1.1"
"PUT /49/index.html HTTP/1.1"
"DELETE /23/api/data HTTP/1.1"
"GET /37/api/data HTTP/1.1"
"DELETE /81/stuff.html HTTP/1.1"
"DELETE /69/stuff.html HTTP/1.1"
"POST /18/users.log HTTP/1.1"
"GET /58/info.htnl HTTP/1.1"
"DELETE /30/index.html HTTP/1.1"
"PATCH /14/api/data HTTP/1.1"
"DELETE /1/resources/file.txt HTTP/1.1"
"DELETE /88/resources/file.txt HTTP/1.1"
"POST /14/stuff.html HTTP/1.1"
"PUT /97/api/data HTTP/1.1"
"POST /49/resources/file.txt HTTP/1.1"
"DELETE /22/api/data HTTP/1.1"
"DELETE /31/info.htnl HTTP/1.1"
"DELETE /93/info.htnl HTTP/1.1"
"PUT /53/api/data HTTP/1.1"
"PUT /30/index.html HTTP/1.1"
"PATCH /52/users.log HTTP/1.1"
"POST /77/resources/file.txt HTTP/1.1"
"GET /50/users.log HTTP/1.1"
"PATCH /73/users.log HTTP/1.1"
"GET /87/stuff.html HTTP/1.1"
"GET /42/index.html HTTP/1.1"
"GET /22/resources/file.txt HTTP/1.1"
"GET /39/info.htnl HTTP/1.1"
"PATCH /84/stuff.html HTTP/1.1"
"GET /39/api/data HTTP/1.1"
"DELETE /16/info.htnl HTTP/1.1"
"PUT /95/index.html HTTP/1.1"
"POST /72/api/data HTTP/1.1"
"PUT /16/stuff.html HTTP/1.1"
"GET /36/api/data HTTP/1.1"
"PATCH /7/stuff.html HTTP/1.1"
"POST /87/info.htnl HTTP/1.1"
"POST /76/users.log HTTP/1.1"
"PATCH /93/users.log HTTP/1.1"
"POST /3/index.html HTTP/1.1"
"DELETE /62/users.log HTTP/1.1"
"POST /80/resources/file.txt HTTP/1.1"
"PATCH /26/info.htnl HTTP/1.1"
"PATCH /51/users.log HTTP/1.1"
"POST /63/api/data HTTP/1.1"
"POST /70/resources/file.txt HTTP/1.1"
"DELETE /72/users.log HTTP/1.1"
"DELETE /60/stuff.html HTTP/1.1"
"GET /62/users.log HTTP/1.1"
"PUT /60/api/data HTTP/1.1"
"DELETE /38/index.html HTTP/1.1"
"PATCH /83/index.html HTTP/1.1"
"PATCH /10/api/data HTTP/1.1"
"GET /78/info.htnl HTTP/1.1"
"GET /25/resources/file.txt HTTP/1.1"
"POST /78/api/data HTTP/1.1"
"POST /79/stuff.html HTTP/1.1"
"DELETE /59/resources/file.txt HTTP/1.1"
"POST /60/api/data HTTP/1.1"
"PUT /99/index.html HTTP/1.1"
"PATCH /37/info.htnl HTTP/1.1"
"GET /83/info.htnl HTTP/1.1"
"GET /80/info.htnl HTTP/1.1"
"PATCH /93/stuff.html HTTP/1.1"
"PATCH /52/info.htnl HTTP/1.1"
"GET /35/index.html HTTP/1.1"
"DELETE /65/stuff.html HTTP/1.1"
"PATCH /5/resources/file.txt HTTP/1.1"
"PATCH /47/resources/file.txt HTTP/1.1"
"PATCH /20/api/data HTTP/1.1"
"PATCH /72/resources/file.txt HTTP/1.1"
"POST /3/users.log HTTP/1.1"
"PUT /25/resources/file.txt HTTP/1.1"
"GET /8/users.log HTTP/1.1"
"DELETE /90/index.html HTTP/1.1"
"PUT /64/info.htnl HTTP/1.1"
"PUT /71/info.htnl HTTP/1.1"
"DELETE /12/stuff.html HTTP/1.1"
"PUT /20/stuff.html HTTP/1.1"
"POST /10/resources/file.txt HTTP/1.1"
"PUT /64/stuff.html HTTP/1.1"
"PATCH /54/stuff.html HTTP/1.1"
"DELETE /61/index.html HTTP/1.1"
"DELETE /85/info.htnl HTTP/1.1"
"POST /66/stuff.html HTTP/1.1"
"GET /52/api/data HTTP/1.1"
"DELETE /69/resources/file.txt HTTP/1.1"
"POST /62/users.log HTTP/1.1"
"PATCH /47/index.html HTTP/1.1"
"GET /96/index.html HTTP/1.1"
"GET /83/users.log HTTP/1.1"
"DELETE /44/resources/file.txt HTTP/1.1"
"DELETE /91/stuff.html HTTP/1.1"
"PUT /81/users.log HTTP/1.1"
"POST /97/info.htnl HTTP/1.1"
"PUT /58/resources/file.txt HTTP/1.1"
"PUT /66/info.htnl HTTP/1.1"
"PUT /25/users.log HTTP/1.1"
"POST /22/users.log HTTP/1.1"
"DELETE /59/index.html HTTP/1.1"
"GET /48/index.html HTTP/1.1"
"GET /73/api/data HTTP/1.1"
"GET /32/index.html HTTP/1.1"
"PUT /13/api/data HTTP/1.1"
"POST /18/stuff.html HTTP/1.1"
"DELETE /61/index.html HTTP/1.1"
"DELETE /93/resources/file.txt HTTP/1.1"
"PATCH /8/users.log HTTP/1.1"
"PATCH /4/index.html HTTP/1.1"
"DELETE /1/info.htnl HTTP/1.1"
"PUT /76/stuff.html HTTP/1.1"
"PUT /11/api/data HTTP/1.1"
"PATCH /27/resources/file.txt HTTP/1.1"
"GET /13/api/data HTTP/1.1"
"PUT /22/api/data HTTP/1.1"
"DELETE /27/api/data HTTP/1.1"
"POST /51/index.html HTTP/1.1"
"PUT /53/users.log HTTP/1.1"
"PATCH /95/stuff.html HTTP/1.1"
"PUT /83/stuff.html HTTP/1.1"
"POST /32/api/data HTTP/1.1"
"PUT /91/resources/file.txt HTTP/1.1"
"GET /25/index.html HTTP/1.1"
"GET /6/users.log HTTP/1.1"
"POST /19/api/data HTTP/1.1"
"PATCH /79/users.log HTTP/1.1"
"PATCH /65/api/data HTTP/1.1"
"PATCH /45/info.htnl HTTP/1.1"
"GET /98/users.log HTTP/1.1"
"PUT /81/index.html HTTP/1.1"
"GET /21/index.html HTTP/1.1"
"PATCH /12/users.log HTTP/1.1"
"DELETE /24/stuff.html HTTP/1.1"
"PUT /46/index.html HTTP/1.1"
"PUT /12/api/data HTTP/1.1"
"DELETE /55/stuff.html HTTP/1.1"
"DELETE /54/resources/file.txt HTTP/1.1"
"POST /63/stuff.html HTTP/1.1"
"PATCH /6/users.log HTTP/1.1"
"DELETE /21/users.log HTTP/1.1"
"POST /24/api/data HTTP/1.1"
"DELETE /18/api/data HTTP/1.1"
"GET /71/users.log HTTP/1.1"
"DELETE /56/resources/file.txt HTTP/1.1"
"PUT /14/api/data HTTP/1.1"
"PATCH /50/api/data HTTP/1.1"
"PUT /74/users.log HTTP/1.1"
"POST /66/index.html HTTP/1.1"
"POST /9/resources/file.txt HTTP/1.1"
"DELETE /33/index.html HTTP/1.1"
"DELETE /26/info.htnl HTTP/1.1"
"DELETE /9/api/data HTTP/1.1"
"GET /99/resources/file.txt HTTP/1.1"
"POST /25/users.log HTTP/1.1"
"POST /14/api/data HTTP/1.1"
"POST /76/info.htnl HTTP/1.1"
"POST /65/stuff.html HTTP/1.1"
"DELETE /92/stuff.html HTTP/1.1"
"PATCH /48/index.html HTTP/1.1"
"GET /12/api/data HTTP/1.1"
"PATCH /3/info.htnl HTTP/1.1"
"DELETE /74/stuff.html HTTP/1.1"
"POST /49/resources/file.txt HTTP/1.1"
"PATCH /89/resources/file.txt HTTP/1.1"
"PATCH /87/info.htnl HTTP/1.1"
"POST /47/stuff.html HTTP/1.1"
"PUT /46/api/data HTTP/1.1"
"PUT /79/index.html HTTP/1.1"
"GET /30/api/data HTTP/1.1"
"POST /96/info.htnl HTTP/1.1"
"DELETE /25/users.log HTTP/1.1"
"DELETE /86/info.htnl HTTP/1.1"
"GET /0/resources/file.txt HTTP/1.1"
"GET /36/stuff.html HTTP/1.1"
"POST /86/index.html HTTP/1.1"
"POST /70/resources/file.txt HTTP/1.1"
"DELETE /66/api/data HTTP/1.1"
"GET /75/api/data HTTP/1.1"
"POST /24/index.html HTTP/1.1"
"DELETE /5/info.htnl HTTP/1.1"
"DELETE /94/users.log HTTP/1.1"
"PATCH /33/info.htnl HTTP/1.1"
"PATCH /92/users.log HTTP/1.1"
"GET /76/stuff.html HTTP/1.1"
"PUT /17/info.htnl HTTP/1.1"
"PATCH /36/api/data HTTP/1.1"
"GET /83/info.htnl HTTP/1.1"
"POST /61/api/data HTTP/1.1"
"GET /28/index.html HTTP/1.1"
"PATCH /89/info.htnl HTTP/1.1"
"PATCH /53/info.htnl HTTP/1.1"
"PUT /79/resources/file.txt HTTP/1.1"
"GET /83/index.html HTTP/1.1"
"PUT /41/index.html HTTP/1.1"
"DELETE /83/users.log HTTP/1.1"
"PUT /60/api/data HTTP/1.1"
"PUT /98/info.htnl HTTP/1.1"
"POST /20/info.htnl HTTP/1.1"
"DELETE /16/api/data HTTP/1.1"
"POST /8/api/data HTTP/1.1"
"DELETE /71/users.log HTTP/1.1"
"PATCH /35/index.html HTTP/1.1"
"PUT /22/resources/file.txt HTTP/1.1"
"DELETE /35/info.htnl HTTP/1.1"
"PUT /23/api/data HTTP/1.1"
"DELETE /7/index.html HTTP/1.1"
"PATCH /94/info.htnl HTTP/1.1"
"DELETE /53/stuff.html HTTP/1.1"
"DELETE /87/resources/file.txt HTTP/1.1"
"DELETE /13/api/data HTTP/1.1"
"POST /3/index.html HTTP/1.1"
"GET /67/info.htnl HTTP/1.1"
"GET /78/stuff.html HTTP/1.1"
"PUT /86/api/data HTTP/1.1"
"PUT /18/resources/file.txt HTTP/1.1"
"PATCH /27/api/data HTTP/1.1"
"PUT /92/resources/file.txt HTTP/1.1"
"POST /57/users.log HTTP/1.1"
"DELETE /8/api/data HTTP/1.1"
"PUT /76/info.htnl HTTP/1.1"
"DELETE /61/resources/file.txt HTTP/1.1"
"DELETE /78/resources/file.txt HTTP/1.1"
"DELETE /57/info.htnl HTTP/1.1"
"DELETE /36/stuff.html HTTP/1.1"
"DELETE /1/resources/file.txt HTTP/1.1"
"PUT /80/api/data HTTP/1.1"
"GET /38/resources/file.txt HTTP/1.1"
"DELETE /89/index.html HTTP/1.1"
"GET /41/stuff.html HTTP/1.1"
"DELETE /82/api/data HTTP/1.1"
"GET /17/api/data HTTP/1.1"
"GET /32/resources/file.txt HTTP/1.1"
"GET /25/users.log HTTP/1.1"
"POST /0/index.html HTTP/1.1"
"DELETE /76/api/data HTTP/1.1"
"GET /96/index.html HTTP/1.1"
"GET /89/info.htnl HTTP/1.1"
"PUT /80/resources/file.txt HTTP/1.1"
"GET /92/stuff.html HTTP/1.1"
"DELETE /71/stuff.html HTTP/1.1"
"GET /90/api/data HTTP/1.1"
"POST /77/api/data HTTP/1.1"
"PUT /63/info.htnl HTTP/1.1"
"PUT /76/resources/file.txt HTTP/1.1"
"GET /7/users.log HTTP/1.1"
"GET /53/stuff.html HTTP/1.1"
"DELETE /64/stuff.html HTTP/1.1"
"GET /67/info.htnl HTTP/1.1"
"PUT /73/index.html HTTP/1.1"
"DELETE /60/users.log HTTP/1.1"
"PUT /81/info.htnl HTTP/1.1"
"PUT /94/stuff.html HTTP/1.1"
"POST /87/resources/file.txt HTTP/1.1"
"DELETE /93/resources/file.txt HTTP/1.1"
"POST /72/index.html HTTP/1.1"
"GET /71/stuff.html HTTP/1.1"
"POST /10/api/data HTTP/1.1"
"DELETE /50/index.html HTTP/1.1"
"PATCH /49/resources/file.txt HTTP/1.1"
"PATCH /96/index.html HTTP/1.1"
"POST /95/api/data HTTP/1.1"
"GET /11/api/data HTTP/1.1"
"GET /23/users.log HTTP/1.1"
"GET /18/info.htnl HTTP/1.1"
"GET /5/info.htnl HTTP/1.1"
"PUT /14/users.log HTTP/1.1"
"PUT /40/api/data HTTP/1.1"
"POST /84/users.log HTTP/1.1"
"GET /51/users.log HTTP/1.1"
"POST /66/api/data HTTP/1.1"
"POST /10/stuff.html HTTP/1.1"
"POST /65/api/data HTTP/1.1"
"POST /69/stuff.html HTTP/1.1"
"DELETE /23/stuff.html HTTP/1.1"
"PATCH /0/stuff.html HTTP/1.1"
"GET /42/api/data HTTP/1.1"
"PATCH /95/index.html HTTP/1.1"
"PUT /24/api/data HTTP/1.1"
"DELETE /78/index.html HTTP/1.1"
"POST /75/users.log HTTP/1.1"
"PUT /72/api/data HTTP/1.1"
"POST /22/resources/file.txt HTTP/1.1"
"DELETE /33/api/data HTTP/1.1"
"DELETE /73/users.log HTTP/1.1"
"POST /34/stuff.html HTTP/1.1"
"DELETE /60/users.log HTTP/1.1"
"PUT /49/resources/file.txt HTTP/1.1"
"DELETE /13/api/data HTTP/1.1"
"PUT /57/api/data HTTP/1.1"
"PATCH /77/resources/file.txt HTTP/1.1"
"PATCH /83/stuff.html HTTP/1.1"
"PATCH /58/index.html HTTP/1.1"
"PUT /10/api/data HTTP/1.1"
"GET /74/resources/file.txt HTTP/1.1"
"POST /63/info.htnl HTTP/1.1"
"GET /3/index.html HTTP/1.1"
"POST /8/api/data HTTP/1.1"
"DELETE /96/api/data HTTP/1.1"
"POST /58/stuff.html HTTP/1.1"
"PATCH /51/users.log HTTP/1.1"
"PATCH /14/api/data HTTP/1.1"
"POST /2/info.htnl HTTP/1.1"
"GET /73/stuff.html HTTP/1.1"
"DELETE /56/resources/file.txt HTTP/1.1"
"POST /32/api/data HTTP/1.1"
"PUT /19/info.htnl HTTP/1.1"
"POST /27/resources/file.txt HTTP/1.1"
"PATCH /4/resources/file.txt HTTP/1.1"
"GET /8/info.htnl HTTP/1.1"
"PUT /22/resources/file.txt HTTP/1.1"
"DELETE /89/stuff.html HTTP/1.1"
"POST /61/stuff.html HTTP/1.1"
"DELETE /52/resources/file.txt HTTP/1.1"
"DELETE /33/stuff.html HTTP/1.1"
"PATCH /5/resources/file.txt HTTP/1.1"
"PATCH /55/resources/file.txt HTTP/1.1"
"GET /28/users.log HTTP/1.1"
"PATCH /11/users.log HTTP/1.1"
"PUT /49/info.htnl HTTP/1.1"
"POST /44/index.html HTTP/1.1"
"PUT /25/info.htnl HTTP/1.1"
"PUT /56/stuff.html HTTP/1.1"
"GET /26/resources/file.txt HTTP/1.1"
"POST /19/users.log HTTP/1.1"
"POST /34/info.htnl HTTP/1.1"
"POST /36/resources/file.txt HTTP/1.1"
"GET /10/stuff.html HTTP/1.1"
"POST /11/users.log HTTP/1.1"
"GET /48/index.html HTTP/1.1"
"DELETE /32/stuff.html HTTP/1.1"
"PATCH /89/api/data HTTP/1.1"
"DELETE /86/users.log HTTP/1.1"
"POST /33/stuff.html HTTP/1.1"
"GET /32/users.log HTTP/1.1"
"GET /49/stuff.html HTTP/1.1"
"PATCH /23/index.html HTTP/1.1"
"PUT /78/resources/file.txt HTTP/1.1"
"PATCH /21/api/data HTTP/1.1"
"GET /40/resources/file.txt HTTP/1.1"
"GET /45/stuff.html HTTP/1.1"
"GET /63/users.log HTTP/1.1"
"PATCH /10/resources/file.txt HTTP/1.1"
"POST /80/info.htnl HTTP/1.1"
"GET /80/info.htnl HTTP/1.1"
"PATCH /82/users.log HTTP/1.1"
"GET /67/info.htnl HTTP/1.1"
"PATCH /25/resources/file.txt HTTP/1.1"
"PUT /15/stuff.html HTTP/1.1"
"POST /28/resources/file.txt HTTP/1.1"
"GET /77/index.html HTTP/1.1"
"PUT /58/stuff.html HTTP/1.1"
"PATCH /22/resources/file.txt HTTP/1.1"
"GET /98/stuff.html HTTP/1.1"
"PATCH /6/stuff.html HTTP/1.1"
"PATCH /40/resources/file.txt HTTP/1.1"
"PUT /60/users.log HTTP/1.1"
"PUT /81/info.htnl HTTP/1.1"
"DELETE /93/stuff.html HTTP/1.1"
"GET /59/users.log HTTP/1.1"
"PUT /51/users.log HTTP/1.1"
"PUT /21/info.htnl HTTP/1.1"
"PUT /48/index.html HTTP/1.1"
"PUT /28/api/data HTTP/1.1"
"PATCH /29/info.htnl HTTP/1.1"
"GET /10/api/data HTTP/1.1"
"PATCH /21/index.html HTTP/1.1"
"PUT /35/api/data HTTP/1.1"
"GET /0/info.htnl HTTP/1.1"
"POST /84/api/data HTTP/1.1"
"PUT /64/info.htnl HTTP/1.1"
"PATCH /20/users.log HTTP/1.1"
"PATCH /24/users.log HTTP/1.1"
"PATCH /59/index.html HTTP/1.1"
"PUT /21/info.htnl HTTP/1.1"
"GET /99/resources/file.txt HTTP/1.1"
"POST /58/api/data HTTP/1.1"
"PUT /8/api/data HTTP/1.1"
"GET /84/index.html HTTP/1.1"
"POST /70/info.htnl HTTP/1.1"
"PUT /88/index.html HTTP/1.1"
"DELETE /97/info.htnl HTTP/1.1"
"GET /47/resources/file.txt HTTP/1.1"
"PATCH /58/stuff.html HTTP/1.1"
"PATCH /42/users.log HTTP/1.1"
"GET /93/users.log HTTP/1.1"
"POST /40/resources/file.txt HTTP/1.1"
"DELETE /25/users.log HTTP/1.1"
"GET /86/stuff.html HTTP/1.1"
"GET /97/stuff.html HTTP/1.1"
"GET /95/resources/file.txt HTTP/1.1"
"PUT /56/users.log HTTP/1.1"
"PATCH /39/resources/file.txt HTTP/1.1"
"DELETE /33/stuff.html HTTP/1.1"
"PATCH /32/index.html HTTP/1.1"
"PUT /33/info.htnl HTTP/1.1"
"DELETE /93/info.htnl HTTP/1.1"
"POST /7/users.log HTTP/1.1"
"POST /9/api/data HTTP/1.1"
"PATCH /42/stuff.html HTTP/1.1"
"DELETE /27/users.log HTTP/1.1"
"PATCH /15/api/data HTTP/1.1"
"PUT /51/info.htnl HTTP/1.1"
"PUT /81/resources/file.txt HTTP/1.1"
"PUT /57/resources/file.txt HTTP/1.1"
"POST /81/resources/file.txt HTTP/1.1"
"GET /15/index.html HTTP/1.1"
"PUT /32/resources/file.txt HTTP/1.1"
"PUT /50/stuff.html HTTP/1.1"
"PATCH /32/stuff.html HTTP/1.1"
"PUT /72/index.html HTTP/1.1"
"POST /18/stuff.html HTTP/1.1"
"PATCH /42/users.log HTTP/1.1"
"GET /18/info.htnl HTTP/1.1"
"GET /36/stuff.html HTTP/1.1"
"POST /71/index.html HTTP/1.1"
"DELETE /48/index.html HTTP/1.1"
"PUT /14/info.htnl HTTP/1.1"
"GET /68/resources/file.txt HTTP/1.1"
"PUT /79/api/data HTTP/1.1"
"PATCH /48/resources/file.txt HTTP/1.1"
"DELETE /36/index.html HTTP/1.1"
"GET /24/stuff.html HTTP/1.1"
"DELETE /65/index.html HTTP/1.1"
"PUT /1/stuff.html HTTP/1.1"
"DELETE /13/stuff.html HTTP/1.1"
"PUT /90/users.log HTTP/1.1"
"GET /88/users.log HTTP/1.1"
"PUT /18/users.log HTTP/1.1"
"GET /85/index.html HTTP/1.1"
"PUT /5/info.htnl HTTP/1.1"
"GET /94/users.log HTTP/1.1"
"PUT /23/api/data HTTP/1.1"
"POST /36/resources/file.txt HTTP/1.1"
"POST /44/info.htnl HTTP/1.1"
"PATCH /22/index.html HTTP/1.1"
"DELETE /52/stuff.html HTTP/1.1"
"DELETE /83/info.htnl HTTP/1.1"
"DELETE /71/users.log HTTP/1.1"
"PATCH /95/api/data HTTP/1.1"
"GET /68/api/data HTTP/1.1"
"DELETE /48/index.html HTTP/1.1"
"DELETE /29/info.htnl HTTP/1.1"
"PUT /98/users.log HTTP/1.1"
"PATCH /96/stuff.html HTTP/1.1"
"PATCH /89/api/data HTTP/1.1"
"DELETE /64/index.html HTTP/1.1"
"PUT /55/info.htnl HTTP/1.1"
"GET /1/index.html HTTP/1.1"
"PATCH /68/stuff.html HTTP/1.1"
"POST /87/users.log HTTP/1.1"
"POST /2/users.log HTTP/1.1"
"PATCH /12/api/data HTTP/1.1"
"DELETE /64/info.htnl HTTP/1.1"
"PUT /39/info.htnl HTTP/1.1"
"DELETE /9/index.html HTTP/1.1"
"PUT /5/users.log HTTP/1.1"
"PATCH /2/api/data HTTP/1.1"
"DELETE /3/api/data HTTP/1.1"
"GET /23/info.htnl HTTP/1.1"
"PUT /43/info.htnl HTTP/1.1"
"PUT /24/index.html HTTP/1.1"
"POST /17/index.html HTTP/1.1"
"PUT /17/stuff.html HTTP/1.1"
"POST /98/users.log HTTP/1.1"
"POST /42/users.log HTTP/1.1"
"PUT /73/api/data HTTP/1.1"
"POST /35/stuff.html HTTP/1.1"
"PUT /68/stuff.html HTTP/1.1"
"DELETE /39/info.htnl HTTP/1.1"
"POST /63/api/data HTTP/1.1"
"PUT /76/index.html HTTP/1.1"
"GET /84/api/data HTTP/1.1"
"GET /75/info.htnl HTTP/1.1"
"POST /99/info.htnl HTTP/1.1"
"DELETE /27/api/data HTTP/1.1"
"POST /45/api/data HTTP/1.1"
"DELETE /14/api/data HTTP/1.1"
"POST /29/api/data HTTP/1.1"
"PATCH /40/users.log HTTP/1.1"
"PUT /80/api/data HTTP/1.1"
"PUT /16/index.html HTTP/1.1"
"PATCH /57/info.htnl HTTP/1.1"
"DELETE /4/stuff.html HTTP/1.1"
"PATCH /84/stuff.html HTTP/1.1"
"PUT /48/api/data HTTP/1.1"
"PATCH /75/index.html HTTP/1.1"
"POST /3/info.htnl HTTP/1.1"
"PATCH /52/users.log HTTP/1.1"
"PUT /24/index.html HTTP/1.1"
"PATCH /24/index.html HTTP/1.1"
"DELETE /1/stuff.html HTTP/1.1"
"DELETE /47/stuff.html HTTP/1.1"
"GET /39/stuff.html HTTP/1.1"
"PATCH /84/resources/file.txt HTTP/1.1"
"DELETE /81/info.htnl HTTP/1.1"
"GET /7/resources/file.txt HTTP/1.1"
"PATCH /15/stuff.html HTTP/1.1"
"PUT /90/index.html HTTP/1.1"
"PUT /11/stuff.html HTTP/1.1"
"PUT /78/resources/file.txt HTTP/1.1"
"POST /83/api/data HTTP/1.1"
"DELETE /68/users.log HTTP/1.1"
"GET /97/index.html HTTP/1.1"
"PUT /36/api/data HTTP/1.1"
"POST /48/index.html HTTP/1.1"
"PUT /5/index.html HTTP/1.1"
"PATCH /42/resources/file.txt HTTP/1.1"
"POST /91/index.html HTTP/1.1"
"POST /10/users.log HTTP/1.1"
"POST /11/stuff.html HTTP/1.1"
"GET /0/info.htnl HTTP/1.1"
"PUT /64/users.log HTTP/1.1"
"DELETE /14/resources/file.txt HTTP/1.1"
"GET /29/resources/file.txt HTTP/1.1"
"PUT /4/index.html HTTP/1.1"
"DELETE /53/resources/file.txt HTTP/1.1"
"DELETE /13/api/data HTTP/1.1"
"DELETE /38/api/data HTTP/1.1"
"DELETE /87/stuff.html HTTP/1.1"
"PATCH /28/resources/file.txt HTTP/1.1"
"POST /3/index.html HTTP/1.1"
"DELETE /73/info.htnl HTTP/1.1"
"DELETE /91/resources/file.txt HTTP/1.1"
"PUT /83/index.html HTTP/1.1"
"DELETE /54/info.htnl HTTP/1.1"
"PUT /18/info.htnl HTTP/1.1"
"DELETE /29/api/data HTTP/1.1"
"PATCH /46/stuff.html HTTP/1.1"
"GET /97/users.log HTTP/1.1"
"POST /89/users.log HTTP/1.1"
"GET /85/info.htnl HTTP/1.1"
"POST /45/api/data HTTP/1.1"
"POST /66/stuff.html HTTP/1.1"
"DELETE /58/index.html HTTP/1.1"
"PATCH /2/stuff.html HTTP/1.1"
"GET /83/stuff.html HTTP/1.1"
"PATCH /61/api/data HTTP/1.1"
"PATCH /36/index.html HTTP/1.1"
"GET /14/api/data HTTP/1.1"
"PATCH /4/api/data HTTP/1.1"
"GET /54/api/data HTTP/1.1"
"DELETE /63/info.htnl HTTP/1.1"
"PATCH /46/info.htnl HTTP/1.1"
"PUT /77/info.htnl HTTP/1.1"
"DELETE /54/users.log HTTP/1.1"
"PATCH /64/api/data HTTP/1.1"
"PATCH /37/stuff.html HTTP/1.1"
"PATCH /38/stuff.html HTTP/1.1"
"DELETE /61/users.log HTTP/1.1"
"GET /70/api/data HTTP/1.1"
"PATCH /5/users.log HTTP/1.1"
"DELETE /31/info.htnl HTTP/1.1"
"PATCH /70/users.log HTTP/1.1"
"PATCH /42/stuff.html HTTP/1.1"
"PATCH /35/index.html HTTP/1.1"
"GET /63/users.log HTTP/1.1"
"PUT /75/index.html HTTP/1.1"
"PUT /44/info.htnl HTTP/1.1"
"PUT /97/stuff.html HTTP/1.1"
"PATCH /86/resources/file.txt HTTP/1.1"
"GET /12/api/data HTTP/1.1"
"POST /45/resources/file.txt HTTP/1.1"
"POST /47/resources/file.txt HTTP/1.1"
"PATCH /92/stuff.html HTTP/1.1"
"DELETE /32/index.html HTTP/1.1"
"POST /10/api/data HTTP/1.1"
"PUT /19/api/data HTTP/1.1"
"GET /81/index.html HTTP/1.1"
"PUT /9/users.log HTTP/1.1"
"GET /27/users.log HTTP/1.1"
"PATCH /56/stuff.html HTTP/1.1"
"PATCH /37/resources/file.txt HTTP/1.1"
"POST /13/index.html HTTP/1.1"
"PATCH /64/resources/file.txt HTTP/1.1"
"DELETE /33/stuff.html HTTP/1.1"
"POST /87/api/data HTTP/1.1"
"GET /1/info.htnl HTTP/1.1"
"DELETE /71/api/data HTTP/1.1"
"PUT /26/api/data HTTP/1.1"
"PATCH /72/stuff.html HTTP/1.1"
"POST /86/resources/file.txt HTTP/1.1"
"GET /38/users.log HTTP/1.1"
"PUT /2/stuff.html HTTP/1.1"
"GET /98/index.html HTTP/1.1"
"DELETE /99/api/data HTTP/1.1"
"PATCH /32/api/data HTTP/1.1"
"DELETE /95/index.html HTTP/1.1"
"PATCH /61/index.html HTTP/1.1"
"PUT /82/users.log HTTP/1.1"
"PATCH /55/info.htnl HTTP/1.1"
"DELETE /98/users.log HTTP/1.1"
"POST /99/api/data HTTP/1.1"
"PUT /7/users.log HTTP/1.1"
"DELETE /8/resources/file.txt HTTP/1.1"
"PATCH /8/index.html HTTP/1.1"
"PUT /76/stuff.html HTTP/1.1"
"POST /47/stuff.html HTTP/1.1"
"PATCH /74/index.html HTTP/1.1"
"PUT /98/index.html HTTP/1.1"
"DELETE /62/index.html HTTP/1.1"
"POST /3/stuff.html HTTP/1.1"
"POST /96/info.htnl HTTP/1.1"
"POST /38/stuff.html HTTP/1.1"
"PATCH /45/users.log HTTP/1.1"
"POST /88/stuff.html HTTP/1.1"
"PATCH /90/index.html HTTP/1.1"
"DELETE /73/info.htnl HTTP/1.1"
"DELETE /86/users.log HTTP/1.1"
"DELETE /47/users.log HTTP/1.1"
"PATCH /80/api/data HTTP/1.1"
"GET /33/api/data HTTP/1.1"
"POST /36/info.htnl HTTP/1.1"
"DELETE /70/users.log HTTP/1.1"
"DELETE /45/info.htnl HTTP/1.1"
"POST /28/api/data HTTP/1.1"
"PATCH /79/info.htnl HTTP/1.1"
"POST /3/index.html HTTP/1.1"
"DELETE /7/resources/file.txt HTTP/1.1"
"PUT /69/info.htnl HTTP/1.1"
"DELETE /67/stuff.html HTTP/1.1"
"DELETE /12/info.htnl HTTP/1.1"
"GET /33/api/data HTTP/1.1"
"POST /91/api/data HTTP/1.1"
"POST /42/stuff.html HTTP/1.1"
"PATCH /66/resources/file.txt HTTP/1.1"
"POST /61/stuff.html HTTP/1.1"
"PATCH /65/users.log HTTP/1.1"
"PATCH /46/index.html HTTP/1.1"
"PATCH /77/users.log HTTP/1.1"
"DELETE /81/users.log HTTP/1.1"
"DELETE /59/resources/file.txt HTTP/1.1"
"PATCH /33/users.log HTTP/1.1"
"POST /48/users.log HTTP/1.1"
"GET /94/api/data HTTP/1.1"
"PATCH /31/info.htnl HTTP/1.1"
"PUT /84/index.html HTTP/1.1"
"PATCH /27/index.html HTTP/1.1"
"POST /12/stuff.html HTTP/1.1"
"PUT /6/users.log HTTP/1.1"
"DELETE /71/stuff.html HTTP/1.1"
"DELETE /94/api/data HTTP/1.1"
"POST /26/info.htnl HTTP/1.1"
"PUT /81/api/data HTTP/1.1"
"GET /41/stuff.html HTTP/1.1"
"PUT /95/api/data HTTP/1.1"
"POST /94/stuff.html HTTP/1.1"
"PUT /22/index.html HTTP/1.1"
"POST /57/resources/file.txt HTTP/1.1"
"POST /97/stuff.html HTTP/1.1"
"PUT /6/stuff.html HTTP/1.1"
"GET /92/stuff.html HTTP/1.1"
"DELETE /37/index.html HTTP/1.1"
"GET /83/stuff.html HTTP/1.1"
"PUT /99/users.log HTTP/1.1"
"PUT /23/stuff.html HTTP/1.1"
"PATCH /60/resources/file.txt HTTP/1.1"
"GET /17/resources/file.txt HTTP/1.1"
"PATCH /48/api/data HTTP/1.1"
"PUT /36/stuff.html HTTP/1.1"
"DELETE /48/stuff.html HTTP/1.1"
"GET /73/info.htnl HTTP/1.1"
"DELETE /69/api/data HTTP/1.1"
"POST /95/info.htnl HTTP/1.1"
"GET /93/stuff.html HTTP/1.1"
"DELETE /95/index.html HTTP/1.1"
"GET /44/api/data HTTP/1.1"
"DELETE /87/users.log HTTP/1.1"
"POST /74/api/data HTTP/1.1"
"GET /32/users.log HTTP/1.1"
"GET /10/index.html HTTP/1.1"
"DELETE /18/index.html HTTP/1.1"
"PUT /59/resources/file.txt HTTP/1.1"
"GET /17/users.log HTTP/1.1"
"PUT /0/index.html HTTP/1.1"
"GET /73/resources/file.txt HTTP/1.1"
"POST /1/index.html HTTP/1.1"
"GET /17/users.log HTTP/1.1"
"PUT /71/index.html HTTP/1.1"
"PATCH /37/resources/file.txt HTTP/1.1"
"POST /71/stuff.html HTTP/1.1"
"GET /48/stuff.html HTTP/1.1"
"POST /69/api/data HTTP/1.1"
"POST /74/info.htnl HTTP/1.1"
"GET /52/users.log HTTP/1.1"
"PUT /16/users.log HTTP/1.1"
"PATCH /87/api/data HTTP/1.1"
"DELETE /19/stuff.html HTTP/1.1"
"PATCH /34/stuff.html HTTP/1.1"
"GET /74/resources/file.txt HTTP/1.1"
"PUT /70/api/data HTTP/1.1"
"DELETE /28/stuff.html HTTP/1.1"
"POST /84/api/data HTTP/1.1"
"PUT /79/index.html HTTP/1.1"
"GET /16/stuff.html HTTP/1.1"
"GET /7/api/data HTTP/1.1"
"PUT /79/stuff.html HTTP/1.1"
"GET /36/info.htnl HTTP/1.1"
"GET /19/stuff.html HTTP/1.1"
"DELETE /11/info.htnl HTTP/1.1"
"GET /36/stuff.html HTTP/1.1"
"DELETE /45/stuff.html HTTP/1.1"
"POST /40/users.log HTTP/1.1"
"POST /9/info.htnl HTTP/1.1"
"PATCH /91/info.htnl HTTP/1.1"
"POST /57/api/data HTTP/1.1"
"PATCH /92/resources/file.txt HTTP/1.1"
"DELETE /28/resources/file.txt HTTP/1.1"
"GET /93/resources/file.txt HTTP/1.1"
"PATCH /35/api/data HTTP/1.1"
"PATCH /58/index.html HTTP/1.1"
"PUT /64/users.log HTTP/1.1"
"PATCH /88/stuff.html HTTP/1.1"
"POST /41/users.log HTTP/1.1"
"PUT /44/index.html HTTP/1.1"
"GET /20/index.html HTTP/1.1"
"DELETE /84/resources/file.txt HTTP/1.1"
"DELETE /11/users.log HTTP/1.1"
"DELETE /5/stuff.html HTTP/1.1"
"POST /77/index.html HTTP/1.1"
"PATCH /42/stuff.html HTTP/1.1"
"POST /27/resources/file.txt HTTP/1.1"
"DELETE /75/users.log HTTP/1.1"
"PATCH /5/index.html HTTP/1.1"
"POST /93/info.htnl HTTP/1.1"
"PUT /85/stuff.html HTTP/1.1"
"PATCH /69/resources/file.txt HTTP/1.1"
"POST /46/stuff.html HTTP/1.1"
"POST /7/api/data HTTP/1.1"
"DELETE /16/api/data HTTP/1.1"
"PUT /94/info.htnl HTTP/1.1"
"PUT /82/stuff.html HTTP/1.1"
"POST /39/resources/file.txt HTTP/1.1"
"PATCH /99/info.htnl HTTP/1.1"
"GET /21/users.log HTTP/1.1"
"POST /38/info.htnl HTTP/1.1"
"POST /57/users.log HTTP/1.1"
"PUT /52/users.log HTTP/1.1"
"GET /65/users.log HTTP/1.1"
"GET /83/info.htnl HTTP/1.1"
"POST /88/index.html HTTP/1.1"
"DELETE /47/api/data HTTP/1.1"
"DELETE /55/info.htnl HTTP/1.1"
"PUT /7/stuff.html HTTP/1.1"
"PATCH /75/info.htnl HTTP/1.1"
"GET /60/stuff.html HTTP/1.1"
"POST /14/info.htnl HTTP/1.1"
"PUT /45/stuff.html HTTP/1.1"
"POST /21/index.html HTTP/1.1"
"POST /80/index.html HTTP/1.1"
"DELETE /91/resources/file.txt HTTP/1.1"
"DELETE /57/index.html HTTP/1.1"
"GET /66/index.html HTTP/1.1"
"GET /73/info.htnl HTTP/1.1"
"GET /4/index.html HTTP/1.1"
"PUT /97/stuff.html HTTP/1.1"
"PUT /93/api/data HTTP/1.1"
"PATCH /89/stuff.html HTTP/1.1"
"PATCH /42/stuff.html HTTP/1.1"
"PUT /75/users.log HTTP/1.1"
"DELETE /73/users.log HTTP/1.1"
"GET /58/resources/file.txt HTTP/1.1"
"PUT /89/info.htnl HTTP/1.1"
"DELETE /53/api/data HTTP/1.1"
"DELETE /36/resources/file.txt HTTP/1.1"
"DELETE /23/resources/file.txt HTTP/1.1"
"PUT /41/index.html HTTP/1.1"
"GET /76/info.htnl HTTP/1.1"
"PUT /55/resources/file.txt HTTP/1.1"
"GET /46/stuff.html HTTP/1.1"
"POST /64/info.htnl HTTP/1.1"
"GET /11/resources/file.txt HTTP/1.1"
"DELETE /2/api/data HTTP/1.1"
"POST /53/users.log HTTP/1.1"
"PATCH /14/index.html HTTP/1.1"
"PATCH /99/resources/file.txt HTTP/1.1"
"PATCH /14/stuff.html HTTP/1.1"
"PATCH /84/stuff.html HTTP/1.1"
"POST /4/stuff.html HTTP/1.1"
"POST /6/users.log HTTP/1.1"
"PATCH /50/info.htnl HTTP/1.1"
"DELETE /58/index.html HTTP/1.1"
"POST /81/api/data HTTP/1.1"
"PUT /10/users.log HTTP/1.1"
"PUT /63/resources/file.txt HTTP/1.1"
"GET /27/stuff.html HTTP/1.1"
"POST /54/users.log HTTP/1.1"
"DELETE /55/stuff.html HTTP/1.1"
"PUT /96/stuff.html HTTP/1.1"
"POST /49/api/data HTTP/1.1"
"PATCH /77/stuff.html HTTP/1.1"
"DELETE /99/users.log HTTP/1.1"
"PATCH /39/api/data HTTP/1.1"
"GET /72/api/data HTTP/1.1"
"PUT /2/users.log HTTP/1.1"
"DELETE /94/users.log HTTP/1.1"
"PATCH /75/stuff.html HTTP/1.1"
"PATCH /28/index.html HTTP/1.1"
"PUT /91/resources/file.txt HTTP/1.1"
"GET /31/index.html HTTP/1.1"
"DELETE /86/users.log HTTP/1.1"
"POST /36/api/data HTTP/1.1"
"DELETE /60/index.html HTTP/1.1"
"DELETE /95/api/data HTTP/1.1"
"DELETE /50/info.htnl HTTP/1.1"
"GET /60/index.html HTTP/1.1"
"DELETE /11/resources/file.txt HTTP/1.1"
"POST /55/api/data HTTP/1.1"
"POST /91/index.html HTTP/1.1"
"GET /72/info.htnl HTTP/1.1"
"PATCH /21/info.htnl HTTP/1.1"
"PUT /75/resources/file.txt HTTP/1.1"
"DELETE /71/resources/file.txt HTTP/1.1"
"PUT /72/users.log HTTP/1.1"
"POST /53/resources/file.txt HTTP/1.1"
"GET /3/users.log HTTP/1.1"
"DELETE /13/index.html HTTP/1.1"
"PATCH /94/users.log HTTP/1.1"
"POST /13/users.log HTTP/1.1"
"PUT /67/index.html HTTP/1.1"
"POST /83/resources/file.txt HTTP/1.1"
"PUT /64/info.htnl HTTP/1.1"
"POST /89/api/data HTTP/1.1"
"POST /10/users.log HTTP/1.1"
"GET /30/resources/file.txt HTTP/1.1"
"DELETE /16/resources/file.txt HTTP/1.1"
"PATCH /45/users.log HTTP/1.1"
"GET /25/api/data HTTP/1.1"
"PATCH /41/info.htnl HTTP/1.1"
"DELETE /19/info.htnl HTTP/1.1"
"DELETE /51/users.log HTTP/1.1"
"PUT /90/index.html HTTP/1.1"
"DELETE /45/info.htnl HTTP/1.1"
"PUT /74/api/data HTTP/1.1"
"GET /13/index.html HTTP/1.1"
"PATCH /20/info.htnl HTTP/1.1"
"GET /93/users.log HTTP/1.1"
"GET /37/stuff.html HTTP/1.1"
"PATCH /3/users.log HTTP/1.1"
"DELETE /39/index.html HTTP/1.1"
"PATCH /93/api/data HTTP/1.1"
"POST /25/resources/file.txt HTTP/1.1"
"POST /68/stuff.html HTTP/1.1"
"PUT /68/info.htnl HTTP/1.1"
"DELETE /75/index.html HTTP/1.1"
"POST /47/api/data HTTP/1.1"
"POST /34/users.log HTTP/1.1"
"POST /10/users.log HTTP/1.1"
"PATCH /84/users.log HTTP/1.1"
"DELETE /7/resources/file.txt HTTP/1.1"
"PATCH /49/index.html HTTP/1.1"
"POST /20/index.html HTTP/1.1"
"POST /24/resources/file.txt HTTP/1.1"
"GET /89/index.html HTTP/1.1"
"GET /63/api/data HTTP/1.1"
"DELETE /95/info.htnl HTTP/1.1"
"PUT /15/index.html HTTP/1.1"
"GET /35/index.html HTTP/1.1"
"DELETE /36/stuff.html HTTP/1.1"
"PATCH /92/resources/file.txt HTTP/1.1"
"POST /72/info.htnl HTTP/1.1"
"DELETE /82/api/data HTTP/1.1"
"POST /2/index.html HTTP/1.1"
"PUT /73/resources/file.txt HTTP/1.1"
"PUT /60/info.htnl HTTP/1.1"
"PATCH /6/stuff.html HTTP/1.1"
"DELETE /64/stuff.html HTTP/1.1"
"PUT /97/api/data HTTP/1.1"
"GET /32/resources/file.txt HTTP/1.1"
"PATCH /69/index.html HTTP/1.1"
"PUT /43/users.log HTTP/1.1"
"GET /70/resources/file.txt HTTP/1.1"
"PUT /25/api/data HTTP/1.1"
"PUT /95/index.html HTTP/1.1"
"POST /50/api/data HTTP/1.1"
"GET /95/api/data HTTP/1.1"
"POST /68/users.log HTTP/1.1"
"PUT /0/resources/file.txt HTTP/1.1"
"GET /20/users.log HTTP/1.1"
"POST /76/users.log HTTP/1.1"
"PUT /94/resources/file.txt HTTP/1.1"
"POST /14/resources/file.txt HTTP/1.1"
"GET /36/users.log HTTP/1.1"
"POST /44/stuff.html HTTP/1.1"
"GET /16/index.html HTTP/1.1"
"DELETE /30/users.log HTTP/1.1"
"PATCH /51/resources/file.txt HTTP/1.1"
"DELETE /78/index.html HTTP/1.1"
"POST /59/users.log HTTP/1.1"
"PUT /15/api/data HTTP/1.1"
"POST /19/index.html HTTP/1.1"
"PATCH /11/index.html HTTP/1.1"
"PATCH /59/resources/file.txt HTTP/1.1"
"PUT /23/info.htnl HTTP/1.1"
"DELETE /14/api/data HTTP/1.1"
"GET /37/index.html HTTP/1.1"
"POST /72/info.htnl HTTP/1.1"
"PUT /75/index.html HTTP/1.1"
"POST /38/resources/file.txt HTTP/1.1"
"PATCH /0/stuff.html HTTP/1.1"
"GET /64/api/data HTTP/1.1"
"PATCH /45/index.html HTTP/1.1"
"PATCH /67/users.log HTTP/1.1"
"PUT /88/resources/file.txt HTTP/1.1"
"PATCH /21/stuff.html HTTP/1.1"
"PATCH /42/api/data HTTP/1.1"
"PATCH /18/stuff.html HTTP/1.1"
"DELETE /25/stuff.html HTTP/1.1"
"DELETE /94/info.htnl HTTP/1.1"
"POST /68/resources/file.txt HTTP/1.1"
"PUT /78/info.htnl HTTP/1.1"
"DELETE /79/stuff.html HTTP/1.1"
"PUT /44/users.log HTTP/1.1"
"PUT /89/resources/file.txt HTTP/1.1"
"PUT /97/api/data HTTP/1.1"
"POST /30/info.htnl HTTP/1.1"
"PATCH /36/info.htnl HTTP/1.1"
"GET /55/stuff.html HTTP/1.1"
"PUT /1/resources/file.txt HTTP/1.1"
"DELETE /62/info.htnl HTTP/1.1"
"PUT /38/users.log HTTP/1.1"
"POST /65/info.htnl HTTP/1.1"
"POST /92/index.html HTTP/1.1"
"POST /38/info.htnl HTTP/1.1"
"PATCH /11/api/data HTTP/1.1"
"POST /94/api/data HTTP/1.1"
"DELETE /9/api/data HTTP/1.1"
"DELETE /39/stuff.html HTTP/1.1"
"PATCH /48/resources/file.txt HTTP/1.1"
"GET /47/info.htnl HTTP/1.1"
"PATCH /90/info.htnl HTTP/1.1"
"PATCH /11/stuff.html HTTP/1.1"
"GET /99/resources/file.txt HTTP/1.1"
"PATCH /36/index.html HTTP/1.1"
"DELETE /89/api/data HTTP/1.1"
"PUT /68/resources/file.txt HTTP/1.1"
"PUT /48/api/data HTTP/1.1"
"GET /26/api/data HTTP/1.1"
"GET /59/stuff.html HTTP/1.1"
"POST /19/stuff.html HTTP/1.1"
"POST /19/api/data HTTP/1.1"
"PATCH /83/stuff.html HTTP/1.1"
"PUT /72/info.htnl HTTP/1.1"
"DELETE /20/resources/file.txt HTTP/1.1"
"POST /96/users.log HTTP/1.1"
"DELETE /18/index.html HTTP/1.1"
"DELETE /6/stuff.html HTTP/1.1"
"DELETE /88/users.log HTTP/1.1"
"DELETE /16/info.htnl HTTP/1.1"
"DELETE /63/api/data HTTP/1.1"
"PUT /66/users.log HTTP/1.1"
"GET /11/api/data HTTP/1.1"
"PUT /84/index.html HTTP/1.1"
"PATCH /15/resources/file.txt HTTP/1.1"
"POST /12/resources/file.txt HTTP/1.1"
"PUT /66/resources/file.txt HTTP/1.1"
"POST /20/info.htnl HTTP/1.1"
"PATCH /98/index.html HTTP/1.1"
"DELETE /66/info.htnl HTTP/1.1"
"GET /99/users.log HTTP/1.1"
"PATCH /25/resources/file.txt HTTP/1.1"
"PATCH /61/info.htnl HTTP/1.1"
"POST /69/info.htnl HTTP/1.1"
"DELETE /72/info.htnl HTTP/1.1"
"DELETE /47/resources/file.txt HTTP/1.1"
"PUT /75/index.html HTTP/1.1"
"POST /53/stuff.html HTTP/1.1"
"PATCH /78/index.html HTTP/1.1"
"PATCH /69/users.log HTTP/1.1"
"PUT /73/info.htnl HTTP/1.1"
"POST /55/stuff.html HTTP/1.1"
"PUT /43/stuff.html HTTP/1.1"
"DELETE /94/stuff.html HTTP/1.1"
"PATCH /85/info.htnl HTTP/1.1"
"DELETE /68/index.html HTTP/1.1"
"POST /49/info.htnl HTTP/1.1"
"POST /62/api/data HTTP/1.1"
"GET /62/resources/file.txt HTTP/1.1"
"GET /80/info.htnl HTTP/1.1"
"PUT /9/api/data HTTP/1.1"
"PATCH /30/users.log HTTP/1.1"
"PATCH /91/index.html HTTP/1.1"
"PATCH /78/users.log HTTP/1.1"
"PUT /32/users.log HTTP/1.1"
