Start-01/24/24-14:14:28
2024-01-24 /usr/lib/python3.10/xml/aazzz_240124
2024-01-24    /usr/lib/python3.10/xml/aazzz_240124/aazzz_240124.az	3KB
2024-01-24    /usr/lib/python3.10/xml/aazzz_240124/aaazzz_240124.az	3KB
2024-01-24    /usr/lib/python3.10/xml/aazzz_240124/aaaazzz_240124.az	3KB
2024-01-24    /usr/lib/python3.10/xml/aazzz_240124/aaaaazzz_240124.az	3KB
2024-01-24    /usr/lib/python3.10/xml/aazzz_240124/aaaaaazzz_240124.az	3KB
2024-01-24    /usr/lib/python3.10/xml/aazzz_240124/aaaaaaazzz_240124.az	3KB
2024-01-24    /usr/lib/python3.10/xml/aazzz_240124/aaaaaaaazzz_240124.az	3KB
2024-01-24    /usr/lib/python3.10/xml/aazzz_240124/aaaaaaaaazzz_240124.az	3KB
2024-01-24    /usr/lib/python3.10/xml/aazzz_240124/aaaaaaaaaazzz_240124.az	3KB
2024-01-24    /usr/lib/python3.10/xml/aazzz_240124/aaaaaaaaaaazzz_240124.az	3KB
2024-01-24    /usr/lib/python3.10/xml/aazzz_240124/aaaaaaaaaaaazzz_240124.az	3KB
2024-01-24    /usr/lib/python3.10/xml/aazzz_240124/aaaaaaaaaaaaazzz_240124.az	3KB
2024-01-24    /usr/lib/python3.10/xml/aazzz_240124/aaaaaaaaaaaaaazzz_240124.az	3KB
2024-01-24    /usr/lib/python3.10/xml/aazzz_240124/aaaaaaaaaaaaaaazzz_240124.az	3KB
2024-01-24    /usr/lib/python3.10/xml/aazzz_240124/aaaaaaaaaaaaaaaazzz_240124.az	3KB
2024-01-24    /usr/lib/python3.10/xml/aazzz_240124/aaaaaaaaaaaaaaaaazzz_240124.az	3KB
2024-01-24    /usr/lib/python3.10/xml/aazzz_240124/aaaaaaaaaaaaaaaaaazzz_240124.az	3KB
2024-01-24    /usr/lib/python3.10/xml/aazzz_240124/aaaaaaaaaaaaaaaaaaazzz_240124.az	3KB
2024-01-24    /usr/lib/python3.10/xml/aazzz_240124/aaaaaaaaaaaaaaaaaaaazzz_240124.az	3KB
2024-01-24    /usr/lib/python3.10/xml/aazzz_240124/aaaaaaaaaaaaaaaaaaaaazzz_240124.az	3KB
2024-01-24    /usr/lib/python3.10/xml/aazzz_240124/aaaaaaaaaaaaaaaaaaaaaazzz_240124.az	3KB
2024-01-24    /usr/lib/python3.10/xml/aazzz_240124/aaaaaaaaaaaaaaaaaaaaaaazzz_240124.az	3KB
2024-01-24    /usr/lib/python3.10/xml/aazzz_240124/aaaaaaaaaaaaaaaaaaaaaaaazzz_240124.az	3KB
2024-01-24    /usr/lib/python3.10/xml/aazzz_240124/aaaaaaaaaaaaaaaaaaaaaaaaazzz_240124.az	3KB
2024-01-24    /usr/lib/python3.10/xml/aazzz_240124/aaaaaaaaaaaaaaaaaaaaaaaaaazzz_240124.az	3KB
2024-01-24    /usr/lib/python3.10/xml/aazzz_240124/aaaaaaaaaaaaaaaaaaaaaaaaaaazzz_240124.az	3KB
2024-01-24    /usr/lib/python3.10/xml/aazzz_240124/aaaaaaaaaaaaaaaaaaaaaaaaaaaazzz_240124.az	3KB
2024-01-24    /usr/lib/python3.10/xml/aazzz_240124/aaaaaaaaaaaaaaaaaaaaaaaaaaaaazzz_240124.az	3KB
2024-01-24    /usr/lib/python3.10/xml/aazzz_240124/aaaaaaaaaaaaaaaaaaaaaaaaaaaaaazzz_240124.az	3KB
2024-01-24    /usr/lib/python3.10/xml/aazzz_240124/aaaaaaaaaaaaaaaaaaaaaaaaaaaaaaazzz_240124.az	3KB
2024-01-24    /usr/lib/python3.10/xml/aazzz_240124/aaaaaaaaaaaaaaaaaaaaaaaaaaaaaaaazzz_240124.az	3KB
2024-01-24    /usr/lib/python3.10/xml/aazzz_240124/aaaaaaaaaaaaaaaaaaaaaaaaaaaaaaaaazzz_240124.az	3KB
2024-01-24    /usr/lib/python3.10/xml/aazzz_240124/aaaaaaaaaaaaaaaaaaaaaaaaaaaaaaaaaazzz_240124.az	3KB
2024-01-24    /usr/lib/python3.10/xml/aazzz_240124/aaaaaaaaaaaaaaaaaaaaaaaaaaaaaaaaaaazzz_240124.az	3KB
2024-01-24    /usr/lib/python3.10/xml/aazzz_240124/aaaaaaaaaaaaaaaaaaaaaaaaaaaaaaaaaaaazzz_240124.az	3KB
2024-01-24    /usr/lib/python3.10/xml/aazzz_240124/aaaaaaaaaaaaaaaaaaaaaaaaaaaaaaaaaaaaazzz_240124.az	3KB
2024-01-24 /usr/lib/python3.10/xml/aaazzz_240124
2024-01-24    /usr/lib/python3.10/xml/aaazzz_240124/aazzz_240124.az	3KB
2024-01-24    /usr/lib/python3.10/xml/aaazzz_240124/aaazzz_240124.az	3KB
2024-01-24    /usr/lib/python3.10/xml/aaazzz_240124/aaaazzz_240124.az	3KB
2024-01-24    /usr/lib/python3.10/xml/aaazzz_240124/aaaaazzz_240124.az	3KB
2024-01-24    /usr/lib/python3.10/xml/aaazzz_240124/aaaaaazzz_240124.az	3KB
2024-01-24    /usr/lib/python3.10/xml/aaazzz_240124/aaaaaaazzz_240124.az	3KB
2024-01-24    /usr/lib/python3.10/xml/aaazzz_240124/aaaaaaaazzz_240124.az	3KB
2024-01-24    /usr/lib/python3.10/xml/aaazzz_240124/aaaaaaaaazzz_240124.az	3KB
2024-01-24    /usr/lib/python3.10/xml/aaazzz_240124/aaaaaaaaaazzz_240124.az	3KB
2024-01-24    /usr/lib/python3.10/xml/aaazzz_240124/aaaaaaaaaaazzz_240124.az	3KB
2024-01-24    /usr/lib/python3.10/xml/aaazzz_240124/aaaaaaaaaaaazzz_240124.az	3KB
2024-01-24    /usr/lib/python3.10/xml/aaazzz_240124/aaaaaaaaaaaaazzz_240124.az	3KB
2024-01-24    /usr/lib/python3.10/xml/aaazzz_240124/aaaaaaaaaaaaaazzz_240124.az	3KB
2024-01-24    /usr/lib/python3.10/xml/aaazzz_240124/aaaaaaaaaaaaaaazzz_240124.az	3KB
2024-01-24    /usr/lib/python3.10/xml/aaazzz_240124/aaaaaaaaaaaaaaaazzz_240124.az	3KB
2024-01-24    /usr/lib/python3.10/xml/aaazzz_240124/aaaaaaaaaaaaaaaaazzz_240124.az	3KB
2024-01-24    /usr/lib/python3.10/xml/aaazzz_240124/aaaaaaaaaaaaaaaaaazzz_240124.az	3KB
2024-01-24    /usr/lib/python3.10/xml/aaazzz_240124/aaaaaaaaaaaaaaaaaaazzz_240124.az	3KB
2024-01-24    /usr/lib/python3.10/xml/aaazzz_240124/aaaaaaaaaaaaaaaaaaaazzz_240124.az	3KB
2024-01-24    /usr/lib/python3.10/xml/aaazzz_240124/aaaaaaaaaaaaaaaaaaaaazzz_240124.az	3KB
2024-01-24    /usr/lib/python3.10/xml/aaazzz_240124/aaaaaaaaaaaaaaaaaaaaaazzz_240124.az	3KB
2024-01-24    /usr/lib/python3.10/xml/aaazzz_240124/aaaaaaaaaaaaaaaaaaaaaaazzz_240124.az	3KB
2024-01-24    /usr/lib/python3.10/xml/aaazzz_240124/aaaaaaaaaaaaaaaaaaaaaaaazzz_240124.az	3KB
2024-01-24    /usr/lib/python3.10/xml/aaazzz_240124/aaaaaaaaaaaaaaaaaaaaaaaaazzz_240124.az	3KB
2024-01-24    /usr/lib/python3.10/xml/aaazzz_240124/aaaaaaaaaaaaaaaaaaaaaaaaaazzz_240124.az	3KB
2024-01-24    /usr/lib/python3.10/xml/aaazzz_240124/aaaaaaaaaaaaaaaaaaaaaaaaaaazzz_240124.az	3KB
2024-01-24    /usr/lib/python3.10/xml/aaazzz_240124/aaaaaaaaaaaaaaaaaaaaaaaaaaaazzz_240124.az	3KB
2024-01-24    /usr/lib/python3.10/xml/aaazzz_240124/aaaaaaaaaaaaaaaaaaaaaaaaaaaaazzz_240124.az	3KB
2024-01-24    /usr/lib/python3.10/xml/aaazzz_240124/aaaaaaaaaaaaaaaaaaaaaaaaaaaaaazzz_240124.az	3KB
2024-01-24    /usr/lib/python3.10/xml/aaazzz_240124/aaaaaaaaaaaaaaaaaaaaaaaaaaaaaaazzz_240124.az	3KB
2024-01-24    /usr/lib/python3.10/xml/aaazzz_240124/aaaaaaaaaaaaaaaaaaaaaaaaaaaaaaaazzz_240124.az	3KB
2024-01-24    /usr/lib/python3.10/xml/aaazzz_240124/aaaaaaaaaaaaaaaaaaaaaaaaaaaaaaaaazzz_240124.az	3KB
2024-01-24    /usr/lib/python3.10/xml/aaazzz_240124/aaaaaaaaaaaaaaaaaaaaaaaaaaaaaaaaaazzz_240124.az	3KB
2024-01-24    /usr/lib/python3.10/xml/aaazzz_240124/aaaaaaaaaaaaaaaaaaaaaaaaaaaaaaaaaaazzz_240124.az	3KB
2024-01-24    /usr/lib/python3.10/xml/aaazzz_240124/aaaaaaaaaaaaaaaaaaaaaaaaaaaaaaaaaaaazzz_240124.az	3KB
2024-01-24    /usr/lib/python3.10/xml/aaazzz_240124/aaaaaaaaaaaaaaaaaaaaaaaaaaaaaaaaaaaaazzz_240124.az	3KB
2024-01-24    /usr/lib/python3.10/xml/aaazzz_240124/aaaaaaaaaaaaaaaaaaaaaaaaaaaaaaaaaaaaaazzz_240124.az	3KB
2024-01-24    /usr/lib/python3.10/xml/aaazzz_240124/aaaaaaaaaaaaaaaaaaaaaaaaaaaaaaaaaaaaaaazzz_240124.az	3KB
2024-01-24    /usr/lib/python3.10/xml/aaazzz_240124/aaaaaaaaaaaaaaaaaaaaaaaaaaaaaaaaaaaaaaaazzz_240124.az	3KB
2024-01-24    /usr/lib/python3.10/xml/aaazzz_240124/aaaaaaaaaaaaaaaaaaaaaaaaaaaaaaaaaaaaaaaaazzz_240124.az	3KB
2024-01-24    /usr/lib/python3.10/xml/aaazzz_240124/aaaaaaaaaaaaaaaaaaaaaaaaaaaaaaaaaaaaaaaaaazzz_240124.az	3KB
2024-01-24    /usr/lib/python3.10/xml/aaazzz_240124/aaaaaaaaaaaaaaaaaaaaaaaaaaaaaaaaaaaaaaaaaaazzz_240124.az	3KB
2024-01-24    /usr/lib/python3.10/xml/aaazzz_240124/aaaaaaaaaaaaaaaaaaaaaaaaaaaaaaaaaaaaaaaaaaaazzz_240124.az	3KB
2024-01-24    /usr/lib/python3.10/xml/aaazzz_240124/aaaaaaaaaaaaaaaaaaaaaaaaaaaaaaaaaaaaaaaaaaaaazzz_240124.az	3KB
2024-01-24    /usr/lib/python3.10/xml/aaazzz_240124/aaaaaaaaaaaaaaaaaaaaaaaaaaaaaaaaaaaaaaaaaaaaaazzz_240124.az	3KB
2024-01-24    /usr/lib/python3.10/xml/aaazzz_240124/aaaaaaaaaaaaaaaaaaaaaaaaaaaaaaaaaaaaaaaaaaaaaaazzz_240124.az	3KB
2024-01-24    /usr/lib/python3.10/xml/aaazzz_240124/aaaaaaaaaaaaaaaaaaaaaaaaaaaaaaaaaaaaaaaaaaaaaaaazzz_240124.az	3KB
2024-01-24    /usr/lib/python3.10/xml/aaazzz_240124/aaaaaaaaaaaaaaaaaaaaaaaaaaaaaaaaaaaaaaaaaaaaaaaaazzz_240124.az	3KB
2024-01-24    /usr/lib/python3.10/xml/aaazzz_240124/aaaaaaaaaaaaaaaaaaaaaaaaaaaaaaaaaaaaaaaaaaaaaaaaaazzz_240124.az	3KB
2024-01-24    /usr/lib/python3.10/xml/aaazzz_240124/aaaaaaaaaaaaaaaaaaaaaaaaaaaaaaaaaaaaaaaaaaaaaaaaaaazzz_240124.az	3KB
2024-01-24    /usr/lib/python3.10/xml/aaazzz_240124/aaaaaaaaaaaaaaaaaaaaaaaaaaaaaaaaaaaaaaaaaaaaaaaaaaaazzz_240124.az	3KB
2024-01-24    /usr/lib/python3.10/xml/aaazzz_240124/aaaaaaaaaaaaaaaaaaaaaaaaaaaaaaaaaaaaaaaaaaaaaaaaaaaaazzz_240124.az	3KB
2024-01-24    /usr/lib/python3.10/xml/aaazzz_240124/aaaaaaaaaaaaaaaaaaaaaaaaaaaaaaaaaaaaaaaaaaaaaaaaaaaaaazzz_240124.az	3KB
2024-01-24    /usr/lib/python3.10/xml/aaazzz_240124/aaaaaaaaaaaaaaaaaaaaaaaaaaaaaaaaaaaaaaaaaaaaaaaaaaaaaaazzz_240124.az	3KB
2024-01-24    /usr/lib/python3.10/xml/aaazzz_240124/aaaaaaaaaaaaaaaaaaaaaaaaaaaaaaaaaaaaaaaaaaaaaaaaaaaaaaaazzz_240124.az	3KB
2024-01-24    /usr/lib/python3.10/xml/aaazzz_240124/aaaaaaaaaaaaaaaaaaaaaaaaaaaaaaaaaaaaaaaaaaaaaaaaaaaaaaaaazzz_240124.az	3KB
2024-01-24    /usr/lib/python3.10/xml/aaazzz_240124/aaaaaaaaaaaaaaaaaaaaaaaaaaaaaaaaaaaaaaaaaaaaaaaaaaaaaaaaaazzz_240124.az	3KB
2024-01-24    /usr/lib/python3.10/xml/aaazzz_240124/aaaaaaaaaaaaaaaaaaaaaaaaaaaaaaaaaaaaaaaaaaaaaaaaaaaaaaaaaaazzz_240124.az	3KB
2024-01-24    /usr/lib/python3.10/xml/aaazzz_240124/aaaaaaaaaaaaaaaaaaaaaaaaaaaaaaaaaaaaaaaaaaaaaaaaaaaaaaaaaaaazzz_240124.az	3KB
2024-01-24    /usr/lib/python3.10/xml/aaazzz_240124/aaaaaaaaaaaaaaaaaaaaaaaaaaaaaaaaaaaaaaaaaaaaaaaaaaaaaaaaaaaaazzz_240124.az	3KB
2024-01-24    /usr/lib/python3.10/xml/aaazzz_240124/aaaaaaaaaaaaaaaaaaaaaaaaaaaaaaaaaaaaaaaaaaaaaaaaaaaaaaaaaaaaaazzz_240124.az	3KB
2024-01-24    /usr/lib/python3.10/xml/aaazzz_240124/aaaaaaaaaaaaaaaaaaaaaaaaaaaaaaaaaaaaaaaaaaaaaaaaaaaaaaaaaaaaaaazzz_240124.az	3KB
2024-01-24    /usr/lib/python3.10/xml/aaazzz_240124/aaaaaaaaaaaaaaaaaaaaaaaaaaaaaaaaaaaaaaaaaaaaaaaaaaaaaaaaaaaaaaaazzz_240124.az	3KB
2024-01-24    /usr/lib/python3.10/xml/aaazzz_240124/aaaaaaaaaaaaaaaaaaaaaaaaaaaaaaaaaaaaaaaaaaaaaaaaaaaaaaaaaaaaaaaaazzz_240124.az	3KB
2024-01-24    /usr/lib/python3.10/xml/aaazzz_240124/aaaaaaaaaaaaaaaaaaaaaaaaaaaaaaaaaaaaaaaaaaaaaaaaaaaaaaaaaaaaaaaaaazzz_240124.az	3KB
2024-01-24    /usr/lib/python3.10/xml/aaazzz_240124/aaaaaaaaaaaaaaaaaaaaaaaaaaaaaaaaaaaaaaaaaaaaaaaaaaaaaaaaaaaaaaaaaaazzz_240124.az	3KB
2024-01-24    /usr/lib/python3.10/xml/aaazzz_240124/aaaaaaaaaaaaaaaaaaaaaaaaaaaaaaaaaaaaaaaaaaaaaaaaaaaaaaaaaaaaaaaaaaaazzz_240124.az	3KB
2024-01-24    /usr/lib/python3.10/xml/aaazzz_240124/aaaaaaaaaaaaaaaaaaaaaaaaaaaaaaaaaaaaaaaaaaaaaaaaaaaaaaaaaaaaaaaaaaaaazzz_240124.az	3KB
2024-01-24    /usr/lib/python3.10/xml/aaazzz_240124/aaaaaaaaaaaaaaaaaaaaaaaaaaaaaaaaaaaaaaaaaaaaaaaaaaaaaaaaaaaaaaaaaaaaaazzz_240124.az	3KB
2024-01-24    /usr/lib/python3.10/xml/aaazzz_240124/aaaaaaaaaaaaaaaaaaaaaaaaaaaaaaaaaaaaaaaaaaaaaaaaaaaaaaaaaaaaaaaaaaaaaaazzz_240124.az	3KB
2024-01-24    /usr/lib/python3.10/xml/aaazzz_240124/aaaaaaaaaaaaaaaaaaaaaaaaaaaaaaaaaaaaaaaaaaaaaaaaaaaaaaaaaaaaaaaaaaaaaaaazzz_240124.az	3KB
2024-01-24    /usr/lib/python3.10/xml/aaazzz_240124/aaaaaaaaaaaaaaaaaaaaaaaaaaaaaaaaaaaaaaaaaaaaaaaaaaaaaaaaaaaaaaaaaaaaaaaaazzz_240124.az	3KB
2024-01-24    /usr/lib/python3.10/xml/aaazzz_240124/aaaaaaaaaaaaaaaaaaaaaaaaaaaaaaaaaaaaaaaaaaaaaaaaaaaaaaaaaaaaaaaaaaaaaaaaaazzz_240124.az	3KB
2024-01-24    /usr/lib/python3.10/xml/aaazzz_240124/aaaaaaaaaaaaaaaaaaaaaaaaaaaaaaaaaaaaaaaaaaaaaaaaaaaaaaaaaaaaaaaaaaaaaaaaaaazzz_240124.az	3KB
2024-01-24    /usr/lib/python3.10/xml/aaazzz_240124/aaaaaaaaaaaaaaaaaaaaaaaaaaaaaaaaaaaaaaaaaaaaaaaaaaaaaaaaaaaaaaaaaaaaaaaaaaaazzz_240124.az	3KB
2024-01-24    /usr/lib/python3.10/xml/aaazzz_240124/aaaaaaaaaaaaaaaaaaaaaaaaaaaaaaaaaaaaaaaaaaaaaaaaaaaaaaaaaaaaaaaaaaaaaaaaaaaaazzz_240124.az	3KB
2024-01-24    /usr/lib/python3.10/xml/aaazzz_240124/aaaaaaaaaaaaaaaaaaaaaaaaaaaaaaaaaaaaaaaaaaaaaaaaaaaaaaaaaaaaaaaaaaaaaaaaaaaaaazzz_240124.az	3KB
2024-01-24    /usr/lib/python3.10/xml/aaazzz_240124/aaaaaaaaaaaaaaaaaaaaaaaaaaaaaaaaaaaaaaaaaaaaaaaaaaaaaaaaaaaaaaaaaaaaaaaaaaaaaaazzz_240124.az	3KB
2024-01-24    /usr/lib/python3.10/xml/aaazzz_240124/aaaaaaaaaaaaaaaaaaaaaaaaaaaaaaaaaaaaaaaaaaaaaaaaaaaaaaaaaaaaaaaaaaaaaaaaaaaaaaaazzz_240124.az	3KB
2024-01-24    /usr/lib/python3.10/xml/aaazzz_240124/aaaaaaaaaaaaaaaaaaaaaaaaaaaaaaaaaaaaaaaaaaaaaaaaaaaaaaaaaaaaaaaaaaaaaaaaaaaaaaaaazzz_240124.az	3KB
2024-01-24    /usr/lib/python3.10/xml/aaazzz_240124/aaaaaaaaaaaaaaaaaaaaaaaaaaaaaaaaaaaaaaaaaaaaaaaaaaaaaaaaaaaaaaaaaaaaaaaaaaaaaaaaaazzz_240124.az	3KB
2024-01-24    /usr/lib/python3.10/xml/aaazzz_240124/aaaaaaaaaaaaaaaaaaaaaaaaaaaaaaaaaaaaaaaaaaaaaaaaaaaaaaaaaaaaaaaaaaaaaaaaaaaaaaaaaaazzz_240124.az	3KB
2024-01-24    /usr/lib/python3.10/xml/aaazzz_240124/aaaaaaaaaaaaaaaaaaaaaaaaaaaaaaaaaaaaaaaaaaaaaaaaaaaaaaaaaaaaaaaaaaaaaaaaaaaaaaaaaaaazzz_240124.az	3KB
2024-01-24    /usr/lib/python3.10/xml/aaazzz_240124/aaaaaaaaaaaaaaaaaaaaaaaaaaaaaaaaaaaaaaaaaaaaaaaaaaaaaaaaaaaaaaaaaaaaaaaaaaaaaaaaaaaaazzz_240124.az	3KB
2024-01-24    /usr/lib/python3.10/xml/aaazzz_240124/aaaaaaaaaaaaaaaaaaaaaaaaaaaaaaaaaaaaaaaaaaaaaaaaaaaaaaaaaaaaaaaaaaaaaaaaaaaaaaaaaaaaaazzz_240124.az	3KB
2024-01-24    /usr/lib/python3.10/xml/aaazzz_240124/aaaaaaaaaaaaaaaaaaaaaaaaaaaaaaaaaaaaaaaaaaaaaaaaaaaaaaaaaaaaaaaaaaaaaaaaaaaaaaaaaaaaaaazzz_240124.az	3KB
2024-01-24    /usr/lib/python3.10/xml/aaazzz_240124/aaaaaaaaaaaaaaaaaaaaaaaaaaaaaaaaaaaaaaaaaaaaaaaaaaaaaaaaaaaaaaaaaaaaaaaaaaaaaaaaaaaaaaaazzz_240124.az	3KB
2024-01-24    /usr/lib/python3.10/xml/aaazzz_240124/aaaaaaaaaaaaaaaaaaaaaaaaaaaaaaaaaaaaaaaaaaaaaaaaaaaaaaaaaaaaaaaaaaaaaaaaaaaaaaaaaaaaaaaaazzz_240124.az	3KB
2024-01-24    /usr/lib/python3.10/xml/aaazzz_240124/aaaaaaaaaaaaaaaaaaaaaaaaaaaaaaaaaaaaaaaaaaaaaaaaaaaaaaaaaaaaaaaaaaaaaaaaaaaaaaaaaaaaaaaaaazzz_240124.az	3KB
2024-01-24    /usr/lib/python3.10/xml/aaazzz_240124/aaaaaaaaaaaaaaaaaaaaaaaaaaaaaaaaaaaaaaaaaaaaaaaaaaaaaaaaaaaaaaaaaaaaaaaaaaaaaaaaaaaaaaaaaaazzz_240124.az	3KB
2024-01-24    /usr/lib/python3.10/xml/aaazzz_240124/aaaaaaaaaaaaaaaaaaaaaaaaaaaaaaaaaaaaaaaaaaaaaaaaaaaaaaaaaaaaaaaaaaaaaaaaaaaaaaaaaaaaaaaaaaaazzz_240124.az	3KB
2024-01-24    /usr/lib/python3.10/xml/aaazzz_240124/aaaaaaaaaaaaaaaaaaaaaaaaaaaaaaaaaaaaaaaaaaaaaaaaaaaaaaaaaaaaaaaaaaaaaaaaaaaaaaaaaaaaaaaaaaaaazzz_240124.az	3KB
2024-01-24    /usr/lib/python3.10/xml/aaazzz_240124/aaaaaaaaaaaaaaaaaaaaaaaaaaaaaaaaaaaaaaaaaaaaaaaaaaaaaaaaaaaaaaaaaaaaaaaaaaaaaaaaaaaaaaaaaaaaaazzz_240124.az	3KB
2024-01-24    /usr/lib/python3.10/xml/aaazzz_240124/aaaaaaaaaaaaaaaaaaaaaaaaaaaaaaaaaaaaaaaaaaaaaaaaaaaaaaaaaaaaaaaaaaaaaaaaaaaaaaaaaaaaaaaaaaaaaaazzz_240124.az	3KB
2024-01-24    /usr/lib/python3.10/xml/aaazzz_240124/aaaaaaaaaaaaaaaaaaaaaaaaaaaaaaaaaaaaaaaaaaaaaaaaaaaaaaaaaaaaaaaaaaaaaaaaaaaaaaaaaaaaaaaaaaaaaaaazzz_240124.az	3KB
2024-01-24 /usr/lib/python3.10/xml/aaaazzz_240124
2024-01-24    /usr/lib/python3.10/xml/aaaazzz_240124/aazzz_240124.az	3KB
2024-01-24    /usr/lib/python3.10/xml/aaaazzz_240124/aaazzz_240124.az	3KB
2024-01-24    /usr/lib/python3.10/xml/aaaazzz_240124/aaaazzz_240124.az	3KB
2024-01-24    /usr/lib/python3.10/xml/aaaazzz_240124/aaaaazzz_240124.az	3KB
2024-01-24    /usr/lib/python3.10/xml/aaaazzz_240124/aaaaaazzz_240124.az	3KB
2024-01-24    /usr/lib/python3.10/xml/aaaazzz_240124/aaaaaaazzz_240124.az	3KB
2024-01-24    /usr/lib/python3.10/xml/aaaazzz_240124/aaaaaaaazzz_240124.az	3KB
2024-01-24    /usr/lib/python3.10/xml/aaaazzz_240124/aaaaaaaaazzz_240124.az	3KB
2024-01-24    /usr/lib/python3.10/xml/aaaazzz_240124/aaaaaaaaaazzz_240124.az	3KB
2024-01-24    /usr/lib/python3.10/xml/aaaazzz_240124/aaaaaaaaaaazzz_240124.az	3KB
2024-01-24    /usr/lib/python3.10/xml/aaaazzz_240124/aaaaaaaaaaaazzz_240124.az	3KB
2024-01-24    /usr/lib/python3.10/xml/aaaazzz_240124/aaaaaaaaaaaaazzz_240124.az	3KB
2024-01-24    /usr/lib/python3.10/xml/aaaazzz_240124/aaaaaaaaaaaaaazzz_240124.az	3KB
2024-01-24    /usr/lib/python3.10/xml/aaaazzz_240124/aaaaaaaaaaaaaaazzz_240124.az	3KB
2024-01-24    /usr/lib/python3.10/xml/aaaazzz_240124/aaaaaaaaaaaaaaaazzz_240124.az	3KB
2024-01-24    /usr/lib/python3.10/xml/aaaazzz_240124/aaaaaaaaaaaaaaaaazzz_240124.az	3KB
2024-01-24    /usr/lib/python3.10/xml/aaaazzz_240124/aaaaaaaaaaaaaaaaaazzz_240124.az	3KB
2024-01-24    /usr/lib/python3.10/xml/aaaazzz_240124/aaaaaaaaaaaaaaaaaaazzz_240124.az	3KB
2024-01-24    /usr/lib/python3.10/xml/aaaazzz_240124/aaaaaaaaaaaaaaaaaaaazzz_240124.az	3KB
2024-01-24    /usr/lib/python3.10/xml/aaaazzz_240124/aaaaaaaaaaaaaaaaaaaaazzz_240124.az	3KB
2024-01-24    /usr/lib/python3.10/xml/aaaazzz_240124/aaaaaaaaaaaaaaaaaaaaaazzz_240124.az	3KB
2024-01-24    /usr/lib/python3.10/xml/aaaazzz_240124/aaaaaaaaaaaaaaaaaaaaaaazzz_240124.az	3KB
2024-01-24    /usr/lib/python3.10/xml/aaaazzz_240124/aaaaaaaaaaaaaaaaaaaaaaaazzz_240124.az	3KB
2024-01-24    /usr/lib/python3.10/xml/aaaazzz_240124/aaaaaaaaaaaaaaaaaaaaaaaaazzz_240124.az	3KB
2024-01-24    /usr/lib/python3.10/xml/aaaazzz_240124/aaaaaaaaaaaaaaaaaaaaaaaaaazzz_240124.az	3KB
2024-01-24    /usr/lib/python3.10/xml/aaaazzz_240124/aaaaaaaaaaaaaaaaaaaaaaaaaaazzz_240124.az	3KB
2024-01-24    /usr/lib/python3.10/xml/aaaazzz_240124/aaaaaaaaaaaaaaaaaaaaaaaaaaaazzz_240124.az	3KB
2024-01-24    /usr/lib/python3.10/xml/aaaazzz_240124/aaaaaaaaaaaaaaaaaaaaaaaaaaaaazzz_240124.az	3KB
2024-01-24    /usr/lib/python3.10/xml/aaaazzz_240124/aaaaaaaaaaaaaaaaaaaaaaaaaaaaaazzz_240124.az	3KB
2024-01-24    /usr/lib/python3.10/xml/aaaazzz_240124/aaaaaaaaaaaaaaaaaaaaaaaaaaaaaaazzz_240124.az	3KB
2024-01-24    /usr/lib/python3.10/xml/aaaazzz_240124/aaaaaaaaaaaaaaaaaaaaaaaaaaaaaaaazzz_240124.az	3KB
2024-01-24    /usr/lib/python3.10/xml/aaaazzz_240124/aaaaaaaaaaaaaaaaaaaaaaaaaaaaaaaaazzz_240124.az	3KB
2024-01-24    /usr/lib/python3.10/xml/aaaazzz_240124/aaaaaaaaaaaaaaaaaaaaaaaaaaaaaaaaaazzz_240124.az	3KB
2024-01-24    /usr/lib/python3.10/xml/aaaazzz_240124/aaaaaaaaaaaaaaaaaaaaaaaaaaaaaaaaaaazzz_240124.az	3KB
2024-01-24    /usr/lib/python3.10/xml/aaaazzz_240124/aaaaaaaaaaaaaaaaaaaaaaaaaaaaaaaaaaaazzz_240124.az	3KB
2024-01-24    /usr/lib/python3.10/xml/aaaazzz_240124/aaaaaaaaaaaaaaaaaaaaaaaaaaaaaaaaaaaaazzz_240124.az	3KB
2024-01-24    /usr/lib/python3.10/xml/aaaazzz_240124/aaaaaaaaaaaaaaaaaaaaaaaaaaaaaaaaaaaaaazzz_240124.az	3KB
2024-01-24    /usr/lib/python3.10/xml/aaaazzz_240124/aaaaaaaaaaaaaaaaaaaaaaaaaaaaaaaaaaaaaaazzz_240124.az	3KB
2024-01-24    /usr/lib/python3.10/xml/aaaazzz_240124/aaaaaaaaaaaaaaaaaaaaaaaaaaaaaaaaaaaaaaaazzz_240124.az	3KB
2024-01-24    /usr/lib/python3.10/xml/aaaazzz_240124/aaaaaaaaaaaaaaaaaaaaaaaaaaaaaaaaaaaaaaaaazzz_240124.az	3KB
2024-01-24    /usr/lib/python3.10/xml/aaaazzz_240124/aaaaaaaaaaaaaaaaaaaaaaaaaaaaaaaaaaaaaaaaaazzz_240124.az	3KB
2024-01-24    /usr/lib/python3.10/xml/aaaazzz_240124/aaaaaaaaaaaaaaaaaaaaaaaaaaaaaaaaaaaaaaaaaaazzz_240124.az	3KB
2024-01-24    /usr/lib/python3.10/xml/aaaazzz_240124/aaaaaaaaaaaaaaaaaaaaaaaaaaaaaaaaaaaaaaaaaaaazzz_240124.az	3KB
2024-01-24    /usr/lib/python3.10/xml/aaaazzz_240124/aaaaaaaaaaaaaaaaaaaaaaaaaaaaaaaaaaaaaaaaaaaaazzz_240124.az	3KB
2024-01-24    /usr/lib/python3.10/xml/aaaazzz_240124/aaaaaaaaaaaaaaaaaaaaaaaaaaaaaaaaaaaaaaaaaaaaaazzz_240124.az	3KB
2024-01-24    /usr/lib/python3.10/xml/aaaazzz_240124/aaaaaaaaaaaaaaaaaaaaaaaaaaaaaaaaaaaaaaaaaaaaaaazzz_240124.az	3KB
2024-01-24    /usr/lib/python3.10/xml/aaaazzz_240124/aaaaaaaaaaaaaaaaaaaaaaaaaaaaaaaaaaaaaaaaaaaaaaaazzz_240124.az	3KB
2024-01-24    /usr/lib/python3.10/xml/aaaazzz_240124/aaaaaaaaaaaaaaaaaaaaaaaaaaaaaaaaaaaaaaaaaaaaaaaaazzz_240124.az	3KB
2024-01-24    /usr/lib/python3.10/xml/aaaazzz_240124/aaaaaaaaaaaaaaaaaaaaaaaaaaaaaaaaaaaaaaaaaaaaaaaaaazzz_240124.az	3KB
2024-01-24    /usr/lib/python3.10/xml/aaaazzz_240124/aaaaaaaaaaaaaaaaaaaaaaaaaaaaaaaaaaaaaaaaaaaaaaaaaaazzz_240124.az	3KB
2024-01-24    /usr/lib/python3.10/xml/aaaazzz_240124/aaaaaaaaaaaaaaaaaaaaaaaaaaaaaaaaaaaaaaaaaaaaaaaaaaaazzz_240124.az	3KB
2024-01-24    /usr/lib/python3.10/xml/aaaazzz_240124/aaaaaaaaaaaaaaaaaaaaaaaaaaaaaaaaaaaaaaaaaaaaaaaaaaaaazzz_240124.az	3KB
2024-01-24    /usr/lib/python3.10/xml/aaaazzz_240124/aaaaaaaaaaaaaaaaaaaaaaaaaaaaaaaaaaaaaaaaaaaaaaaaaaaaaazzz_240124.az	3KB
2024-01-24    /usr/lib/python3.10/xml/aaaazzz_240124/aaaaaaaaaaaaaaaaaaaaaaaaaaaaaaaaaaaaaaaaaaaaaaaaaaaaaaazzz_240124.az	3KB
2024-01-24    /usr/lib/python3.10/xml/aaaazzz_240124/aaaaaaaaaaaaaaaaaaaaaaaaaaaaaaaaaaaaaaaaaaaaaaaaaaaaaaaazzz_240124.az	3KB
2024-01-24    /usr/lib/python3.10/xml/aaaazzz_240124/aaaaaaaaaaaaaaaaaaaaaaaaaaaaaaaaaaaaaaaaaaaaaaaaaaaaaaaaazzz_240124.az	3KB
2024-01-24    /usr/lib/python3.10/xml/aaaazzz_240124/aaaaaaaaaaaaaaaaaaaaaaaaaaaaaaaaaaaaaaaaaaaaaaaaaaaaaaaaaazzz_240124.az	3KB
2024-01-24    /usr/lib/python3.10/xml/aaaazzz_240124/aaaaaaaaaaaaaaaaaaaaaaaaaaaaaaaaaaaaaaaaaaaaaaaaaaaaaaaaaaazzz_240124.az	3KB
2024-01-24    /usr/lib/python3.10/xml/aaaazzz_240124/aaaaaaaaaaaaaaaaaaaaaaaaaaaaaaaaaaaaaaaaaaaaaaaaaaaaaaaaaaaazzz_240124.az	3KB
2024-01-24    /usr/lib/python3.10/xml/aaaazzz_240124/aaaaaaaaaaaaaaaaaaaaaaaaaaaaaaaaaaaaaaaaaaaaaaaaaaaaaaaaaaaaazzz_240124.az	3KB
2024-01-24    /usr/lib/python3.10/xml/aaaazzz_240124/aaaaaaaaaaaaaaaaaaaaaaaaaaaaaaaaaaaaaaaaaaaaaaaaaaaaaaaaaaaaaazzz_240124.az	3KB
2024-01-24    /usr/lib/python3.10/xml/aaaazzz_240124/aaaaaaaaaaaaaaaaaaaaaaaaaaaaaaaaaaaaaaaaaaaaaaaaaaaaaaaaaaaaaaazzz_240124.az	3KB
2024-01-24    /usr/lib/python3.10/xml/aaaazzz_240124/aaaaaaaaaaaaaaaaaaaaaaaaaaaaaaaaaaaaaaaaaaaaaaaaaaaaaaaaaaaaaaaazzz_240124.az	3KB
2024-01-24    /usr/lib/python3.10/xml/aaaazzz_240124/aaaaaaaaaaaaaaaaaaaaaaaaaaaaaaaaaaaaaaaaaaaaaaaaaaaaaaaaaaaaaaaaazzz_240124.az	3KB
2024-01-24    /usr/lib/python3.10/xml/aaaazzz_240124/aaaaaaaaaaaaaaaaaaaaaaaaaaaaaaaaaaaaaaaaaaaaaaaaaaaaaaaaaaaaaaaaaazzz_240124.az	3KB
2024-01-24    /usr/lib/python3.10/xml/aaaazzz_240124/aaaaaaaaaaaaaaaaaaaaaaaaaaaaaaaaaaaaaaaaaaaaaaaaaaaaaaaaaaaaaaaaaaazzz_240124.az	3KB
2024-01-24    /usr/lib/python3.10/xml/aaaazzz_240124/aaaaaaaaaaaaaaaaaaaaaaaaaaaaaaaaaaaaaaaaaaaaaaaaaaaaaaaaaaaaaaaaaaaazzz_240124.az	3KB
2024-01-24    /usr/lib/python3.10/xml/aaaazzz_240124/aaaaaaaaaaaaaaaaaaaaaaaaaaaaaaaaaaaaaaaaaaaaaaaaaaaaaaaaaaaaaaaaaaaaazzz_240124.az	3KB
2024-01-24    /usr/lib/python3.10/xml/aaaazzz_240124/aaaaaaaaaaaaaaaaaaaaaaaaaaaaaaaaaaaaaaaaaaaaaaaaaaaaaaaaaaaaaaaaaaaaaazzz_240124.az	3KB
2024-01-24    /usr/lib/python3.10/xml/aaaazzz_240124/aaaaaaaaaaaaaaaaaaaaaaaaaaaaaaaaaaaaaaaaaaaaaaaaaaaaaaaaaaaaaaaaaaaaaaazzz_240124.az	3KB
2024-01-24    /usr/lib/python3.10/xml/aaaazzz_240124/aaaaaaaaaaaaaaaaaaaaaaaaaaaaaaaaaaaaaaaaaaaaaaaaaaaaaaaaaaaaaaaaaaaaaaaazzz_240124.az	3KB
2024-01-24    /usr/lib/python3.10/xml/aaaazzz_240124/aaaaaaaaaaaaaaaaaaaaaaaaaaaaaaaaaaaaaaaaaaaaaaaaaaaaaaaaaaaaaaaaaaaaaaaaazzz_240124.az	3KB
2024-01-24    /usr/lib/python3.10/xml/aaaazzz_240124/aaaaaaaaaaaaaaaaaaaaaaaaaaaaaaaaaaaaaaaaaaaaaaaaaaaaaaaaaaaaaaaaaaaaaaaaaazzz_240124.az	3KB
2024-01-24    /usr/lib/python3.10/xml/aaaazzz_240124/aaaaaaaaaaaaaaaaaaaaaaaaaaaaaaaaaaaaaaaaaaaaaaaaaaaaaaaaaaaaaaaaaaaaaaaaaaazzz_240124.az	3KB
2024-01-24    /usr/lib/python3.10/xml/aaaazzz_240124/aaaaaaaaaaaaaaaaaaaaaaaaaaaaaaaaaaaaaaaaaaaaaaaaaaaaaaaaaaaaaaaaaaaaaaaaaaaazzz_240124.az	3KB
2024-01-24    /usr/lib/python3.10/xml/aaaazzz_240124/aaaaaaaaaaaaaaaaaaaaaaaaaaaaaaaaaaaaaaaaaaaaaaaaaaaaaaaaaaaaaaaaaaaaaaaaaaaaazzz_240124.az	3KB
2024-01-24    /usr/lib/python3.10/xml/aaaazzz_240124/aaaaaaaaaaaaaaaaaaaaaaaaaaaaaaaaaaaaaaaaaaaaaaaaaaaaaaaaaaaaaaaaaaaaaaaaaaaaaazzz_240124.az	3KB
2024-01-24    /usr/lib/python3.10/xml/aaaazzz_240124/aaaaaaaaaaaaaaaaaaaaaaaaaaaaaaaaaaaaaaaaaaaaaaaaaaaaaaaaaaaaaaaaaaaaaaaaaaaaaaazzz_240124.az	3KB
2024-01-24    /usr/lib/python3.10/xml/aaaazzz_240124/aaaaaaaaaaaaaaaaaaaaaaaaaaaaaaaaaaaaaaaaaaaaaaaaaaaaaaaaaaaaaaaaaaaaaaaaaaaaaaaazzz_240124.az	3KB
2024-01-24    /usr/lib/python3.10/xml/aaaazzz_240124/aaaaaaaaaaaaaaaaaaaaaaaaaaaaaaaaaaaaaaaaaaaaaaaaaaaaaaaaaaaaaaaaaaaaaaaaaaaaaaaaazzz_240124.az	3KB
2024-01-24 /usr/lib/python3.10/xml/aaaaazzz_240124
2024-01-24    /usr/lib/python3.10/xml/aaaaazzz_240124/aazzz_240124.az	3KB
2024-01-24    /usr/lib/python3.10/xml/aaaaazzz_240124/aaazzz_240124.az	3KB
2024-01-24    /usr/lib/python3.10/xml/aaaaazzz_240124/aaaazzz_240124.az	3KB
2024-01-24    /usr/lib/python3.10/xml/aaaaazzz_240124/aaaaazzz_240124.az	3KB
2024-01-24    /usr/lib/python3.10/xml/aaaaazzz_240124/aaaaaazzz_240124.az	3KB
2024-01-24    /usr/lib/python3.10/xml/aaaaazzz_240124/aaaaaaazzz_240124.az	3KB
2024-01-24    /usr/lib/python3.10/xml/aaaaazzz_240124/aaaaaaaazzz_240124.az	3KB
2024-01-24    /usr/lib/python3.10/xml/aaaaazzz_240124/aaaaaaaaazzz_240124.az	3KB
2024-01-24    /usr/lib/python3.10/xml/aaaaazzz_240124/aaaaaaaaaazzz_240124.az	3KB
2024-01-24    /usr/lib/python3.10/xml/aaaaazzz_240124/aaaaaaaaaaazzz_240124.az	3KB
2024-01-24    /usr/lib/python3.10/xml/aaaaazzz_240124/aaaaaaaaaaaazzz_240124.az	3KB
2024-01-24    /usr/lib/python3.10/xml/aaaaazzz_240124/aaaaaaaaaaaaazzz_240124.az	3KB
2024-01-24    /usr/lib/python3.10/xml/aaaaazzz_240124/aaaaaaaaaaaaaazzz_240124.az	3KB
2024-01-24    /usr/lib/python3.10/xml/aaaaazzz_240124/aaaaaaaaaaaaaaazzz_240124.az	3KB
2024-01-24    /usr/lib/python3.10/xml/aaaaazzz_240124/aaaaaaaaaaaaaaaazzz_240124.az	3KB
2024-01-24    /usr/lib/python3.10/xml/aaaaazzz_240124/aaaaaaaaaaaaaaaaazzz_240124.az	3KB
2024-01-24    /usr/lib/python3.10/xml/aaaaazzz_240124/aaaaaaaaaaaaaaaaaazzz_240124.az	3KB
2024-01-24    /usr/lib/python3.10/xml/aaaaazzz_240124/aaaaaaaaaaaaaaaaaaazzz_240124.az	3KB
2024-01-24    /usr/lib/python3.10/xml/aaaaazzz_240124/aaaaaaaaaaaaaaaaaaaazzz_240124.az	3KB
2024-01-24    /usr/lib/python3.10/xml/aaaaazzz_240124/aaaaaaaaaaaaaaaaaaaaazzz_240124.az	3KB
2024-01-24    /usr/lib/python3.10/xml/aaaaazzz_240124/aaaaaaaaaaaaaaaaaaaaaazzz_240124.az	3KB
2024-01-24    /usr/lib/python3.10/xml/aaaaazzz_240124/aaaaaaaaaaaaaaaaaaaaaaazzz_240124.az	3KB
2024-01-24    /usr/lib/python3.10/xml/aaaaazzz_240124/aaaaaaaaaaaaaaaaaaaaaaaazzz_240124.az	3KB
2024-01-24    /usr/lib/python3.10/xml/aaaaazzz_240124/aaaaaaaaaaaaaaaaaaaaaaaaazzz_240124.az	3KB
2024-01-24    /usr/lib/python3.10/xml/aaaaazzz_240124/aaaaaaaaaaaaaaaaaaaaaaaaaazzz_240124.az	3KB
2024-01-24    /usr/lib/python3.10/xml/aaaaazzz_240124/aaaaaaaaaaaaaaaaaaaaaaaaaaazzz_240124.az	3KB
2024-01-24    /usr/lib/python3.10/xml/aaaaazzz_240124/aaaaaaaaaaaaaaaaaaaaaaaaaaaazzz_240124.az	3KB
2024-01-24    /usr/lib/python3.10/xml/aaaaazzz_240124/aaaaaaaaaaaaaaaaaaaaaaaaaaaaazzz_240124.az	3KB
2024-01-24    /usr/lib/python3.10/xml/aaaaazzz_240124/aaaaaaaaaaaaaaaaaaaaaaaaaaaaaazzz_240124.az	3KB
2024-01-24    /usr/lib/python3.10/xml/aaaaazzz_240124/aaaaaaaaaaaaaaaaaaaaaaaaaaaaaaazzz_240124.az	3KB
2024-01-24    /usr/lib/python3.10/xml/aaaaazzz_240124/aaaaaaaaaaaaaaaaaaaaaaaaaaaaaaaazzz_240124.az	3KB
2024-01-24    /usr/lib/python3.10/xml/aaaaazzz_240124/aazzz_240124.az	3KB
2024-01-24    /usr/lib/python3.10/xml/aaaaazzz_240124/aazzzz_240124.az	3KB
2024-01-24    /usr/lib/python3.10/xml/aaaaazzz_240124/aazzzzz_240124.az	3KB
2024-01-24    /usr/lib/python3.10/xml/aaaaazzz_240124/aazzzzzz_240124.az	3KB
2024-01-24    /usr/lib/python3.10/xml/aaaaazzz_240124/aazzzzzzz_240124.az	3KB
2024-01-24    /usr/lib/python3.10/xml/aaaaazzz_240124/aazzzzzzzz_240124.az	3KB
2024-01-24    /usr/lib/python3.10/xml/aaaaazzz_240124/aazzzzzzzzz_240124.az	3KB
2024-01-24    /usr/lib/python3.10/xml/aaaaazzz_240124/aazzzzzzzzzz_240124.az	3KB
2024-01-24    /usr/lib/python3.10/xml/aaaaazzz_240124/aazzzzzzzzzzz_240124.az	3KB
2024-01-24    /usr/lib/python3.10/xml/aaaaazzz_240124/aazzzzzzzzzzzz_240124.az	3KB
2024-01-24    /usr/lib/python3.10/xml/aaaaazzz_240124/aazzzzzzzzzzzzz_240124.az	3KB
2024-01-24    /usr/lib/python3.10/xml/aaaaazzz_240124/aazzzzzzzzzzzzzz_240124.az	3KB
2024-01-24    /usr/lib/python3.10/xml/aaaaazzz_240124/aazzzzzzzzzzzzzzz_240124.az	3KB
2024-01-24    /usr/lib/python3.10/xml/aaaaazzz_240124/aazzzzzzzzzzzzzzzz_240124.az	3KB
2024-01-24    /usr/lib/python3.10/xml/aaaaazzz_240124/aazzzzzzzzzzzzzzzzz_240124.az	3KB
2024-01-24    /usr/lib/python3.10/xml/aaaaazzz_240124/aazzzzzzzzzzzzzzzzzz_240124.az	3KB
2024-01-24    /usr/lib/python3.10/xml/aaaaazzz_240124/aazzzzzzzzzzzzzzzzzzz_240124.az	3KB
2024-01-24    /usr/lib/python3.10/xml/aaaaazzz_240124/aazzzzzzzzzzzzzzzzzzzz_240124.az	3KB
2024-01-24    /usr/lib/python3.10/xml/aaaaazzz_240124/aazzzzzzzzzzzzzzzzzzzzz_240124.az	3KB
2024-01-24    /usr/lib/python3.10/xml/aaaaazzz_240124/aazzzzzzzzzzzzzzzzzzzzzz_240124.az	3KB
2024-01-24    /usr/lib/python3.10/xml/aaaaazzz_240124/aazzzzzzzzzzzzzzzzzzzzzzz_240124.az	3KB
2024-01-24    /usr/lib/python3.10/xml/aaaaazzz_240124/aazzzzzzzzzzzzzzzzzzzzzzzz_240124.az	3KB
2024-01-24    /usr/lib/python3.10/xml/aaaaazzz_240124/aazzzzzzzzzzzzzzzzzzzzzzzzz_240124.az	3KB
2024-01-24    /usr/lib/python3.10/xml/aaaaazzz_240124/aazzzzzzzzzzzzzzzzzzzzzzzzzz_240124.az	3KB
2024-01-24    /usr/lib/python3.10/xml/aaaaazzz_240124/aazzzzzzzzzzzzzzzzzzzzzzzzzzz_240124.az	3KB
2024-01-24    /usr/lib/python3.10/xml/aaaaazzz_240124/aazzzzzzzzzzzzzzzzzzzzzzzzzzzz_240124.az	3KB
2024-01-24    /usr/lib/python3.10/xml/aaaaazzz_240124/aazzzzzzzzzzzzzzzzzzzzzzzzzzzzz_240124.az	3KB
2024-01-24    /usr/lib/python3.10/xml/aaaaazzz_240124/aazzzzzzzzzzzzzzzzzzzzzzzzzzzzzz_240124.az	3KB
2024-01-24    /usr/lib/python3.10/xml/aaaaazzz_240124/aazzzzzzzzzzzzzzzzzzzzzzzzzzzzzzz_240124.az	3KB
2024-01-24    /usr/lib/python3.10/xml/aaaaazzz_240124/aazzzzzzzzzzzzzzzzzzzzzzzzzzzzzzzz_240124.az	3KB
2024-01-24    /usr/lib/python3.10/xml/aaaaazzz_240124/aazzzzzzzzzzzzzzzzzzzzzzzzzzzzzzzzz_240124.az	3KB
2024-01-24    /usr/lib/python3.10/xml/aaaaazzz_240124/aazzzzzzzzzzzzzzzzzzzzzzzzzzzzzzzzzz_240124.az	3KB
2024-01-24    /usr/lib/python3.10/xml/aaaaazzz_240124/aazzzzzzzzzzzzzzzzzzzzzzzzzzzzzzzzzzz_240124.az	3KB
2024-01-24    /usr/lib/python3.10/xml/aaaaazzz_240124/aazzzzzzzzzzzzzzzzzzzzzzzzzzzzzzzzzzzz_240124.az	3KB
2024-01-24    /usr/lib/python3.10/xml/aaaaazzz_240124/aazzzzzzzzzzzzzzzzzzzzzzzzzzzzzzzzzzzzz_240124.az	3KB
2024-01-24    /usr/lib/python3.10/xml/aaaaazzz_240124/aazzzzzzzzzzzzzzzzzzzzzzzzzzzzzzzzzzzzzz_240124.az	3KB
2024-01-24    /usr/lib/python3.10/xml/aaaaazzz_240124/aazzzzzzzzzzzzzzzzzzzzzzzzzzzzzzzzzzzzzzz_240124.az	3KB
2024-01-24    /usr/lib/python3.10/xml/aaaaazzz_240124/aazzzzzzzzzzzzzzzzzzzzzzzzzzzzzzzzzzzzzzzz_240124.az	3KB
2024-01-24    /usr/lib/python3.10/xml/aaaaazzz_240124/aazzzzzzzzzzzzzzzzzzzzzzzzzzzzzzzzzzzzzzzzz_240124.az	3KB
2024-01-24    /usr/lib/python3.10/xml/aaaaazzz_240124/aazzzzzzzzzzzzzzzzzzzzzzzzzzzzzzzzzzzzzzzzzz_240124.az	3KB
2024-01-24    /usr/lib/python3.10/xml/aaaaazzz_240124/aazzzzzzzzzzzzzzzzzzzzzzzzzzzzzzzzzzzzzzzzzzz_240124.az	3KB
2024-01-24    /usr/lib/python3.10/xml/aaaaazzz_240124/aazzzzzzzzzzzzzzzzzzzzzzzzzzzzzzzzzzzzzzzzzzzz_240124.az	3KB
2024-01-24    /usr/lib/python3.10/xml/aaaaazzz_240124/aazzzzzzzzzzzzzzzzzzzzzzzzzzzzzzzzzzzzzzzzzzzzz_240124.az	3KB
2024-01-24    /usr/lib/python3.10/xml/aaaaazzz_240124/aazzzzzzzzzzzzzzzzzzzzzzzzzzzzzzzzzzzzzzzzzzzzzz_240124.az	3KB
2024-01-24    /usr/lib/python3.10/xml/aaaaazzz_240124/aazzzzzzzzzzzzzzzzzzzzzzzzzzzzzzzzzzzzzzzzzzzzzzz_240124.az	3KB
2024-01-24    /usr/lib/python3.10/xml/aaaaazzz_240124/aazzzzzzzzzzzzzzzzzzzzzzzzzzzzzzzzzzzzzzzzzzzzzzzz_240124.az	3KB
2024-01-24    /usr/lib/python3.10/xml/aaaaazzz_240124/aazzzzzzzzzzzzzzzzzzzzzzzzzzzzzzzzzzzzzzzzzzzzzzzzz_240124.az	3KB
2024-01-24    /usr/lib/python3.10/xml/aaaaazzz_240124/aazzzzzzzzzzzzzzzzzzzzzzzzzzzzzzzzzzzzzzzzzzzzzzzzzz_240124.az	3KB
2024-01-24    /usr/lib/python3.10/xml/aaaaazzz_240124/aazzzzzzzzzzzzzzzzzzzzzzzzzzzzzzzzzzzzzzzzzzzzzzzzzzz_240124.az	3KB
2024-01-24    /usr/lib/python3.10/xml/aaaaazzz_240124/aazzzzzzzzzzzzzzzzzzzzzzzzzzzzzzzzzzzzzzzzzzzzzzzzzzzz_240124.az	3KB
2024-01-24    /usr/lib/python3.10/xml/aaaaazzz_240124/aazzzzzzzzzzzzzzzzzzzzzzzzzzzzzzzzzzzzzzzzzzzzzzzzzzzzz_240124.az	3KB
2024-01-24    /usr/lib/python3.10/xml/aaaaazzz_240124/aazzzzzzzzzzzzzzzzzzzzzzzzzzzzzzzzzzzzzzzzzzzzzzzzzzzzzz_240124.az	3KB
2024-01-24    /usr/lib/python3.10/xml/aaaaazzz_240124/aazzzzzzzzzzzzzzzzzzzzzzzzzzzzzzzzzzzzzzzzzzzzzzzzzzzzzzz_240124.az	3KB
2024-01-24    /usr/lib/python3.10/xml/aaaaazzz_240124/aazzzzzzzzzzzzzzzzzzzzzzzzzzzzzzzzzzzzzzzzzzzzzzzzzzzzzzzz_240124.az	3KB
2024-01-24    /usr/lib/python3.10/xml/aaaaazzz_240124/aazzzzzzzzzzzzzzzzzzzzzzzzzzzzzzzzzzzzzzzzzzzzzzzzzzzzzzzzz_240124.az	3KB
2024-01-24    /usr/lib/python3.10/xml/aaaaazzz_240124/aazzzzzzzzzzzzzzzzzzzzzzzzzzzzzzzzzzzzzzzzzzzzzzzzzzzzzzzzzz_240124.az	3KB
2024-01-24    /usr/lib/python3.10/xml/aaaaazzz_240124/aazzzzzzzzzzzzzzzzzzzzzzzzzzzzzzzzzzzzzzzzzzzzzzzzzzzzzzzzzzz_240124.az	3KB
2024-01-24    /usr/lib/python3.10/xml/aaaaazzz_240124/aazzzzzzzzzzzzzzzzzzzzzzzzzzzzzzzzzzzzzzzzzzzzzzzzzzzzzzzzzzzz_240124.az	3KB
2024-01-24    /usr/lib/python3.10/xml/aaaaazzz_240124/aazzzzzzzzzzzzzzzzzzzzzzzzzzzzzzzzzzzzzzzzzzzzzzzzzzzzzzzzzzzzz_240124.az	3KB
2024-01-24 /usr/lib/python3.10/xml/aaaaaazzz_240124
2024-01-24    /usr/lib/python3.10/xml/aaaaaazzz_240124/aazzz_240124.az	3KB
2024-01-24    /usr/lib/python3.10/xml/aaaaaazzz_240124/aaazzz_240124.az	3KB
2024-01-24    /usr/lib/python3.10/xml/aaaaaazzz_240124/aaaazzz_240124.az	3KB
2024-01-24    /usr/lib/python3.10/xml/aaaaaazzz_240124/aaaaazzz_240124.az	3KB
2024-01-24    /usr/lib/python3.10/xml/aaaaaazzz_240124/aaaaaazzz_240124.az	3KB
2024-01-24    /usr/lib/python3.10/xml/aaaaaazzz_240124/aaaaaaazzz_240124.az	3KB
2024-01-24    /usr/lib/python3.10/xml/aaaaaazzz_240124/aaaaaaaazzz_240124.az	3KB
2024-01-24    /usr/lib/python3.10/xml/aaaaaazzz_240124/aaaaaaaaazzz_240124.az	3KB
2024-01-24    /usr/lib/python3.10/xml/aaaaaazzz_240124/aaaaaaaaaazzz_240124.az	3KB
2024-01-24    /usr/lib/python3.10/xml/aaaaaazzz_240124/aaaaaaaaaaazzz_240124.az	3KB
2024-01-24    /usr/lib/python3.10/xml/aaaaaazzz_240124/aaaaaaaaaaaazzz_240124.az	3KB
2024-01-24    /usr/lib/python3.10/xml/aaaaaazzz_240124/aaaaaaaaaaaaazzz_240124.az	3KB
2024-01-24    /usr/lib/python3.10/xml/aaaaaazzz_240124/aaaaaaaaaaaaaazzz_240124.az	3KB
2024-01-24    /usr/lib/python3.10/xml/aaaaaazzz_240124/aaaaaaaaaaaaaaazzz_240124.az	3KB
2024-01-24    /usr/lib/python3.10/xml/aaaaaazzz_240124/aaaaaaaaaaaaaaaazzz_240124.az	3KB
2024-01-24    /usr/lib/python3.10/xml/aaaaaazzz_240124/aaaaaaaaaaaaaaaaazzz_240124.az	3KB
2024-01-24    /usr/lib/python3.10/xml/aaaaaazzz_240124/aaaaaaaaaaaaaaaaaazzz_240124.az	3KB
2024-01-24    /usr/lib/python3.10/xml/aaaaaazzz_240124/aaaaaaaaaaaaaaaaaaazzz_240124.az	3KB
2024-01-24    /usr/lib/python3.10/xml/aaaaaazzz_240124/aaaaaaaaaaaaaaaaaaaazzz_240124.az	3KB
2024-01-24    /usr/lib/python3.10/xml/aaaaaazzz_240124/aaaaaaaaaaaaaaaaaaaaazzz_240124.az	3KB
2024-01-24    /usr/lib/python3.10/xml/aaaaaazzz_240124/aaaaaaaaaaaaaaaaaaaaaazzz_240124.az	3KB
2024-01-24    /usr/lib/python3.10/xml/aaaaaazzz_240124/aaaaaaaaaaaaaaaaaaaaaaazzz_240124.az	3KB
2024-01-24    /usr/lib/python3.10/xml/aaaaaazzz_240124/aaaaaaaaaaaaaaaaaaaaaaaazzz_240124.az	3KB
2024-01-24    /usr/lib/python3.10/xml/aaaaaazzz_240124/aaaaaaaaaaaaaaaaaaaaaaaaazzz_240124.az	3KB
2024-01-24    /usr/lib/python3.10/xml/aaaaaazzz_240124/aaaaaaaaaaaaaaaaaaaaaaaaaazzz_240124.az	3KB
2024-01-24    /usr/lib/python3.10/xml/aaaaaazzz_240124/aaaaaaaaaaaaaaaaaaaaaaaaaaazzz_240124.az	3KB
2024-01-24    /usr/lib/python3.10/xml/aaaaaazzz_240124/aaaaaaaaaaaaaaaaaaaaaaaaaaaazzz_240124.az	3KB
2024-01-24    /usr/lib/python3.10/xml/aaaaaazzz_240124/aaaaaaaaaaaaaaaaaaaaaaaaaaaaazzz_240124.az	3KB
2024-01-24    /usr/lib/python3.10/xml/aaaaaazzz_240124/aaaaaaaaaaaaaaaaaaaaaaaaaaaaaazzz_240124.az	3KB
2024-01-24    /usr/lib/python3.10/xml/aaaaaazzz_240124/aaaaaaaaaaaaaaaaaaaaaaaaaaaaaaazzz_240124.az	3KB
2024-01-24    /usr/lib/python3.10/xml/aaaaaazzz_240124/aaaaaaaaaaaaaaaaaaaaaaaaaaaaaaaazzz_240124.az	3KB
2024-01-24    /usr/lib/python3.10/xml/aaaaaazzz_240124/aaaaaaaaaaaaaaaaaaaaaaaaaaaaaaaaazzz_240124.az	3KB
2024-01-24    /usr/lib/python3.10/xml/aaaaaazzz_240124/aaaaaaaaaaaaaaaaaaaaaaaaaaaaaaaaaazzz_240124.az	3KB
2024-01-24    /usr/lib/python3.10/xml/aaaaaazzz_240124/aaaaaaaaaaaaaaaaaaaaaaaaaaaaaaaaaaazzz_240124.az	3KB
2024-01-24    /usr/lib/python3.10/xml/aaaaaazzz_240124/aaaaaaaaaaaaaaaaaaaaaaaaaaaaaaaaaaaazzz_240124.az	3KB
2024-01-24    /usr/lib/python3.10/xml/aaaaaazzz_240124/aaaaaaaaaaaaaaaaaaaaaaaaaaaaaaaaaaaaazzz_240124.az	3KB
2024-01-24    /usr/lib/python3.10/xml/aaaaaazzz_240124/aaaaaaaaaaaaaaaaaaaaaaaaaaaaaaaaaaaaaazzz_240124.az	3KB
2024-01-24    /usr/lib/python3.10/xml/aaaaaazzz_240124/aaaaaaaaaaaaaaaaaaaaaaaaaaaaaaaaaaaaaaazzz_240124.az	3KB
2024-01-24    /usr/lib/python3.10/xml/aaaaaazzz_240124/aaaaaaaaaaaaaaaaaaaaaaaaaaaaaaaaaaaaaaaazzz_240124.az	3KB
2024-01-24    /usr/lib/python3.10/xml/aaaaaazzz_240124/aaaaaaaaaaaaaaaaaaaaaaaaaaaaaaaaaaaaaaaaazzz_240124.az	3KB
2024-01-24    /usr/lib/python3.10/xml/aaaaaazzz_240124/aaaaaaaaaaaaaaaaaaaaaaaaaaaaaaaaaaaaaaaaaazzz_240124.az	3KB
2024-01-24    /usr/lib/python3.10/xml/aaaaaazzz_240124/aaaaaaaaaaaaaaaaaaaaaaaaaaaaaaaaaaaaaaaaaaazzz_240124.az	3KB
2024-01-24    /usr/lib/python3.10/xml/aaaaaazzz_240124/aaaaaaaaaaaaaaaaaaaaaaaaaaaaaaaaaaaaaaaaaaaazzz_240124.az	3KB
2024-01-24    /usr/lib/python3.10/xml/aaaaaazzz_240124/aaaaaaaaaaaaaaaaaaaaaaaaaaaaaaaaaaaaaaaaaaaaazzz_240124.az	3KB
2024-01-24    /usr/lib/python3.10/xml/aaaaaazzz_240124/aaaaaaaaaaaaaaaaaaaaaaaaaaaaaaaaaaaaaaaaaaaaaazzz_240124.az	3KB
2024-01-24    /usr/lib/python3.10/xml/aaaaaazzz_240124/aaaaaaaaaaaaaaaaaaaaaaaaaaaaaaaaaaaaaaaaaaaaaaazzz_240124.az	3KB
2024-01-24    /usr/lib/python3.10/xml/aaaaaazzz_240124/aaaaaaaaaaaaaaaaaaaaaaaaaaaaaaaaaaaaaaaaaaaaaaaazzz_240124.az	3KB
2024-01-24    /usr/lib/python3.10/xml/aaaaaazzz_240124/aaaaaaaaaaaaaaaaaaaaaaaaaaaaaaaaaaaaaaaaaaaaaaaaazzz_240124.az	3KB
2024-01-24    /usr/lib/python3.10/xml/aaaaaazzz_240124/aaaaaaaaaaaaaaaaaaaaaaaaaaaaaaaaaaaaaaaaaaaaaaaaaazzz_240124.az	3KB
2024-01-24    /usr/lib/python3.10/xml/aaaaaazzz_240124/aaaaaaaaaaaaaaaaaaaaaaaaaaaaaaaaaaaaaaaaaaaaaaaaaaazzz_240124.az	3KB
2024-01-24    /usr/lib/python3.10/xml/aaaaaazzz_240124/aaaaaaaaaaaaaaaaaaaaaaaaaaaaaaaaaaaaaaaaaaaaaaaaaaaazzz_240124.az	3KB
2024-01-24    /usr/lib/python3.10/xml/aaaaaazzz_240124/aaaaaaaaaaaaaaaaaaaaaaaaaaaaaaaaaaaaaaaaaaaaaaaaaaaaazzz_240124.az	3KB
2024-01-24    /usr/lib/python3.10/xml/aaaaaazzz_240124/aaaaaaaaaaaaaaaaaaaaaaaaaaaaaaaaaaaaaaaaaaaaaaaaaaaaaazzz_240124.az	3KB
2024-01-24    /usr/lib/python3.10/xml/aaaaaazzz_240124/aaaaaaaaaaaaaaaaaaaaaaaaaaaaaaaaaaaaaaaaaaaaaaaaaaaaaaazzz_240124.az	3KB
2024-01-24    /usr/lib/python3.10/xml/aaaaaazzz_240124/aaaaaaaaaaaaaaaaaaaaaaaaaaaaaaaaaaaaaaaaaaaaaaaaaaaaaaaazzz_240124.az	3KB
2024-01-24    /usr/lib/python3.10/xml/aaaaaazzz_240124/aaaaaaaaaaaaaaaaaaaaaaaaaaaaaaaaaaaaaaaaaaaaaaaaaaaaaaaaazzz_240124.az	3KB
2024-01-24    /usr/lib/python3.10/xml/aaaaaazzz_240124/aaaaaaaaaaaaaaaaaaaaaaaaaaaaaaaaaaaaaaaaaaaaaaaaaaaaaaaaaazzz_240124.az	3KB
2024-01-24    /usr/lib/python3.10/xml/aaaaaazzz_240124/aaaaaaaaaaaaaaaaaaaaaaaaaaaaaaaaaaaaaaaaaaaaaaaaaaaaaaaaaaazzz_240124.az	3KB
2024-01-24    /usr/lib/python3.10/xml/aaaaaazzz_240124/aaaaaaaaaaaaaaaaaaaaaaaaaaaaaaaaaaaaaaaaaaaaaaaaaaaaaaaaaaaazzz_240124.az	3KB
2024-01-24    /usr/lib/python3.10/xml/aaaaaazzz_240124/aaaaaaaaaaaaaaaaaaaaaaaaaaaaaaaaaaaaaaaaaaaaaaaaaaaaaaaaaaaaazzz_240124.az	3KB
2024-01-24    /usr/lib/python3.10/xml/aaaaaazzz_240124/aaaaaaaaaaaaaaaaaaaaaaaaaaaaaaaaaaaaaaaaaaaaaaaaaaaaaaaaaaaaaazzz_240124.az	3KB
2024-01-24    /usr/lib/python3.10/xml/aaaaaazzz_240124/aaaaaaaaaaaaaaaaaaaaaaaaaaaaaaaaaaaaaaaaaaaaaaaaaaaaaaaaaaaaaaazzz_240124.az	3KB
2024-01-24    /usr/lib/python3.10/xml/aaaaaazzz_240124/aaaaaaaaaaaaaaaaaaaaaaaaaaaaaaaaaaaaaaaaaaaaaaaaaaaaaaaaaaaaaaaazzz_240124.az	3KB
2024-01-24    /usr/lib/python3.10/xml/aaaaaazzz_240124/aaaaaaaaaaaaaaaaaaaaaaaaaaaaaaaaaaaaaaaaaaaaaaaaaaaaaaaaaaaaaaaaazzz_240124.az	3KB
2024-01-24    /usr/lib/python3.10/xml/aaaaaazzz_240124/aaaaaaaaaaaaaaaaaaaaaaaaaaaaaaaaaaaaaaaaaaaaaaaaaaaaaaaaaaaaaaaaaazzz_240124.az	3KB
2024-01-24    /usr/lib/python3.10/xml/aaaaaazzz_240124/aaaaaaaaaaaaaaaaaaaaaaaaaaaaaaaaaaaaaaaaaaaaaaaaaaaaaaaaaaaaaaaaaaazzz_240124.az	3KB
2024-01-24    /usr/lib/python3.10/xml/aaaaaazzz_240124/aaaaaaaaaaaaaaaaaaaaaaaaaaaaaaaaaaaaaaaaaaaaaaaaaaaaaaaaaaaaaaaaaaaazzz_240124.az	3KB
2024-01-24    /usr/lib/python3.10/xml/aaaaaazzz_240124/aaaaaaaaaaaaaaaaaaaaaaaaaaaaaaaaaaaaaaaaaaaaaaaaaaaaaaaaaaaaaaaaaaaaazzz_240124.az	3KB
2024-01-24    /usr/lib/python3.10/xml/aaaaaazzz_240124/aaaaaaaaaaaaaaaaaaaaaaaaaaaaaaaaaaaaaaaaaaaaaaaaaaaaaaaaaaaaaaaaaaaaaazzz_240124.az	3KB
2024-01-24    /usr/lib/python3.10/xml/aaaaaazzz_240124/aaaaaaaaaaaaaaaaaaaaaaaaaaaaaaaaaaaaaaaaaaaaaaaaaaaaaaaaaaaaaaaaaaaaaaazzz_240124.az	3KB
2024-01-24    /usr/lib/python3.10/xml/aaaaaazzz_240124/aaaaaaaaaaaaaaaaaaaaaaaaaaaaaaaaaaaaaaaaaaaaaaaaaaaaaaaaaaaaaaaaaaaaaaaazzz_240124.az	3KB
2024-01-24    /usr/lib/python3.10/xml/aaaaaazzz_240124/aaaaaaaaaaaaaaaaaaaaaaaaaaaaaaaaaaaaaaaaaaaaaaaaaaaaaaaaaaaaaaaaaaaaaaaaazzz_240124.az	3KB
2024-01-24    /usr/lib/python3.10/xml/aaaaaazzz_240124/aaaaaaaaaaaaaaaaaaaaaaaaaaaaaaaaaaaaaaaaaaaaaaaaaaaaaaaaaaaaaaaaaaaaaaaaaazzz_240124.az	3KB
2024-01-24    /usr/lib/python3.10/xml/aaaaaazzz_240124/aaaaaaaaaaaaaaaaaaaaaaaaaaaaaaaaaaaaaaaaaaaaaaaaaaaaaaaaaaaaaaaaaaaaaaaaaaazzz_240124.az	3KB
2024-01-24    /usr/lib/python3.10/xml/aaaaaazzz_240124/aaaaaaaaaaaaaaaaaaaaaaaaaaaaaaaaaaaaaaaaaaaaaaaaaaaaaaaaaaaaaaaaaaaaaaaaaaaazzz_240124.az	3KB
2024-01-24    /usr/lib/python3.10/xml/aaaaaazzz_240124/aaaaaaaaaaaaaaaaaaaaaaaaaaaaaaaaaaaaaaaaaaaaaaaaaaaaaaaaaaaaaaaaaaaaaaaaaaaaazzz_240124.az	3KB
2024-01-24    /usr/lib/python3.10/xml/aaaaaazzz_240124/aaaaaaaaaaaaaaaaaaaaaaaaaaaaaaaaaaaaaaaaaaaaaaaaaaaaaaaaaaaaaaaaaaaaaaaaaaaaaazzz_240124.az	3KB
2024-01-24    /usr/lib/python3.10/xml/aaaaaazzz_240124/aaaaaaaaaaaaaaaaaaaaaaaaaaaaaaaaaaaaaaaaaaaaaaaaaaaaaaaaaaaaaaaaaaaaaaaaaaaaaaazzz_240124.az	3KB
2024-01-24    /usr/lib/python3.10/xml/aaaaaazzz_240124/aaaaaaaaaaaaaaaaaaaaaaaaaaaaaaaaaaaaaaaaaaaaaaaaaaaaaaaaaaaaaaaaaaaaaaaaaaaaaaaazzz_240124.az	3KB
2024-01-24    /usr/lib/python3.10/xml/aaaaaazzz_240124/aaaaaaaaaaaaaaaaaaaaaaaaaaaaaaaaaaaaaaaaaaaaaaaaaaaaaaaaaaaaaaaaaaaaaaaaaaaaaaaaazzz_240124.az	3KB
2024-01-24    /usr/lib/python3.10/xml/aaaaaazzz_240124/aaaaaaaaaaaaaaaaaaaaaaaaaaaaaaaaaaaaaaaaaaaaaaaaaaaaaaaaaaaaaaaaaaaaaaaaaaaaaaaaaazzz_240124.az	3KB
2024-01-24    /usr/lib/python3.10/xml/aaaaaazzz_240124/aaaaaaaaaaaaaaaaaaaaaaaaaaaaaaaaaaaaaaaaaaaaaaaaaaaaaaaaaaaaaaaaaaaaaaaaaaaaaaaaaaazzz_240124.az	3KB
2024-01-24    /usr/lib/python3.10/xml/aaaaaazzz_240124/aaaaaaaaaaaaaaaaaaaaaaaaaaaaaaaaaaaaaaaaaaaaaaaaaaaaaaaaaaaaaaaaaaaaaaaaaaaaaaaaaaaazzz_240124.az	3KB
2024-01-24    /usr/lib/python3.10/xml/aaaaaazzz_240124/aaaaaaaaaaaaaaaaaaaaaaaaaaaaaaaaaaaaaaaaaaaaaaaaaaaaaaaaaaaaaaaaaaaaaaaaaaaaaaaaaaaaazzz_240124.az	3KB
2024-01-24    /usr/lib/python3.10/xml/aaaaaazzz_240124/aaaaaaaaaaaaaaaaaaaaaaaaaaaaaaaaaaaaaaaaaaaaaaaaaaaaaaaaaaaaaaaaaaaaaaaaaaaaaaaaaaaaaazzz_240124.az	3KB
2024-01-24    /usr/lib/python3.10/xml/aaaaaazzz_240124/aaaaaaaaaaaaaaaaaaaaaaaaaaaaaaaaaaaaaaaaaaaaaaaaaaaaaaaaaaaaaaaaaaaaaaaaaaaaaaaaaaaaaaazzz_240124.az	3KB
2024-01-24    /usr/lib/python3.10/xml/aaaaaazzz_240124/aaaaaaaaaaaaaaaaaaaaaaaaaaaaaaaaaaaaaaaaaaaaaaaaaaaaaaaaaaaaaaaaaaaaaaaaaaaaaaaaaaaaaaaazzz_240124.az	3KB
2024-01-24    /usr/lib/python3.10/xml/aaaaaazzz_240124/aaaaaaaaaaaaaaaaaaaaaaaaaaaaaaaaaaaaaaaaaaaaaaaaaaaaaaaaaaaaaaaaaaaaaaaaaaaaaaaaaaaaaaaaazzz_240124.az	3KB
2024-01-24    /usr/lib/python3.10/xml/aaaaaazzz_240124/aaaaaaaaaaaaaaaaaaaaaaaaaaaaaaaaaaaaaaaaaaaaaaaaaaaaaaaaaaaaaaaaaaaaaaaaaaaaaaaaaaaaaaaaaazzz_240124.az	3KB
2024-01-24    /usr/lib/python3.10/xml/aaaaaazzz_240124/aaaaaaaaaaaaaaaaaaaaaaaaaaaaaaaaaaaaaaaaaaaaaaaaaaaaaaaaaaaaaaaaaaaaaaaaaaaaaaaaaaaaaaaaaaazzz_240124.az	3KB
2024-01-24    /usr/lib/python3.10/xml/aaaaaazzz_240124/aaaaaaaaaaaaaaaaaaaaaaaaaaaaaaaaaaaaaaaaaaaaaaaaaaaaaaaaaaaaaaaaaaaaaaaaaaaaaaaaaaaaaaaaaaaazzz_240124.az	3KB
2024-01-24    /usr/lib/python3.10/xml/aaaaaazzz_240124/aaaaaaaaaaaaaaaaaaaaaaaaaaaaaaaaaaaaaaaaaaaaaaaaaaaaaaaaaaaaaaaaaaaaaaaaaaaaaaaaaaaaaaaaaaaaazzz_240124.az	3KB
2024-01-24    /usr/lib/python3.10/xml/aaaaaazzz_240124/aaaaaaaaaaaaaaaaaaaaaaaaaaaaaaaaaaaaaaaaaaaaaaaaaaaaaaaaaaaaaaaaaaaaaaaaaaaaaaaaaaaaaaaaaaaaaazzz_240124.az	3KB
2024-01-24    /usr/lib/python3.10/xml/aaaaaazzz_240124/aaaaaaaaaaaaaaaaaaaaaaaaaaaaaaaaaaaaaaaaaaaaaaaaaaaaaaaaaaaaaaaaaaaaaaaaaaaaaaaaaaaaaaaaaaaaaaazzz_240124.az	3KB
2024-01-24    /usr/lib/python3.10/xml/aaaaaazzz_240124/aaaaaaaaaaaaaaaaaaaaaaaaaaaaaaaaaaaaaaaaaaaaaaaaaaaaaaaaaaaaaaaaaaaaaaaaaaaaaaaaaaaaaaaaaaaaaaaazzz_240124.az	3KB
2024-01-24    /usr/lib/python3.10/xml/aaaaaazzz_240124/aaaaaaaaaaaaaaaaaaaaaaaaaaaaaaaaaaaaaaaaaaaaaaaaaaaaaaaaaaaaaaaaaaaaaaaaaaaaaaaaaaaaaaaaaaaaaaaaazzz_240124.az	3KB
2024-01-24    /usr/lib/python3.10/xml/aaaaaazzz_240124/aaaaaaaaaaaaaaaaaaaaaaaaaaaaaaaaaaaaaaaaaaaaaaaaaaaaaaaaaaaaaaaaaaaaaaaaaaaaaaaaaaaaaaaaaaaaaaaaaazzz_240124.az	3KB
2024-01-24 /usr/lib/python3.10/xml/aaaaaaazzz_240124
2024-01-24    /usr/lib/python3.10/xml/aaaaaaazzz_240124/aazzz_240124.az	3KB
2024-01-24    /usr/lib/python3.10/xml/aaaaaaazzz_240124/aaazzz_240124.az	3KB
2024-01-24    /usr/lib/python3.10/xml/aaaaaaazzz_240124/aaaazzz_240124.az	3KB
2024-01-24    /usr/lib/python3.10/xml/aaaaaaazzz_240124/aaaaazzz_240124.az	3KB
2024-01-24    /usr/lib/python3.10/xml/aaaaaaazzz_240124/aaaaaazzz_240124.az	3KB
2024-01-24    /usr/lib/python3.10/xml/aaaaaaazzz_240124/aaaaaaazzz_240124.az	3KB
2024-01-24    /usr/lib/python3.10/xml/aaaaaaazzz_240124/aaaaaaaazzz_240124.az	3KB
2024-01-24    /usr/lib/python3.10/xml/aaaaaaazzz_240124/aaaaaaaaazzz_240124.az	3KB
2024-01-24    /usr/lib/python3.10/xml/aaaaaaazzz_240124/aaaaaaaaaazzz_240124.az	3KB
2024-01-24    /usr/lib/python3.10/xml/aaaaaaazzz_240124/aaaaaaaaaaazzz_240124.az	3KB
2024-01-24    /usr/lib/python3.10/xml/aaaaaaazzz_240124/aaaaaaaaaaaazzz_240124.az	3KB
2024-01-24    /usr/lib/python3.10/xml/aaaaaaazzz_240124/aaaaaaaaaaaaazzz_240124.az	3KB
2024-01-24    /usr/lib/python3.10/xml/aaaaaaazzz_240124/aaaaaaaaaaaaaazzz_240124.az	3KB
2024-01-24    /usr/lib/python3.10/xml/aaaaaaazzz_240124/aaaaaaaaaaaaaaazzz_240124.az	3KB
2024-01-24    /usr/lib/python3.10/xml/aaaaaaazzz_240124/aaaaaaaaaaaaaaaazzz_240124.az	3KB
2024-01-24    /usr/lib/python3.10/xml/aaaaaaazzz_240124/aaaaaaaaaaaaaaaaazzz_240124.az	3KB
2024-01-24    /usr/lib/python3.10/xml/aaaaaaazzz_240124/aaaaaaaaaaaaaaaaaazzz_240124.az	3KB
2024-01-24    /usr/lib/python3.10/xml/aaaaaaazzz_240124/aaaaaaaaaaaaaaaaaaazzz_240124.az	3KB
2024-01-24    /usr/lib/python3.10/xml/aaaaaaazzz_240124/aaaaaaaaaaaaaaaaaaaazzz_240124.az	3KB
2024-01-24    /usr/lib/python3.10/xml/aaaaaaazzz_240124/aaaaaaaaaaaaaaaaaaaaazzz_240124.az	3KB
2024-01-24    /usr/lib/python3.10/xml/aaaaaaazzz_240124/aaaaaaaaaaaaaaaaaaaaaazzz_240124.az	3KB
2024-01-24    /usr/lib/python3.10/xml/aaaaaaazzz_240124/aaaaaaaaaaaaaaaaaaaaaaazzz_240124.az	3KB
2024-01-24    /usr/lib/python3.10/xml/aaaaaaazzz_240124/aaaaaaaaaaaaaaaaaaaaaaaazzz_240124.az	3KB
2024-01-24    /usr/lib/python3.10/xml/aaaaaaazzz_240124/aaaaaaaaaaaaaaaaaaaaaaaaazzz_240124.az	3KB
2024-01-24    /usr/lib/python3.10/xml/aaaaaaazzz_240124/aaaaaaaaaaaaaaaaaaaaaaaaaazzz_240124.az	3KB
2024-01-24    /usr/lib/python3.10/xml/aaaaaaazzz_240124/aaaaaaaaaaaaaaaaaaaaaaaaaaazzz_240124.az	3KB
2024-01-24    /usr/lib/python3.10/xml/aaaaaaazzz_240124/aaaaaaaaaaaaaaaaaaaaaaaaaaaazzz_240124.az	3KB
2024-01-24    /usr/lib/python3.10/xml/aaaaaaazzz_240124/aaaaaaaaaaaaaaaaaaaaaaaaaaaaazzz_240124.az	3KB
2024-01-24    /usr/lib/python3.10/xml/aaaaaaazzz_240124/aaaaaaaaaaaaaaaaaaaaaaaaaaaaaazzz_240124.az	3KB
2024-01-24    /usr/lib/python3.10/xml/aaaaaaazzz_240124/aaaaaaaaaaaaaaaaaaaaaaaaaaaaaaazzz_240124.az	3KB
2024-01-24    /usr/lib/python3.10/xml/aaaaaaazzz_240124/aaaaaaaaaaaaaaaaaaaaaaaaaaaaaaaazzz_240124.az	3KB
2024-01-24    /usr/lib/python3.10/xml/aaaaaaazzz_240124/aaaaaaaaaaaaaaaaaaaaaaaaaaaaaaaaazzz_240124.az	3KB
2024-01-24    /usr/lib/python3.10/xml/aaaaaaazzz_240124/aaaaaaaaaaaaaaaaaaaaaaaaaaaaaaaaaazzz_240124.az	3KB
2024-01-24    /usr/lib/python3.10/xml/aaaaaaazzz_240124/aaaaaaaaaaaaaaaaaaaaaaaaaaaaaaaaaaazzz_240124.az	3KB
2024-01-24    /usr/lib/python3.10/xml/aaaaaaazzz_240124/aaaaaaaaaaaaaaaaaaaaaaaaaaaaaaaaaaaazzz_240124.az	3KB
2024-01-24    /usr/lib/python3.10/xml/aaaaaaazzz_240124/aaaaaaaaaaaaaaaaaaaaaaaaaaaaaaaaaaaaazzz_240124.az	3KB
2024-01-24    /usr/lib/python3.10/xml/aaaaaaazzz_240124/aaaaaaaaaaaaaaaaaaaaaaaaaaaaaaaaaaaaaazzz_240124.az	3KB
2024-01-24    /usr/lib/python3.10/xml/aaaaaaazzz_240124/aaaaaaaaaaaaaaaaaaaaaaaaaaaaaaaaaaaaaaazzz_240124.az	3KB
2024-01-24    /usr/lib/python3.10/xml/aaaaaaazzz_240124/aaaaaaaaaaaaaaaaaaaaaaaaaaaaaaaaaaaaaaaazzz_240124.az	3KB
2024-01-24    /usr/lib/python3.10/xml/aaaaaaazzz_240124/aaaaaaaaaaaaaaaaaaaaaaaaaaaaaaaaaaaaaaaaazzz_240124.az	3KB
2024-01-24    /usr/lib/python3.10/xml/aaaaaaazzz_240124/aaaaaaaaaaaaaaaaaaaaaaaaaaaaaaaaaaaaaaaaaazzz_240124.az	3KB
2024-01-24    /usr/lib/python3.10/xml/aaaaaaazzz_240124/aaaaaaaaaaaaaaaaaaaaaaaaaaaaaaaaaaaaaaaaaaazzz_240124.az	3KB
2024-01-24    /usr/lib/python3.10/xml/aaaaaaazzz_240124/aaaaaaaaaaaaaaaaaaaaaaaaaaaaaaaaaaaaaaaaaaaazzz_240124.az	3KB
2024-01-24    /usr/lib/python3.10/xml/aaaaaaazzz_240124/aaaaaaaaaaaaaaaaaaaaaaaaaaaaaaaaaaaaaaaaaaaaazzz_240124.az	3KB
2024-01-24    /usr/lib/python3.10/xml/aaaaaaazzz_240124/aaaaaaaaaaaaaaaaaaaaaaaaaaaaaaaaaaaaaaaaaaaaaazzz_240124.az	3KB
2024-01-24    /usr/lib/python3.10/xml/aaaaaaazzz_240124/aaaaaaaaaaaaaaaaaaaaaaaaaaaaaaaaaaaaaaaaaaaaaaazzz_240124.az	3KB
2024-01-24    /usr/lib/python3.10/xml/aaaaaaazzz_240124/aaaaaaaaaaaaaaaaaaaaaaaaaaaaaaaaaaaaaaaaaaaaaaaazzz_240124.az	3KB
2024-01-24    /usr/lib/python3.10/xml/aaaaaaazzz_240124/aaaaaaaaaaaaaaaaaaaaaaaaaaaaaaaaaaaaaaaaaaaaaaaaazzz_240124.az	3KB
2024-01-24    /usr/lib/python3.10/xml/aaaaaaazzz_240124/aaaaaaaaaaaaaaaaaaaaaaaaaaaaaaaaaaaaaaaaaaaaaaaaaazzz_240124.az	3KB
2024-01-24    /usr/lib/python3.10/xml/aaaaaaazzz_240124/aaaaaaaaaaaaaaaaaaaaaaaaaaaaaaaaaaaaaaaaaaaaaaaaaaazzz_240124.az	3KB
2024-01-24    /usr/lib/python3.10/xml/aaaaaaazzz_240124/aaaaaaaaaaaaaaaaaaaaaaaaaaaaaaaaaaaaaaaaaaaaaaaaaaaazzz_240124.az	3KB
2024-01-24 /usr/lib/python3.10/xml/aaaaaaaazzz_240124
2024-01-24    /usr/lib/python3.10/xml/aaaaaaaazzz_240124/aazzz_240124.az	3KB
2024-01-24    /usr/lib/python3.10/xml/aaaaaaaazzz_240124/aaazzz_240124.az	3KB
2024-01-24    /usr/lib/python3.10/xml/aaaaaaaazzz_240124/aaaazzz_240124.az	3KB
2024-01-24    /usr/lib/python3.10/xml/aaaaaaaazzz_240124/aaaaazzz_240124.az	3KB
2024-01-24    /usr/lib/python3.10/xml/aaaaaaaazzz_240124/aaaaaazzz_240124.az	3KB
2024-01-24    /usr/lib/python3.10/xml/aaaaaaaazzz_240124/aaaaaaazzz_240124.az	3KB
2024-01-24    /usr/lib/python3.10/xml/aaaaaaaazzz_240124/aaaaaaaazzz_240124.az	3KB
2024-01-24    /usr/lib/python3.10/xml/aaaaaaaazzz_240124/aaaaaaaaazzz_240124.az	3KB
2024-01-24    /usr/lib/python3.10/xml/aaaaaaaazzz_240124/aaaaaaaaaazzz_240124.az	3KB
2024-01-24    /usr/lib/python3.10/xml/aaaaaaaazzz_240124/aaaaaaaaaaazzz_240124.az	3KB
2024-01-24    /usr/lib/python3.10/xml/aaaaaaaazzz_240124/aaaaaaaaaaaazzz_240124.az	3KB
2024-01-24    /usr/lib/python3.10/xml/aaaaaaaazzz_240124/aaaaaaaaaaaaazzz_240124.az	3KB
2024-01-24    /usr/lib/python3.10/xml/aaaaaaaazzz_240124/aaaaaaaaaaaaaazzz_240124.az	3KB
2024-01-24    /usr/lib/python3.10/xml/aaaaaaaazzz_240124/aaaaaaaaaaaaaaazzz_240124.az	3KB
2024-01-24    /usr/lib/python3.10/xml/aaaaaaaazzz_240124/aaaaaaaaaaaaaaaazzz_240124.az	3KB
2024-01-24    /usr/lib/python3.10/xml/aaaaaaaazzz_240124/aaaaaaaaaaaaaaaaazzz_240124.az	3KB
2024-01-24    /usr/lib/python3.10/xml/aaaaaaaazzz_240124/aaaaaaaaaaaaaaaaaazzz_240124.az	3KB
2024-01-24    /usr/lib/python3.10/xml/aaaaaaaazzz_240124/aaaaaaaaaaaaaaaaaaazzz_240124.az	3KB
2024-01-24    /usr/lib/python3.10/xml/aaaaaaaazzz_240124/aaaaaaaaaaaaaaaaaaaazzz_240124.az	3KB
2024-01-24    /usr/lib/python3.10/xml/aaaaaaaazzz_240124/aaaaaaaaaaaaaaaaaaaaazzz_240124.az	3KB
2024-01-24    /usr/lib/python3.10/xml/aaaaaaaazzz_240124/aaaaaaaaaaaaaaaaaaaaaazzz_240124.az	3KB
2024-01-24    /usr/lib/python3.10/xml/aaaaaaaazzz_240124/aaaaaaaaaaaaaaaaaaaaaaazzz_240124.az	3KB
2024-01-24    /usr/lib/python3.10/xml/aaaaaaaazzz_240124/aaaaaaaaaaaaaaaaaaaaaaaazzz_240124.az	3KB
2024-01-24    /usr/lib/python3.10/xml/aaaaaaaazzz_240124/aaaaaaaaaaaaaaaaaaaaaaaaazzz_240124.az	3KB
2024-01-24    /usr/lib/python3.10/xml/aaaaaaaazzz_240124/aaaaaaaaaaaaaaaaaaaaaaaaaazzz_240124.az	3KB
2024-01-24    /usr/lib/python3.10/xml/aaaaaaaazzz_240124/aaaaaaaaaaaaaaaaaaaaaaaaaaazzz_240124.az	3KB
2024-01-24    /usr/lib/python3.10/xml/aaaaaaaazzz_240124/aaaaaaaaaaaaaaaaaaaaaaaaaaaazzz_240124.az	3KB
2024-01-24    /usr/lib/python3.10/xml/aaaaaaaazzz_240124/aaaaaaaaaaaaaaaaaaaaaaaaaaaaazzz_240124.az	3KB
2024-01-24    /usr/lib/python3.10/xml/aaaaaaaazzz_240124/aaaaaaaaaaaaaaaaaaaaaaaaaaaaaazzz_240124.az	3KB
2024-01-24    /usr/lib/python3.10/xml/aaaaaaaazzz_240124/aaaaaaaaaaaaaaaaaaaaaaaaaaaaaaazzz_240124.az	3KB
2024-01-24    /usr/lib/python3.10/xml/aaaaaaaazzz_240124/aaaaaaaaaaaaaaaaaaaaaaaaaaaaaaaazzz_240124.az	3KB
2024-01-24    /usr/lib/python3.10/xml/aaaaaaaazzz_240124/aaaaaaaaaaaaaaaaaaaaaaaaaaaaaaaaazzz_240124.az	3KB
2024-01-24    /usr/lib/python3.10/xml/aaaaaaaazzz_240124/aaaaaaaaaaaaaaaaaaaaaaaaaaaaaaaaaazzz_240124.az	3KB
2024-01-24    /usr/lib/python3.10/xml/aaaaaaaazzz_240124/aaaaaaaaaaaaaaaaaaaaaaaaaaaaaaaaaaazzz_240124.az	3KB
2024-01-24    /usr/lib/python3.10/xml/aaaaaaaazzz_240124/aaaaaaaaaaaaaaaaaaaaaaaaaaaaaaaaaaaazzz_240124.az	3KB
2024-01-24    /usr/lib/python3.10/xml/aaaaaaaazzz_240124/aazzz_240124.az	3KB
2024-01-24    /usr/lib/python3.10/xml/aaaaaaaazzz_240124/aazzzz_240124.az	3KB
2024-01-24    /usr/lib/python3.10/xml/aaaaaaaazzz_240124/aazzzzz_240124.az	3KB
2024-01-24    /usr/lib/python3.10/xml/aaaaaaaazzz_240124/aazzzzzz_240124.az	3KB
2024-01-24    /usr/lib/python3.10/xml/aaaaaaaazzz_240124/aazzzzzzz_240124.az	3KB
2024-01-24    /usr/lib/python3.10/xml/aaaaaaaazzz_240124/aazzzzzzzz_240124.az	3KB
2024-01-24    /usr/lib/python3.10/xml/aaaaaaaazzz_240124/aazzzzzzzzz_240124.az	3KB
2024-01-24    /usr/lib/python3.10/xml/aaaaaaaazzz_240124/aazzzzzzzzzz_240124.az	3KB
2024-01-24    /usr/lib/python3.10/xml/aaaaaaaazzz_240124/aazzzzzzzzzzz_240124.az	3KB
2024-01-24    /usr/lib/python3.10/xml/aaaaaaaazzz_240124/aazzzzzzzzzzzz_240124.az	3KB
2024-01-24    /usr/lib/python3.10/xml/aaaaaaaazzz_240124/aazzzzzzzzzzzzz_240124.az	3KB
2024-01-24    /usr/lib/python3.10/xml/aaaaaaaazzz_240124/aazzzzzzzzzzzzzz_240124.az	3KB
2024-01-24    /usr/lib/python3.10/xml/aaaaaaaazzz_240124/aazzzzzzzzzzzzzzz_240124.az	3KB
2024-01-24    /usr/lib/python3.10/xml/aaaaaaaazzz_240124/aazzzzzzzzzzzzzzzz_240124.az	3KB
2024-01-24    /usr/lib/python3.10/xml/aaaaaaaazzz_240124/aazzzzzzzzzzzzzzzzz_240124.az	3KB
2024-01-24    /usr/lib/python3.10/xml/aaaaaaaazzz_240124/aazzzzzzzzzzzzzzzzzz_240124.az	3KB
2024-01-24    /usr/lib/python3.10/xml/aaaaaaaazzz_240124/aazzzzzzzzzzzzzzzzzzz_240124.az	3KB
2024-01-24    /usr/lib/python3.10/xml/aaaaaaaazzz_240124/aazzzzzzzzzzzzzzzzzzzz_240124.az	3KB
2024-01-24    /usr/lib/python3.10/xml/aaaaaaaazzz_240124/aazzzzzzzzzzzzzzzzzzzzz_240124.az	3KB
2024-01-24    /usr/lib/python3.10/xml/aaaaaaaazzz_240124/aazzzzzzzzzzzzzzzzzzzzzz_240124.az	3KB
2024-01-24    /usr/lib/python3.10/xml/aaaaaaaazzz_240124/aazzzzzzzzzzzzzzzzzzzzzzz_240124.az	3KB
2024-01-24    /usr/lib/python3.10/xml/aaaaaaaazzz_240124/aazzzzzzzzzzzzzzzzzzzzzzzz_240124.az	3KB
2024-01-24    /usr/lib/python3.10/xml/aaaaaaaazzz_240124/aazzzzzzzzzzzzzzzzzzzzzzzzz_240124.az	3KB
2024-01-24    /usr/lib/python3.10/xml/aaaaaaaazzz_240124/aazzzzzzzzzzzzzzzzzzzzzzzzzz_240124.az	3KB
2024-01-24    /usr/lib/python3.10/xml/aaaaaaaazzz_240124/aazzzzzzzzzzzzzzzzzzzzzzzzzzz_240124.az	3KB
2024-01-24    /usr/lib/python3.10/xml/aaaaaaaazzz_240124/aazzzzzzzzzzzzzzzzzzzzzzzzzzzz_240124.az	3KB
2024-01-24    /usr/lib/python3.10/xml/aaaaaaaazzz_240124/aazzzzzzzzzzzzzzzzzzzzzzzzzzzzz_240124.az	3KB
2024-01-24    /usr/lib/python3.10/xml/aaaaaaaazzz_240124/aazzzzzzzzzzzzzzzzzzzzzzzzzzzzzz_240124.az	3KB
2024-01-24    /usr/lib/python3.10/xml/aaaaaaaazzz_240124/aazzzzzzzzzzzzzzzzzzzzzzzzzzzzzzz_240124.az	3KB
2024-01-24    /usr/lib/python3.10/xml/aaaaaaaazzz_240124/aazzzzzzzzzzzzzzzzzzzzzzzzzzzzzzzz_240124.az	3KB
2024-01-24    /usr/lib/python3.10/xml/aaaaaaaazzz_240124/aazzzzzzzzzzzzzzzzzzzzzzzzzzzzzzzzz_240124.az	3KB
2024-01-24    /usr/lib/python3.10/xml/aaaaaaaazzz_240124/aazzzzzzzzzzzzzzzzzzzzzzzzzzzzzzzzzz_240124.az	3KB
2024-01-24    /usr/lib/python3.10/xml/aaaaaaaazzz_240124/aazzzzzzzzzzzzzzzzzzzzzzzzzzzzzzzzzzz_240124.az	3KB
2024-01-24    /usr/lib/python3.10/xml/aaaaaaaazzz_240124/aazzzzzzzzzzzzzzzzzzzzzzzzzzzzzzzzzzzz_240124.az	3KB
2024-01-24    /usr/lib/python3.10/xml/aaaaaaaazzz_240124/aazzzzzzzzzzzzzzzzzzzzzzzzzzzzzzzzzzzzz_240124.az	3KB
2024-01-24    /usr/lib/python3.10/xml/aaaaaaaazzz_240124/aazzzzzzzzzzzzzzzzzzzzzzzzzzzzzzzzzzzzzz_240124.az	3KB
2024-01-24    /usr/lib/python3.10/xml/aaaaaaaazzz_240124/aazzzzzzzzzzzzzzzzzzzzzzzzzzzzzzzzzzzzzzz_240124.az	3KB
2024-01-24    /usr/lib/python3.10/xml/aaaaaaaazzz_240124/aazzzzzzzzzzzzzzzzzzzzzzzzzzzzzzzzzzzzzzzz_240124.az	3KB
2024-01-24    /usr/lib/python3.10/xml/aaaaaaaazzz_240124/aazzzzzzzzzzzzzzzzzzzzzzzzzzzzzzzzzzzzzzzzz_240124.az	3KB
2024-01-24    /usr/lib/python3.10/xml/aaaaaaaazzz_240124/aazzzzzzzzzzzzzzzzzzzzzzzzzzzzzzzzzzzzzzzzzz_240124.az	3KB
2024-01-24    /usr/lib/python3.10/xml/aaaaaaaazzz_240124/aazzzzzzzzzzzzzzzzzzzzzzzzzzzzzzzzzzzzzzzzzzz_240124.az	3KB
2024-01-24    /usr/lib/python3.10/xml/aaaaaaaazzz_240124/aazzzzzzzzzzzzzzzzzzzzzzzzzzzzzzzzzzzzzzzzzzzz_240124.az	3KB
2024-01-24    /usr/lib/python3.10/xml/aaaaaaaazzz_240124/aazzzzzzzzzzzzzzzzzzzzzzzzzzzzzzzzzzzzzzzzzzzzz_240124.az	3KB
2024-01-24    /usr/lib/python3.10/xml/aaaaaaaazzz_240124/aazzzzzzzzzzzzzzzzzzzzzzzzzzzzzzzzzzzzzzzzzzzzzz_240124.az	3KB
2024-01-24    /usr/lib/python3.10/xml/aaaaaaaazzz_240124/aazzzzzzzzzzzzzzzzzzzzzzzzzzzzzzzzzzzzzzzzzzzzzzz_240124.az	3KB
2024-01-24    /usr/lib/python3.10/xml/aaaaaaaazzz_240124/aazzzzzzzzzzzzzzzzzzzzzzzzzzzzzzzzzzzzzzzzzzzzzzzz_240124.az	3KB
2024-01-24    /usr/lib/python3.10/xml/aaaaaaaazzz_240124/aazzzzzzzzzzzzzzzzzzzzzzzzzzzzzzzzzzzzzzzzzzzzzzzzz_240124.az	3KB
2024-01-24    /usr/lib/python3.10/xml/aaaaaaaazzz_240124/aazzzzzzzzzzzzzzzzzzzzzzzzzzzzzzzzzzzzzzzzzzzzzzzzzz_240124.az	3KB
2024-01-24    /usr/lib/python3.10/xml/aaaaaaaazzz_240124/aazzzzzzzzzzzzzzzzzzzzzzzzzzzzzzzzzzzzzzzzzzzzzzzzzzz_240124.az	3KB
2024-01-24    /usr/lib/python3.10/xml/aaaaaaaazzz_240124/aazzzzzzzzzzzzzzzzzzzzzzzzzzzzzzzzzzzzzzzzzzzzzzzzzzzz_240124.az	3KB
2024-01-24    /usr/lib/python3.10/xml/aaaaaaaazzz_240124/aazzzzzzzzzzzzzzzzzzzzzzzzzzzzzzzzzzzzzzzzzzzzzzzzzzzzz_240124.az	3KB
2024-01-24    /usr/lib/python3.10/xml/aaaaaaaazzz_240124/aazzzzzzzzzzzzzzzzzzzzzzzzzzzzzzzzzzzzzzzzzzzzzzzzzzzzzz_240124.az	3KB
2024-01-24    /usr/lib/python3.10/xml/aaaaaaaazzz_240124/aazzzzzzzzzzzzzzzzzzzzzzzzzzzzzzzzzzzzzzzzzzzzzzzzzzzzzzz_240124.az	3KB
2024-01-24    /usr/lib/python3.10/xml/aaaaaaaazzz_240124/aazzzzzzzzzzzzzzzzzzzzzzzzzzzzzzzzzzzzzzzzzzzzzzzzzzzzzzzz_240124.az	3KB
2024-01-24    /usr/lib/python3.10/xml/aaaaaaaazzz_240124/aazzzzzzzzzzzzzzzzzzzzzzzzzzzzzzzzzzzzzzzzzzzzzzzzzzzzzzzzz_240124.az	3KB
2024-01-24    /usr/lib/python3.10/xml/aaaaaaaazzz_240124/aazzzzzzzzzzzzzzzzzzzzzzzzzzzzzzzzzzzzzzzzzzzzzzzzzzzzzzzzzz_240124.az	3KB
2024-01-24    /usr/lib/python3.10/xml/aaaaaaaazzz_240124/aazzzzzzzzzzzzzzzzzzzzzzzzzzzzzzzzzzzzzzzzzzzzzzzzzzzzzzzzzzz_240124.az	3KB
2024-01-24    /usr/lib/python3.10/xml/aaaaaaaazzz_240124/aazzzzzzzzzzzzzzzzzzzzzzzzzzzzzzzzzzzzzzzzzzzzzzzzzzzzzzzzzzzz_240124.az	3KB
2024-01-24 /usr/lib/python3.10/xml/aaaaaaaaazzz_240124
2024-01-24    /usr/lib/python3.10/xml/aaaaaaaaazzz_240124/aazzz_240124.az	3KB
2024-01-24    /usr/lib/python3.10/xml/aaaaaaaaazzz_240124/aaazzz_240124.az	3KB
2024-01-24    /usr/lib/python3.10/xml/aaaaaaaaazzz_240124/aaaazzz_240124.az	3KB
2024-01-24    /usr/lib/python3.10/xml/aaaaaaaaazzz_240124/aaaaazzz_240124.az	3KB
2024-01-24    /usr/lib/python3.10/xml/aaaaaaaaazzz_240124/aaaaaazzz_240124.az	3KB
2024-01-24    /usr/lib/python3.10/xml/aaaaaaaaazzz_240124/aaaaaaazzz_240124.az	3KB
2024-01-24    /usr/lib/python3.10/xml/aaaaaaaaazzz_240124/aaaaaaaazzz_240124.az	3KB
2024-01-24    /usr/lib/python3.10/xml/aaaaaaaaazzz_240124/aaaaaaaaazzz_240124.az	3KB
2024-01-24    /usr/lib/python3.10/xml/aaaaaaaaazzz_240124/aaaaaaaaaazzz_240124.az	3KB
2024-01-24    /usr/lib/python3.10/xml/aaaaaaaaazzz_240124/aaaaaaaaaaazzz_240124.az	3KB
2024-01-24    /usr/lib/python3.10/xml/aaaaaaaaazzz_240124/aaaaaaaaaaaazzz_240124.az	3KB
2024-01-24    /usr/lib/python3.10/xml/aaaaaaaaazzz_240124/aaaaaaaaaaaaazzz_240124.az	3KB
2024-01-24    /usr/lib/python3.10/xml/aaaaaaaaazzz_240124/aaaaaaaaaaaaaazzz_240124.az	3KB
2024-01-24    /usr/lib/python3.10/xml/aaaaaaaaazzz_240124/aaaaaaaaaaaaaaazzz_240124.az	3KB
2024-01-24    /usr/lib/python3.10/xml/aaaaaaaaazzz_240124/aaaaaaaaaaaaaaaazzz_240124.az	3KB
2024-01-24    /usr/lib/python3.10/xml/aaaaaaaaazzz_240124/aaaaaaaaaaaaaaaaazzz_240124.az	3KB
2024-01-24    /usr/lib/python3.10/xml/aaaaaaaaazzz_240124/aaaaaaaaaaaaaaaaaazzz_240124.az	3KB
2024-01-24    /usr/lib/python3.10/xml/aaaaaaaaazzz_240124/aaaaaaaaaaaaaaaaaaazzz_240124.az	3KB
2024-01-24    /usr/lib/python3.10/xml/aaaaaaaaazzz_240124/aaaaaaaaaaaaaaaaaaaazzz_240124.az	3KB
2024-01-24    /usr/lib/python3.10/xml/aaaaaaaaazzz_240124/aaaaaaaaaaaaaaaaaaaaazzz_240124.az	3KB
2024-01-24    /usr/lib/python3.10/xml/aaaaaaaaazzz_240124/aaaaaaaaaaaaaaaaaaaaaazzz_240124.az	3KB
2024-01-24    /usr/lib/python3.10/xml/aaaaaaaaazzz_240124/aaaaaaaaaaaaaaaaaaaaaaazzz_240124.az	3KB
2024-01-24    /usr/lib/python3.10/xml/aaaaaaaaazzz_240124/aaaaaaaaaaaaaaaaaaaaaaaazzz_240124.az	3KB
2024-01-24    /usr/lib/python3.10/xml/aaaaaaaaazzz_240124/aaaaaaaaaaaaaaaaaaaaaaaaazzz_240124.az	3KB
2024-01-24    /usr/lib/python3.10/xml/aaaaaaaaazzz_240124/aaaaaaaaaaaaaaaaaaaaaaaaaazzz_240124.az	3KB
2024-01-24    /usr/lib/python3.10/xml/aaaaaaaaazzz_240124/aaaaaaaaaaaaaaaaaaaaaaaaaaazzz_240124.az	3KB
2024-01-24    /usr/lib/python3.10/xml/aaaaaaaaazzz_240124/aaaaaaaaaaaaaaaaaaaaaaaaaaaazzz_240124.az	3KB
2024-01-24    /usr/lib/python3.10/xml/aaaaaaaaazzz_240124/aaaaaaaaaaaaaaaaaaaaaaaaaaaaazzz_240124.az	3KB
2024-01-24    /usr/lib/python3.10/xml/aaaaaaaaazzz_240124/aaaaaaaaaaaaaaaaaaaaaaaaaaaaaazzz_240124.az	3KB
2024-01-24    /usr/lib/python3.10/xml/aaaaaaaaazzz_240124/aaaaaaaaaaaaaaaaaaaaaaaaaaaaaaazzz_240124.az	3KB
2024-01-24    /usr/lib/python3.10/xml/aaaaaaaaazzz_240124/aaaaaaaaaaaaaaaaaaaaaaaaaaaaaaaazzz_240124.az	3KB
2024-01-24    /usr/lib/python3.10/xml/aaaaaaaaazzz_240124/aaaaaaaaaaaaaaaaaaaaaaaaaaaaaaaaazzz_240124.az	3KB
2024-01-24    /usr/lib/python3.10/xml/aaaaaaaaazzz_240124/aaaaaaaaaaaaaaaaaaaaaaaaaaaaaaaaaazzz_240124.az	3KB
2024-01-24    /usr/lib/python3.10/xml/aaaaaaaaazzz_240124/aaaaaaaaaaaaaaaaaaaaaaaaaaaaaaaaaaazzz_240124.az	3KB
2024-01-24    /usr/lib/python3.10/xml/aaaaaaaaazzz_240124/aaaaaaaaaaaaaaaaaaaaaaaaaaaaaaaaaaaazzz_240124.az	3KB
2024-01-24    /usr/lib/python3.10/xml/aaaaaaaaazzz_240124/aaaaaaaaaaaaaaaaaaaaaaaaaaaaaaaaaaaaazzz_240124.az	3KB
2024-01-24    /usr/lib/python3.10/xml/aaaaaaaaazzz_240124/aaaaaaaaaaaaaaaaaaaaaaaaaaaaaaaaaaaaaazzz_240124.az	3KB
2024-01-24    /usr/lib/python3.10/xml/aaaaaaaaazzz_240124/aaaaaaaaaaaaaaaaaaaaaaaaaaaaaaaaaaaaaaazzz_240124.az	3KB
2024-01-24    /usr/lib/python3.10/xml/aaaaaaaaazzz_240124/aaaaaaaaaaaaaaaaaaaaaaaaaaaaaaaaaaaaaaaazzz_240124.az	3KB
2024-01-24    /usr/lib/python3.10/xml/aaaaaaaaazzz_240124/aaaaaaaaaaaaaaaaaaaaaaaaaaaaaaaaaaaaaaaaazzz_240124.az	3KB
2024-01-24    /usr/lib/python3.10/xml/aaaaaaaaazzz_240124/aaaaaaaaaaaaaaaaaaaaaaaaaaaaaaaaaaaaaaaaaazzz_240124.az	3KB
2024-01-24    /usr/lib/python3.10/xml/aaaaaaaaazzz_240124/aaaaaaaaaaaaaaaaaaaaaaaaaaaaaaaaaaaaaaaaaaazzz_240124.az	3KB
2024-01-24    /usr/lib/python3.10/xml/aaaaaaaaazzz_240124/aaaaaaaaaaaaaaaaaaaaaaaaaaaaaaaaaaaaaaaaaaaazzz_240124.az	3KB
2024-01-24    /usr/lib/python3.10/xml/aaaaaaaaazzz_240124/aaaaaaaaaaaaaaaaaaaaaaaaaaaaaaaaaaaaaaaaaaaaazzz_240124.az	3KB
2024-01-24    /usr/lib/python3.10/xml/aaaaaaaaazzz_240124/aaaaaaaaaaaaaaaaaaaaaaaaaaaaaaaaaaaaaaaaaaaaaazzz_240124.az	3KB
2024-01-24    /usr/lib/python3.10/xml/aaaaaaaaazzz_240124/aaaaaaaaaaaaaaaaaaaaaaaaaaaaaaaaaaaaaaaaaaaaaaazzz_240124.az	3KB
2024-01-24    /usr/lib/python3.10/xml/aaaaaaaaazzz_240124/aaaaaaaaaaaaaaaaaaaaaaaaaaaaaaaaaaaaaaaaaaaaaaaazzz_240124.az	3KB
2024-01-24    /usr/lib/python3.10/xml/aaaaaaaaazzz_240124/aaaaaaaaaaaaaaaaaaaaaaaaaaaaaaaaaaaaaaaaaaaaaaaaazzz_240124.az	3KB
2024-01-24    /usr/lib/python3.10/xml/aaaaaaaaazzz_240124/aaaaaaaaaaaaaaaaaaaaaaaaaaaaaaaaaaaaaaaaaaaaaaaaaazzz_240124.az	3KB
2024-01-24    /usr/lib/python3.10/xml/aaaaaaaaazzz_240124/aaaaaaaaaaaaaaaaaaaaaaaaaaaaaaaaaaaaaaaaaaaaaaaaaaazzz_240124.az	3KB
2024-01-24    /usr/lib/python3.10/xml/aaaaaaaaazzz_240124/aaaaaaaaaaaaaaaaaaaaaaaaaaaaaaaaaaaaaaaaaaaaaaaaaaaazzz_240124.az	3KB
2024-01-24    /usr/lib/python3.10/xml/aaaaaaaaazzz_240124/aaaaaaaaaaaaaaaaaaaaaaaaaaaaaaaaaaaaaaaaaaaaaaaaaaaaazzz_240124.az	3KB
2024-01-24    /usr/lib/python3.10/xml/aaaaaaaaazzz_240124/aaaaaaaaaaaaaaaaaaaaaaaaaaaaaaaaaaaaaaaaaaaaaaaaaaaaaazzz_240124.az	3KB
2024-01-24    /usr/lib/python3.10/xml/aaaaaaaaazzz_240124/aaaaaaaaaaaaaaaaaaaaaaaaaaaaaaaaaaaaaaaaaaaaaaaaaaaaaaazzz_240124.az	3KB
2024-01-24    /usr/lib/python3.10/xml/aaaaaaaaazzz_240124/aaaaaaaaaaaaaaaaaaaaaaaaaaaaaaaaaaaaaaaaaaaaaaaaaaaaaaaazzz_240124.az	3KB
2024-01-24    /usr/lib/python3.10/xml/aaaaaaaaazzz_240124/aaaaaaaaaaaaaaaaaaaaaaaaaaaaaaaaaaaaaaaaaaaaaaaaaaaaaaaaazzz_240124.az	3KB
2024-01-24    /usr/lib/python3.10/xml/aaaaaaaaazzz_240124/aaaaaaaaaaaaaaaaaaaaaaaaaaaaaaaaaaaaaaaaaaaaaaaaaaaaaaaaaazzz_240124.az	3KB
2024-01-24    /usr/lib/python3.10/xml/aaaaaaaaazzz_240124/aaaaaaaaaaaaaaaaaaaaaaaaaaaaaaaaaaaaaaaaaaaaaaaaaaaaaaaaaaazzz_240124.az	3KB
2024-01-24    /usr/lib/python3.10/xml/aaaaaaaaazzz_240124/aaaaaaaaaaaaaaaaaaaaaaaaaaaaaaaaaaaaaaaaaaaaaaaaaaaaaaaaaaaazzz_240124.az	3KB
2024-01-24    /usr/lib/python3.10/xml/aaaaaaaaazzz_240124/aaaaaaaaaaaaaaaaaaaaaaaaaaaaaaaaaaaaaaaaaaaaaaaaaaaaaaaaaaaaazzz_240124.az	3KB
2024-01-24    /usr/lib/python3.10/xml/aaaaaaaaazzz_240124/aaaaaaaaaaaaaaaaaaaaaaaaaaaaaaaaaaaaaaaaaaaaaaaaaaaaaaaaaaaaaazzz_240124.az	3KB
2024-01-24    /usr/lib/python3.10/xml/aaaaaaaaazzz_240124/aaaaaaaaaaaaaaaaaaaaaaaaaaaaaaaaaaaaaaaaaaaaaaaaaaaaaaaaaaaaaaazzz_240124.az	3KB
2024-01-24    /usr/lib/python3.10/xml/aaaaaaaaazzz_240124/aaaaaaaaaaaaaaaaaaaaaaaaaaaaaaaaaaaaaaaaaaaaaaaaaaaaaaaaaaaaaaaazzz_240124.az	3KB
2024-01-24    /usr/lib/python3.10/xml/aaaaaaaaazzz_240124/aaaaaaaaaaaaaaaaaaaaaaaaaaaaaaaaaaaaaaaaaaaaaaaaaaaaaaaaaaaaaaaaazzz_240124.az	3KB
2024-01-24    /usr/lib/python3.10/xml/aaaaaaaaazzz_240124/aaaaaaaaaaaaaaaaaaaaaaaaaaaaaaaaaaaaaaaaaaaaaaaaaaaaaaaaaaaaaaaaaazzz_240124.az	3KB
2024-01-24    /usr/lib/python3.10/xml/aaaaaaaaazzz_240124/aaaaaaaaaaaaaaaaaaaaaaaaaaaaaaaaaaaaaaaaaaaaaaaaaaaaaaaaaaaaaaaaaaazzz_240124.az	3KB
2024-01-24    /usr/lib/python3.10/xml/aaaaaaaaazzz_240124/aaaaaaaaaaaaaaaaaaaaaaaaaaaaaaaaaaaaaaaaaaaaaaaaaaaaaaaaaaaaaaaaaaaazzz_240124.az	3KB
2024-01-24    /usr/lib/python3.10/xml/aaaaaaaaazzz_240124/aaaaaaaaaaaaaaaaaaaaaaaaaaaaaaaaaaaaaaaaaaaaaaaaaaaaaaaaaaaaaaaaaaaaazzz_240124.az	3KB
2024-01-24 /usr/lib/python3.10/xml/aaaaaaaaaazzz_240124
2024-01-24    /usr/lib/python3.10/xml/aaaaaaaaaazzz_240124/aazzz_240124.az	3KB
2024-01-24    /usr/lib/python3.10/xml/aaaaaaaaaazzz_240124/aaazzz_240124.az	3KB
2024-01-24    /usr/lib/python3.10/xml/aaaaaaaaaazzz_240124/aaaazzz_240124.az	3KB
2024-01-24    /usr/lib/python3.10/xml/aaaaaaaaaazzz_240124/aaaaazzz_240124.az	3KB
2024-01-24    /usr/lib/python3.10/xml/aaaaaaaaaazzz_240124/aaaaaazzz_240124.az	3KB
2024-01-24    /usr/lib/python3.10/xml/aaaaaaaaaazzz_240124/aaaaaaazzz_240124.az	3KB
2024-01-24    /usr/lib/python3.10/xml/aaaaaaaaaazzz_240124/aaaaaaaazzz_240124.az	3KB
2024-01-24    /usr/lib/python3.10/xml/aaaaaaaaaazzz_240124/aaaaaaaaazzz_240124.az	3KB
2024-01-24    /usr/lib/python3.10/xml/aaaaaaaaaazzz_240124/aaaaaaaaaazzz_240124.az	3KB
2024-01-24 /usr/lib/python3.10/xml/aaaaaaaaaaazzz_240124
2024-01-24    /usr/lib/python3.10/xml/aaaaaaaaaaazzz_240124/aazzz_240124.az	3KB
2024-01-24    /usr/lib/python3.10/xml/aaaaaaaaaaazzz_240124/aaazzz_240124.az	3KB
2024-01-24    /usr/lib/python3.10/xml/aaaaaaaaaaazzz_240124/aaaazzz_240124.az	3KB
2024-01-24    /usr/lib/python3.10/xml/aaaaaaaaaaazzz_240124/aaaaazzz_240124.az	3KB
2024-01-24    /usr/lib/python3.10/xml/aaaaaaaaaaazzz_240124/aaaaaazzz_240124.az	3KB
2024-01-24    /usr/lib/python3.10/xml/aaaaaaaaaaazzz_240124/aaaaaaazzz_240124.az	3KB
2024-01-24    /usr/lib/python3.10/xml/aaaaaaaaaaazzz_240124/aaaaaaaazzz_240124.az	3KB
2024-01-24    /usr/lib/python3.10/xml/aaaaaaaaaaazzz_240124/aaaaaaaaazzz_240124.az	3KB
2024-01-24    /usr/lib/python3.10/xml/aaaaaaaaaaazzz_240124/aaaaaaaaaazzz_240124.az	3KB
2024-01-24    /usr/lib/python3.10/xml/aaaaaaaaaaazzz_240124/aaaaaaaaaaazzz_240124.az	3KB
2024-01-24    /usr/lib/python3.10/xml/aaaaaaaaaaazzz_240124/aaaaaaaaaaaazzz_240124.az	3KB
2024-01-24    /usr/lib/python3.10/xml/aaaaaaaaaaazzz_240124/aaaaaaaaaaaaazzz_240124.az	3KB
2024-01-24    /usr/lib/python3.10/xml/aaaaaaaaaaazzz_240124/aaaaaaaaaaaaaazzz_240124.az	3KB
2024-01-24    /usr/lib/python3.10/xml/aaaaaaaaaaazzz_240124/aaaaaaaaaaaaaaazzz_240124.az	3KB
2024-01-24    /usr/lib/python3.10/xml/aaaaaaaaaaazzz_240124/aaaaaaaaaaaaaaaazzz_240124.az	3KB
2024-01-24    /usr/lib/python3.10/xml/aaaaaaaaaaazzz_240124/aaaaaaaaaaaaaaaaazzz_240124.az	3KB
2024-01-24    /usr/lib/python3.10/xml/aaaaaaaaaaazzz_240124/aaaaaaaaaaaaaaaaaazzz_240124.az	3KB
2024-01-24    /usr/lib/python3.10/xml/aaaaaaaaaaazzz_240124/aaaaaaaaaaaaaaaaaaazzz_240124.az	3KB
2024-01-24    /usr/lib/python3.10/xml/aaaaaaaaaaazzz_240124/aaaaaaaaaaaaaaaaaaaazzz_240124.az	3KB
2024-01-24    /usr/lib/python3.10/xml/aaaaaaaaaaazzz_240124/aaaaaaaaaaaaaaaaaaaaazzz_240124.az	3KB
2024-01-24    /usr/lib/python3.10/xml/aaaaaaaaaaazzz_240124/aaaaaaaaaaaaaaaaaaaaaazzz_240124.az	3KB
2024-01-24    /usr/lib/python3.10/xml/aaaaaaaaaaazzz_240124/aaaaaaaaaaaaaaaaaaaaaaazzz_240124.az	3KB
2024-01-24    /usr/lib/python3.10/xml/aaaaaaaaaaazzz_240124/aaaaaaaaaaaaaaaaaaaaaaaazzz_240124.az	3KB
2024-01-24    /usr/lib/python3.10/xml/aaaaaaaaaaazzz_240124/aaaaaaaaaaaaaaaaaaaaaaaaazzz_240124.az	3KB
2024-01-24    /usr/lib/python3.10/xml/aaaaaaaaaaazzz_240124/aaaaaaaaaaaaaaaaaaaaaaaaaazzz_240124.az	3KB
2024-01-24    /usr/lib/python3.10/xml/aaaaaaaaaaazzz_240124/aaaaaaaaaaaaaaaaaaaaaaaaaaazzz_240124.az	3KB
2024-01-24    /usr/lib/python3.10/xml/aaaaaaaaaaazzz_240124/aaaaaaaaaaaaaaaaaaaaaaaaaaaazzz_240124.az	3KB
2024-01-24    /usr/lib/python3.10/xml/aaaaaaaaaaazzz_240124/aaaaaaaaaaaaaaaaaaaaaaaaaaaaazzz_240124.az	3KB
2024-01-24    /usr/lib/python3.10/xml/aaaaaaaaaaazzz_240124/aaaaaaaaaaaaaaaaaaaaaaaaaaaaaazzz_240124.az	3KB
2024-01-24    /usr/lib/python3.10/xml/aaaaaaaaaaazzz_240124/aaaaaaaaaaaaaaaaaaaaaaaaaaaaaaazzz_240124.az	3KB
2024-01-24    /usr/lib/python3.10/xml/aaaaaaaaaaazzz_240124/aaaaaaaaaaaaaaaaaaaaaaaaaaaaaaaazzz_240124.az	3KB
2024-01-24    /usr/lib/python3.10/xml/aaaaaaaaaaazzz_240124/aaaaaaaaaaaaaaaaaaaaaaaaaaaaaaaaazzz_240124.az	3KB
2024-01-24    /usr/lib/python3.10/xml/aaaaaaaaaaazzz_240124/aaaaaaaaaaaaaaaaaaaaaaaaaaaaaaaaaazzz_240124.az	3KB
2024-01-24    /usr/lib/python3.10/xml/aaaaaaaaaaazzz_240124/aaaaaaaaaaaaaaaaaaaaaaaaaaaaaaaaaaazzz_240124.az	3KB
2024-01-24    /usr/lib/python3.10/xml/aaaaaaaaaaazzz_240124/aaaaaaaaaaaaaaaaaaaaaaaaaaaaaaaaaaaazzz_240124.az	3KB
2024-01-24    /usr/lib/python3.10/xml/aaaaaaaaaaazzz_240124/aaaaaaaaaaaaaaaaaaaaaaaaaaaaaaaaaaaaazzz_240124.az	3KB
2024-01-24    /usr/lib/python3.10/xml/aaaaaaaaaaazzz_240124/aaaaaaaaaaaaaaaaaaaaaaaaaaaaaaaaaaaaaazzz_240124.az	3KB
2024-01-24    /usr/lib/python3.10/xml/aaaaaaaaaaazzz_240124/aaaaaaaaaaaaaaaaaaaaaaaaaaaaaaaaaaaaaaazzz_240124.az	3KB
2024-01-24    /usr/lib/python3.10/xml/aaaaaaaaaaazzz_240124/aaaaaaaaaaaaaaaaaaaaaaaaaaaaaaaaaaaaaaaazzz_240124.az	3KB
2024-01-24    /usr/lib/python3.10/xml/aaaaaaaaaaazzz_240124/aaaaaaaaaaaaaaaaaaaaaaaaaaaaaaaaaaaaaaaaazzz_240124.az	3KB
2024-01-24    /usr/lib/python3.10/xml/aaaaaaaaaaazzz_240124/aaaaaaaaaaaaaaaaaaaaaaaaaaaaaaaaaaaaaaaaaazzz_240124.az	3KB
2024-01-24    /usr/lib/python3.10/xml/aaaaaaaaaaazzz_240124/aaaaaaaaaaaaaaaaaaaaaaaaaaaaaaaaaaaaaaaaaaazzz_240124.az	3KB
2024-01-24    /usr/lib/python3.10/xml/aaaaaaaaaaazzz_240124/aaaaaaaaaaaaaaaaaaaaaaaaaaaaaaaaaaaaaaaaaaaazzz_240124.az	3KB
2024-01-24    /usr/lib/python3.10/xml/aaaaaaaaaaazzz_240124/aaaaaaaaaaaaaaaaaaaaaaaaaaaaaaaaaaaaaaaaaaaaazzz_240124.az	3KB
2024-01-24    /usr/lib/python3.10/xml/aaaaaaaaaaazzz_240124/aaaaaaaaaaaaaaaaaaaaaaaaaaaaaaaaaaaaaaaaaaaaaazzz_240124.az	3KB
2024-01-24    /usr/lib/python3.10/xml/aaaaaaaaaaazzz_240124/aaaaaaaaaaaaaaaaaaaaaaaaaaaaaaaaaaaaaaaaaaaaaaazzz_240124.az	3KB
2024-01-24    /usr/lib/python3.10/xml/aaaaaaaaaaazzz_240124/aaaaaaaaaaaaaaaaaaaaaaaaaaaaaaaaaaaaaaaaaaaaaaaazzz_240124.az	3KB
2024-01-24    /usr/lib/python3.10/xml/aaaaaaaaaaazzz_240124/aaaaaaaaaaaaaaaaaaaaaaaaaaaaaaaaaaaaaaaaaaaaaaaaazzz_240124.az	3KB
2024-01-24    /usr/lib/python3.10/xml/aaaaaaaaaaazzz_240124/aaaaaaaaaaaaaaaaaaaaaaaaaaaaaaaaaaaaaaaaaaaaaaaaaazzz_240124.az	3KB
2024-01-24    /usr/lib/python3.10/xml/aaaaaaaaaaazzz_240124/aaaaaaaaaaaaaaaaaaaaaaaaaaaaaaaaaaaaaaaaaaaaaaaaaaazzz_240124.az	3KB
2024-01-24    /usr/lib/python3.10/xml/aaaaaaaaaaazzz_240124/aaaaaaaaaaaaaaaaaaaaaaaaaaaaaaaaaaaaaaaaaaaaaaaaaaaazzz_240124.az	3KB
2024-01-24    /usr/lib/python3.10/xml/aaaaaaaaaaazzz_240124/aaaaaaaaaaaaaaaaaaaaaaaaaaaaaaaaaaaaaaaaaaaaaaaaaaaaazzz_240124.az	3KB
2024-01-24    /usr/lib/python3.10/xml/aaaaaaaaaaazzz_240124/aaaaaaaaaaaaaaaaaaaaaaaaaaaaaaaaaaaaaaaaaaaaaaaaaaaaaazzz_240124.az	3KB
2024-01-24 /usr/lib/python3.10/xml/aaaaaaaaaaaazzz_240124
2024-01-24    /usr/lib/python3.10/xml/aaaaaaaaaaaazzz_240124/aazzz_240124.az	3KB
2024-01-24    /usr/lib/python3.10/xml/aaaaaaaaaaaazzz_240124/aaazzz_240124.az	3KB
2024-01-24    /usr/lib/python3.10/xml/aaaaaaaaaaaazzz_240124/aaaazzz_240124.az	3KB
2024-01-24    /usr/lib/python3.10/xml/aaaaaaaaaaaazzz_240124/aaaaazzz_240124.az	3KB
2024-01-24    /usr/lib/python3.10/xml/aaaaaaaaaaaazzz_240124/aaaaaazzz_240124.az	3KB
2024-01-24    /usr/lib/python3.10/xml/aaaaaaaaaaaazzz_240124/aaaaaaazzz_240124.az	3KB
2024-01-24    /usr/lib/python3.10/xml/aaaaaaaaaaaazzz_240124/aaaaaaaazzz_240124.az	3KB
2024-01-24 /usr/lib/python3.10/xml/aaaaaaaaaaaaazzz_240124
2024-01-24    /usr/lib/python3.10/xml/aaaaaaaaaaaaazzz_240124/aazzz_240124.az	3KB
2024-01-24    /usr/lib/python3.10/xml/aaaaaaaaaaaaazzz_240124/aaazzz_240124.az	3KB
2024-01-24    /usr/lib/python3.10/xml/aaaaaaaaaaaaazzz_240124/aaaazzz_240124.az	3KB
2024-01-24    /usr/lib/python3.10/xml/aaaaaaaaaaaaazzz_240124/aaaaazzz_240124.az	3KB
2024-01-24    /usr/lib/python3.10/xml/aaaaaaaaaaaaazzz_240124/aaaaaazzz_240124.az	3KB
2024-01-24    /usr/lib/python3.10/xml/aaaaaaaaaaaaazzz_240124/aaaaaaazzz_240124.az	3KB
2024-01-24    /usr/lib/python3.10/xml/aaaaaaaaaaaaazzz_240124/aaaaaaaazzz_240124.az	3KB
2024-01-24    /usr/lib/python3.10/xml/aaaaaaaaaaaaazzz_240124/aaaaaaaaazzz_240124.az	3KB
2024-01-24    /usr/lib/python3.10/xml/aaaaaaaaaaaaazzz_240124/aaaaaaaaaazzz_240124.az	3KB
2024-01-24    /usr/lib/python3.10/xml/aaaaaaaaaaaaazzz_240124/aaaaaaaaaaazzz_240124.az	3KB
2024-01-24    /usr/lib/python3.10/xml/aaaaaaaaaaaaazzz_240124/aaaaaaaaaaaazzz_240124.az	3KB
2024-01-24    /usr/lib/python3.10/xml/aaaaaaaaaaaaazzz_240124/aaaaaaaaaaaaazzz_240124.az	3KB
2024-01-24    /usr/lib/python3.10/xml/aaaaaaaaaaaaazzz_240124/aaaaaaaaaaaaaazzz_240124.az	3KB
2024-01-24    /usr/lib/python3.10/xml/aaaaaaaaaaaaazzz_240124/aaaaaaaaaaaaaaazzz_240124.az	3KB
2024-01-24    /usr/lib/python3.10/xml/aaaaaaaaaaaaazzz_240124/aaaaaaaaaaaaaaaazzz_240124.az	3KB
2024-01-24    /usr/lib/python3.10/xml/aaaaaaaaaaaaazzz_240124/aaaaaaaaaaaaaaaaazzz_240124.az	3KB
2024-01-24    /usr/lib/python3.10/xml/aaaaaaaaaaaaazzz_240124/aaaaaaaaaaaaaaaaaazzz_240124.az	3KB
2024-01-24    /usr/lib/python3.10/xml/aaaaaaaaaaaaazzz_240124/aaaaaaaaaaaaaaaaaaazzz_240124.az	3KB
2024-01-24    /usr/lib/python3.10/xml/aaaaaaaaaaaaazzz_240124/aaaaaaaaaaaaaaaaaaaazzz_240124.az	3KB
2024-01-24    /usr/lib/python3.10/xml/aaaaaaaaaaaaazzz_240124/aaaaaaaaaaaaaaaaaaaaazzz_240124.az	3KB
2024-01-24    /usr/lib/python3.10/xml/aaaaaaaaaaaaazzz_240124/aaaaaaaaaaaaaaaaaaaaaazzz_240124.az	3KB
2024-01-24    /usr/lib/python3.10/xml/aaaaaaaaaaaaazzz_240124/aaaaaaaaaaaaaaaaaaaaaaazzz_240124.az	3KB
2024-01-24    /usr/lib/python3.10/xml/aaaaaaaaaaaaazzz_240124/aaaaaaaaaaaaaaaaaaaaaaaazzz_240124.az	3KB
2024-01-24    /usr/lib/python3.10/xml/aaaaaaaaaaaaazzz_240124/aaaaaaaaaaaaaaaaaaaaaaaaazzz_240124.az	3KB
2024-01-24    /usr/lib/python3.10/xml/aaaaaaaaaaaaazzz_240124/aaaaaaaaaaaaaaaaaaaaaaaaaazzz_240124.az	3KB
2024-01-24    /usr/lib/python3.10/xml/aaaaaaaaaaaaazzz_240124/aaaaaaaaaaaaaaaaaaaaaaaaaaazzz_240124.az	3KB
2024-01-24    /usr/lib/python3.10/xml/aaaaaaaaaaaaazzz_240124/aaaaaaaaaaaaaaaaaaaaaaaaaaaazzz_240124.az	3KB
2024-01-24    /usr/lib/python3.10/xml/aaaaaaaaaaaaazzz_240124/aaaaaaaaaaaaaaaaaaaaaaaaaaaaazzz_240124.az	3KB
2024-01-24    /usr/lib/python3.10/xml/aaaaaaaaaaaaazzz_240124/aaaaaaaaaaaaaaaaaaaaaaaaaaaaaazzz_240124.az	3KB
2024-01-24    /usr/lib/python3.10/xml/aaaaaaaaaaaaazzz_240124/aaaaaaaaaaaaaaaaaaaaaaaaaaaaaaazzz_240124.az	3KB
2024-01-24    /usr/lib/python3.10/xml/aaaaaaaaaaaaazzz_240124/aaaaaaaaaaaaaaaaaaaaaaaaaaaaaaaazzz_240124.az	3KB
2024-01-24    /usr/lib/python3.10/xml/aaaaaaaaaaaaazzz_240124/aaaaaaaaaaaaaaaaaaaaaaaaaaaaaaaaazzz_240124.az	3KB
2024-01-24    /usr/lib/python3.10/xml/aaaaaaaaaaaaazzz_240124/aaaaaaaaaaaaaaaaaaaaaaaaaaaaaaaaaazzz_240124.az	3KB
2024-01-24    /usr/lib/python3.10/xml/aaaaaaaaaaaaazzz_240124/aaaaaaaaaaaaaaaaaaaaaaaaaaaaaaaaaaazzz_240124.az	3KB
2024-01-24    /usr/lib/python3.10/xml/aaaaaaaaaaaaazzz_240124/aaaaaaaaaaaaaaaaaaaaaaaaaaaaaaaaaaaazzz_240124.az	3KB
2024-01-24    /usr/lib/python3.10/xml/aaaaaaaaaaaaazzz_240124/aaaaaaaaaaaaaaaaaaaaaaaaaaaaaaaaaaaaazzz_240124.az	3KB
2024-01-24    /usr/lib/python3.10/xml/aaaaaaaaaaaaazzz_240124/aaaaaaaaaaaaaaaaaaaaaaaaaaaaaaaaaaaaaazzz_240124.az	3KB
2024-01-24    /usr/lib/python3.10/xml/aaaaaaaaaaaaazzz_240124/aaaaaaaaaaaaaaaaaaaaaaaaaaaaaaaaaaaaaaazzz_240124.az	3KB
2024-01-24    /usr/lib/python3.10/xml/aaaaaaaaaaaaazzz_240124/aaaaaaaaaaaaaaaaaaaaaaaaaaaaaaaaaaaaaaaazzz_240124.az	3KB
2024-01-24    /usr/lib/python3.10/xml/aaaaaaaaaaaaazzz_240124/aaaaaaaaaaaaaaaaaaaaaaaaaaaaaaaaaaaaaaaaazzz_240124.az	3KB
2024-01-24    /usr/lib/python3.10/xml/aaaaaaaaaaaaazzz_240124/aaaaaaaaaaaaaaaaaaaaaaaaaaaaaaaaaaaaaaaaaazzz_240124.az	3KB
2024-01-24    /usr/lib/python3.10/xml/aaaaaaaaaaaaazzz_240124/aaaaaaaaaaaaaaaaaaaaaaaaaaaaaaaaaaaaaaaaaaazzz_240124.az	3KB
2024-01-24    /usr/lib/python3.10/xml/aaaaaaaaaaaaazzz_240124/aaaaaaaaaaaaaaaaaaaaaaaaaaaaaaaaaaaaaaaaaaaazzz_240124.az	3KB
2024-01-24    /usr/lib/python3.10/xml/aaaaaaaaaaaaazzz_240124/aaaaaaaaaaaaaaaaaaaaaaaaaaaaaaaaaaaaaaaaaaaaazzz_240124.az	3KB
2024-01-24    /usr/lib/python3.10/xml/aaaaaaaaaaaaazzz_240124/aaaaaaaaaaaaaaaaaaaaaaaaaaaaaaaaaaaaaaaaaaaaaazzz_240124.az	3KB
2024-01-24    /usr/lib/python3.10/xml/aaaaaaaaaaaaazzz_240124/aaaaaaaaaaaaaaaaaaaaaaaaaaaaaaaaaaaaaaaaaaaaaaazzz_240124.az	3KB
2024-01-24    /usr/lib/python3.10/xml/aaaaaaaaaaaaazzz_240124/aaaaaaaaaaaaaaaaaaaaaaaaaaaaaaaaaaaaaaaaaaaaaaaazzz_240124.az	3KB
2024-01-24    /usr/lib/python3.10/xml/aaaaaaaaaaaaazzz_240124/aazzz_240124.az	3KB
2024-01-24    /usr/lib/python3.10/xml/aaaaaaaaaaaaazzz_240124/aazzzz_240124.az	3KB
2024-01-24    /usr/lib/python3.10/xml/aaaaaaaaaaaaazzz_240124/aazzzzz_240124.az	3KB
2024-01-24    /usr/lib/python3.10/xml/aaaaaaaaaaaaazzz_240124/aazzzzzz_240124.az	3KB
2024-01-24    /usr/lib/python3.10/xml/aaaaaaaaaaaaazzz_240124/aazzzzzzz_240124.az	3KB
2024-01-24    /usr/lib/python3.10/xml/aaaaaaaaaaaaazzz_240124/aazzzzzzzz_240124.az	3KB
2024-01-24    /usr/lib/python3.10/xml/aaaaaaaaaaaaazzz_240124/aazzzzzzzzz_240124.az	3KB
2024-01-24    /usr/lib/python3.10/xml/aaaaaaaaaaaaazzz_240124/aazzzzzzzzzz_240124.az	3KB
2024-01-24    /usr/lib/python3.10/xml/aaaaaaaaaaaaazzz_240124/aazzzzzzzzzzz_240124.az	3KB
2024-01-24    /usr/lib/python3.10/xml/aaaaaaaaaaaaazzz_240124/aazzzzzzzzzzzz_240124.az	3KB
2024-01-24    /usr/lib/python3.10/xml/aaaaaaaaaaaaazzz_240124/aazzzzzzzzzzzzz_240124.az	3KB
2024-01-24    /usr/lib/python3.10/xml/aaaaaaaaaaaaazzz_240124/aazzzzzzzzzzzzzz_240124.az	3KB
2024-01-24    /usr/lib/python3.10/xml/aaaaaaaaaaaaazzz_240124/aazzzzzzzzzzzzzzz_240124.az	3KB
2024-01-24    /usr/lib/python3.10/xml/aaaaaaaaaaaaazzz_240124/aazzzzzzzzzzzzzzzz_240124.az	3KB
2024-01-24    /usr/lib/python3.10/xml/aaaaaaaaaaaaazzz_240124/aazzzzzzzzzzzzzzzzz_240124.az	3KB
2024-01-24    /usr/lib/python3.10/xml/aaaaaaaaaaaaazzz_240124/aazzzzzzzzzzzzzzzzzz_240124.az	3KB
2024-01-24    /usr/lib/python3.10/xml/aaaaaaaaaaaaazzz_240124/aazzzzzzzzzzzzzzzzzzz_240124.az	3KB
2024-01-24    /usr/lib/python3.10/xml/aaaaaaaaaaaaazzz_240124/aazzzzzzzzzzzzzzzzzzzz_240124.az	3KB
2024-01-24    /usr/lib/python3.10/xml/aaaaaaaaaaaaazzz_240124/aazzzzzzzzzzzzzzzzzzzzz_240124.az	3KB
2024-01-24    /usr/lib/python3.10/xml/aaaaaaaaaaaaazzz_240124/aazzzzzzzzzzzzzzzzzzzzzz_240124.az	3KB
2024-01-24    /usr/lib/python3.10/xml/aaaaaaaaaaaaazzz_240124/aazzzzzzzzzzzzzzzzzzzzzzz_240124.az	3KB
2024-01-24    /usr/lib/python3.10/xml/aaaaaaaaaaaaazzz_240124/aazzzzzzzzzzzzzzzzzzzzzzzz_240124.az	3KB
2024-01-24    /usr/lib/python3.10/xml/aaaaaaaaaaaaazzz_240124/aazzzzzzzzzzzzzzzzzzzzzzzzz_240124.az	3KB
2024-01-24    /usr/lib/python3.10/xml/aaaaaaaaaaaaazzz_240124/aazzzzzzzzzzzzzzzzzzzzzzzzzz_240124.az	3KB
2024-01-24    /usr/lib/python3.10/xml/aaaaaaaaaaaaazzz_240124/aazzzzzzzzzzzzzzzzzzzzzzzzzzz_240124.az	3KB
2024-01-24    /usr/lib/python3.10/xml/aaaaaaaaaaaaazzz_240124/aazzzzzzzzzzzzzzzzzzzzzzzzzzzz_240124.az	3KB
2024-01-24    /usr/lib/python3.10/xml/aaaaaaaaaaaaazzz_240124/aazzzzzzzzzzzzzzzzzzzzzzzzzzzzz_240124.az	3KB
2024-01-24    /usr/lib/python3.10/xml/aaaaaaaaaaaaazzz_240124/aazzzzzzzzzzzzzzzzzzzzzzzzzzzzzz_240124.az	3KB
2024-01-24    /usr/lib/python3.10/xml/aaaaaaaaaaaaazzz_240124/aazzzzzzzzzzzzzzzzzzzzzzzzzzzzzzz_240124.az	3KB
2024-01-24    /usr/lib/python3.10/xml/aaaaaaaaaaaaazzz_240124/aazzzzzzzzzzzzzzzzzzzzzzzzzzzzzzzz_240124.az	3KB
2024-01-24    /usr/lib/python3.10/xml/aaaaaaaaaaaaazzz_240124/aazzzzzzzzzzzzzzzzzzzzzzzzzzzzzzzzz_240124.az	3KB
2024-01-24    /usr/lib/python3.10/xml/aaaaaaaaaaaaazzz_240124/aazzzzzzzzzzzzzzzzzzzzzzzzzzzzzzzzzz_240124.az	3KB
2024-01-24    /usr/lib/python3.10/xml/aaaaaaaaaaaaazzz_240124/aazzzzzzzzzzzzzzzzzzzzzzzzzzzzzzzzzzz_240124.az	3KB
2024-01-24    /usr/lib/python3.10/xml/aaaaaaaaaaaaazzz_240124/aazzzzzzzzzzzzzzzzzzzzzzzzzzzzzzzzzzzz_240124.az	3KB
2024-01-24    /usr/lib/python3.10/xml/aaaaaaaaaaaaazzz_240124/aazzzzzzzzzzzzzzzzzzzzzzzzzzzzzzzzzzzzz_240124.az	3KB
2024-01-24    /usr/lib/python3.10/xml/aaaaaaaaaaaaazzz_240124/aazzzzzzzzzzzzzzzzzzzzzzzzzzzzzzzzzzzzzz_240124.az	3KB
2024-01-24    /usr/lib/python3.10/xml/aaaaaaaaaaaaazzz_240124/aazzzzzzzzzzzzzzzzzzzzzzzzzzzzzzzzzzzzzzz_240124.az	3KB
2024-01-24    /usr/lib/python3.10/xml/aaaaaaaaaaaaazzz_240124/aazzzzzzzzzzzzzzzzzzzzzzzzzzzzzzzzzzzzzzzz_240124.az	3KB
2024-01-24    /usr/lib/python3.10/xml/aaaaaaaaaaaaazzz_240124/aazzzzzzzzzzzzzzzzzzzzzzzzzzzzzzzzzzzzzzzzz_240124.az	3KB
2024-01-24    /usr/lib/python3.10/xml/aaaaaaaaaaaaazzz_240124/aazzzzzzzzzzzzzzzzzzzzzzzzzzzzzzzzzzzzzzzzzz_240124.az	3KB
2024-01-24    /usr/lib/python3.10/xml/aaaaaaaaaaaaazzz_240124/aazzzzzzzzzzzzzzzzzzzzzzzzzzzzzzzzzzzzzzzzzzz_240124.az	3KB
2024-01-24    /usr/lib/python3.10/xml/aaaaaaaaaaaaazzz_240124/aazzzzzzzzzzzzzzzzzzzzzzzzzzzzzzzzzzzzzzzzzzzz_240124.az	3KB
2024-01-24    /usr/lib/python3.10/xml/aaaaaaaaaaaaazzz_240124/aazzzzzzzzzzzzzzzzzzzzzzzzzzzzzzzzzzzzzzzzzzzzz_240124.az	3KB
2024-01-24    /usr/lib/python3.10/xml/aaaaaaaaaaaaazzz_240124/aazzzzzzzzzzzzzzzzzzzzzzzzzzzzzzzzzzzzzzzzzzzzzz_240124.az	3KB
2024-01-24    /usr/lib/python3.10/xml/aaaaaaaaaaaaazzz_240124/aazzzzzzzzzzzzzzzzzzzzzzzzzzzzzzzzzzzzzzzzzzzzzzz_240124.az	3KB
2024-01-24    /usr/lib/python3.10/xml/aaaaaaaaaaaaazzz_240124/aazzzzzzzzzzzzzzzzzzzzzzzzzzzzzzzzzzzzzzzzzzzzzzzz_240124.az	3KB
2024-01-24    /usr/lib/python3.10/xml/aaaaaaaaaaaaazzz_240124/aazzzzzzzzzzzzzzzzzzzzzzzzzzzzzzzzzzzzzzzzzzzzzzzzz_240124.az	3KB
2024-01-24    /usr/lib/python3.10/xml/aaaaaaaaaaaaazzz_240124/aazzzzzzzzzzzzzzzzzzzzzzzzzzzzzzzzzzzzzzzzzzzzzzzzzz_240124.az	3KB
2024-01-24    /usr/lib/python3.10/xml/aaaaaaaaaaaaazzz_240124/aazzzzzzzzzzzzzzzzzzzzzzzzzzzzzzzzzzzzzzzzzzzzzzzzzzz_240124.az	3KB
2024-01-24    /usr/lib/python3.10/xml/aaaaaaaaaaaaazzz_240124/aazzzzzzzzzzzzzzzzzzzzzzzzzzzzzzzzzzzzzzzzzzzzzzzzzzzz_240124.az	3KB
2024-01-24    /usr/lib/python3.10/xml/aaaaaaaaaaaaazzz_240124/aazzzzzzzzzzzzzzzzzzzzzzzzzzzzzzzzzzzzzzzzzzzzzzzzzzzzz_240124.az	3KB
2024-01-24    /usr/lib/python3.10/xml/aaaaaaaaaaaaazzz_240124/aazzzzzzzzzzzzzzzzzzzzzzzzzzzzzzzzzzzzzzzzzzzzzzzzzzzzzz_240124.az	3KB
2024-01-24 /usr/lib/python3.10/xml/aaaaaaaaaaaaaazzz_240124
2024-01-24    /usr/lib/python3.10/xml/aaaaaaaaaaaaaazzz_240124/aazzz_240124.az	3KB
2024-01-24    /usr/lib/python3.10/xml/aaaaaaaaaaaaaazzz_240124/aaazzz_240124.az	3KB
2024-01-24    /usr/lib/python3.10/xml/aaaaaaaaaaaaaazzz_240124/aaaazzz_240124.az	3KB
2024-01-24    /usr/lib/python3.10/xml/aaaaaaaaaaaaaazzz_240124/aaaaazzz_240124.az	3KB
2024-01-24    /usr/lib/python3.10/xml/aaaaaaaaaaaaaazzz_240124/aaaaaazzz_240124.az	3KB
2024-01-24    /usr/lib/python3.10/xml/aaaaaaaaaaaaaazzz_240124/aaaaaaazzz_240124.az	3KB
2024-01-24    /usr/lib/python3.10/xml/aaaaaaaaaaaaaazzz_240124/aaaaaaaazzz_240124.az	3KB
2024-01-24    /usr/lib/python3.10/xml/aaaaaaaaaaaaaazzz_240124/aaaaaaaaazzz_240124.az	3KB
2024-01-24    /usr/lib/python3.10/xml/aaaaaaaaaaaaaazzz_240124/aaaaaaaaaazzz_240124.az	3KB
2024-01-24    /usr/lib/python3.10/xml/aaaaaaaaaaaaaazzz_240124/aaaaaaaaaaazzz_240124.az	3KB
2024-01-24    /usr/lib/python3.10/xml/aaaaaaaaaaaaaazzz_240124/aaaaaaaaaaaazzz_240124.az	3KB
2024-01-24    /usr/lib/python3.10/xml/aaaaaaaaaaaaaazzz_240124/aaaaaaaaaaaaazzz_240124.az	3KB
2024-01-24    /usr/lib/python3.10/xml/aaaaaaaaaaaaaazzz_240124/aaaaaaaaaaaaaazzz_240124.az	3KB
2024-01-24    /usr/lib/python3.10/xml/aaaaaaaaaaaaaazzz_240124/aaaaaaaaaaaaaaazzz_240124.az	3KB
2024-01-24    /usr/lib/python3.10/xml/aaaaaaaaaaaaaazzz_240124/aaaaaaaaaaaaaaaazzz_240124.az	3KB
2024-01-24    /usr/lib/python3.10/xml/aaaaaaaaaaaaaazzz_240124/aaaaaaaaaaaaaaaaazzz_240124.az	3KB
2024-01-24    /usr/lib/python3.10/xml/aaaaaaaaaaaaaazzz_240124/aaaaaaaaaaaaaaaaaazzz_240124.az	3KB
2024-01-24    /usr/lib/python3.10/xml/aaaaaaaaaaaaaazzz_240124/aaaaaaaaaaaaaaaaaaazzz_240124.az	3KB
2024-01-24    /usr/lib/python3.10/xml/aaaaaaaaaaaaaazzz_240124/aaaaaaaaaaaaaaaaaaaazzz_240124.az	3KB
2024-01-24    /usr/lib/python3.10/xml/aaaaaaaaaaaaaazzz_240124/aaaaaaaaaaaaaaaaaaaaazzz_240124.az	3KB
2024-01-24    /usr/lib/python3.10/xml/aaaaaaaaaaaaaazzz_240124/aaaaaaaaaaaaaaaaaaaaaazzz_240124.az	3KB
2024-01-24    /usr/lib/python3.10/xml/aaaaaaaaaaaaaazzz_240124/aaaaaaaaaaaaaaaaaaaaaaazzz_240124.az	3KB
2024-01-24    /usr/lib/python3.10/xml/aaaaaaaaaaaaaazzz_240124/aaaaaaaaaaaaaaaaaaaaaaaazzz_240124.az	3KB
2024-01-24    /usr/lib/python3.10/xml/aaaaaaaaaaaaaazzz_240124/aaaaaaaaaaaaaaaaaaaaaaaaazzz_240124.az	3KB
2024-01-24    /usr/lib/python3.10/xml/aaaaaaaaaaaaaazzz_240124/aaaaaaaaaaaaaaaaaaaaaaaaaazzz_240124.az	3KB
2024-01-24    /usr/lib/python3.10/xml/aaaaaaaaaaaaaazzz_240124/aaaaaaaaaaaaaaaaaaaaaaaaaaazzz_240124.az	3KB
2024-01-24    /usr/lib/python3.10/xml/aaaaaaaaaaaaaazzz_240124/aaaaaaaaaaaaaaaaaaaaaaaaaaaazzz_240124.az	3KB
2024-01-24    /usr/lib/python3.10/xml/aaaaaaaaaaaaaazzz_240124/aaaaaaaaaaaaaaaaaaaaaaaaaaaaazzz_240124.az	3KB
2024-01-24    /usr/lib/python3.10/xml/aaaaaaaaaaaaaazzz_240124/aaaaaaaaaaaaaaaaaaaaaaaaaaaaaazzz_240124.az	3KB
2024-01-24    /usr/lib/python3.10/xml/aaaaaaaaaaaaaazzz_240124/aaaaaaaaaaaaaaaaaaaaaaaaaaaaaaazzz_240124.az	3KB
2024-01-24    /usr/lib/python3.10/xml/aaaaaaaaaaaaaazzz_240124/aaaaaaaaaaaaaaaaaaaaaaaaaaaaaaaazzz_240124.az	3KB
2024-01-24    /usr/lib/python3.10/xml/aaaaaaaaaaaaaazzz_240124/aaaaaaaaaaaaaaaaaaaaaaaaaaaaaaaaazzz_240124.az	3KB
2024-01-24    /usr/lib/python3.10/xml/aaaaaaaaaaaaaazzz_240124/aaaaaaaaaaaaaaaaaaaaaaaaaaaaaaaaaazzz_240124.az	3KB
